#
# There is insufficient memory for the Java Runtime Environment to continue.
# Native memory allocation (malloc) failed to allocate 32744 bytes for ChunkPool::allocate
# Possible reasons:
#   The system is out of physical RAM or swap space
#   The process is running with CompressedOops enabled, and the Java Heap may be blocking the growth of the native heap
# Possible solutions:
#   Reduce memory load on the system
#   Increase physical memory or swap space
#   Check if swap backing store is full
#   Decrease Java heap size (-Xmx/-Xms)
#   Decrease number of Java threads
#   Decrease Java thread stack sizes (-Xss)
#   Set larger code cache with -XX:ReservedCodeCacheSize=
#   JVM is running with Unscaled Compressed Oops mode in which the Java heap is
#     placed in the first 4GB address space. The Java Heap base address is the
#     maximum limit for the native heap growth. Please use -XX:HeapBaseMinAddress
#     to set the Java Heap base and to place the Java Heap above 4GB virtual address.
# This output file may be truncated or incomplete.
#
#  Out of Memory Error (allocation.cpp:272), pid=7136, tid=0x0000000000003810
#
# JRE version: Java(TM) SE Runtime Environment (8.0_202-b08) (build 1.8.0_202-b08)
# Java VM: Java HotSpot(TM) 64-Bit Server VM (25.202-b08 mixed mode windows-amd64 compressed oops)
# Failed to write core dump. Minidumps are not enabled by default on client versions of Windows
#

---------------  T H R E A D  ---------------

Current thread (0x0000000016b22800):  JavaThread "C2 CompilerThread0" daemon [_thread_in_native, id=14352, stack(0x0000000018170000,0x0000000018270000)]

Stack: [0x0000000018170000,0x0000000018270000]
[error occurred during error reporting (printing stack bounds), id 0xc0000005]

Native frames: (J=compiled Java code, j=interpreted, Vv=VM code, C=native code)


Current CompileTask:
C2:   1895 1082   !   4       com.sun.tools.javac.file.JavacFileManager::listContainer (94 bytes)


---------------  P R O C E S S  ---------------

Java Threads: ( => current thread )
  0x00000000184b0800 JavaThread "Service Thread" daemon [_thread_blocked, id=17856, stack(0x0000000018870000,0x0000000018970000)]
  0x0000000016b2c000 JavaThread "C1 CompilerThread2" daemon [_thread_blocked, id=24316, stack(0x0000000018370000,0x0000000018470000)]
  0x0000000016b24800 JavaThread "C2 CompilerThread1" daemon [_thread_in_native, id=16952, stack(0x0000000018270000,0x0000000018370000)]
=>0x0000000016b22800 JavaThread "C2 CompilerThread0" daemon [_thread_in_native, id=14352, stack(0x0000000018170000,0x0000000018270000)]
  0x0000000016b21800 JavaThread "Attach Listener" daemon [_thread_blocked, id=12408, stack(0x0000000018070000,0x0000000018170000)]
  0x0000000016b1e800 JavaThread "Signal Dispatcher" daemon [_thread_blocked, id=14496, stack(0x0000000017f70000,0x0000000018070000)]
  0x000000000325c800 JavaThread "Finalizer" daemon [_thread_blocked, id=16532, stack(0x0000000017d70000,0x0000000017e70000)]
  0x0000000003254000 JavaThread "Reference Handler" daemon [_thread_blocked, id=22404, stack(0x0000000017c70000,0x0000000017d70000)]
  0x0000000003162800 JavaThread "main" [_thread_in_native, id=21004, stack(0x0000000003060000,0x0000000003160000)]

Other Threads:
  0x0000000016ae7800 VMThread [stack: 0x0000000017b70000,0x0000000017c70000] [id=21216]
  0x0000000016b41800 WatcherThread [stack: 0x0000000018970000,0x0000000018a70000] [id=24212]

VM state:not at safepoint (normal execution)

VM Mutex/Monitor currently owned by a thread: None

heap address: 0x00000000a1400000, size: 1516 MB, Compressed Oops mode: 32-bit
Narrow klass base: 0x0000000000000000, Narrow klass shift: 3
Compressed class space size: 1073741824 Address: 0x0000000100000000

Heap:
 PSYoungGen      total 29696K, used 9910K [0x00000000e0700000, 0x00000000e2d80000, 0x0000000100000000)
  eden space 26112K, 37% used [0x00000000e0700000,0x00000000e10ad978,0x00000000e2080000)
  from space 3584K, 0% used [0x00000000e2780000,0x00000000e2780000,0x00000000e2b00000)
  to   space 6656K, 0% used [0x00000000e2080000,0x00000000e2080000,0x00000000e2700000)
 ParOldGen       total 21504K, used 13732K [0x00000000a1400000, 0x00000000a2900000, 0x00000000e0700000)
  object space 21504K, 63% used [0x00000000a1400000,0x00000000a2169190,0x00000000a2900000)
 Metaspace       used 7986K, capacity 8756K, committed 8960K, reserved 1056768K
  class space    used 916K, capacity 944K, committed 1024K, reserved 1048576K

Card table byte_map: [0x0000000012620000,0x0000000012920000] byte_map_base: 0x0000000012116000

Marking Bits: (ParMarkBitMap*) 0x0000000067fa5ce0
 Begin Bits: [0x0000000012f20000, 0x00000000146d0000)
 End Bits:   [0x00000000146d0000, 0x0000000015e80000)

Polling page: 0x0000000001630000

CodeCache: size=245760Kb used=4676Kb max_used=4676Kb free=241083Kb
 bounds [0x0000000003260000, 0x0000000003700000, 0x0000000012260000]
 total_blobs=1381 nmethods=1092 adapters=202
 compilation: enabled

Compilation events (10 events):
Event: 1.883 Thread 0x0000000016b2c000 nmethod 1088 0x00000000036eb790 code [0x00000000036eb8e0, 0x00000000036ebab0]
Event: 1.884 Thread 0x0000000016b2c000 1089       3       com.sun.tools.javac.util.Convert::utf2string (26 bytes)
Event: 1.884 Thread 0x0000000016b2c000 nmethod 1089 0x00000000036eb250 code [0x00000000036eb3c0, 0x00000000036eb658]
Event: 1.885 Thread 0x0000000016b2c000 1091       3       java.io.FileDescriptor::<init> (17 bytes)
Event: 1.885 Thread 0x0000000016b2c000 nmethod 1091 0x00000000036eae90 code [0x00000000036eafe0, 0x00000000036eb1b0]
Event: 1.885 Thread 0x0000000016b2c000 1093       3       com.sun.tools.javac.util.Name::toString (16 bytes)
Event: 1.886 Thread 0x0000000016b2c000 nmethod 1093 0x00000000036ea5d0 code [0x00000000036ea780, 0x00000000036eace8]
Event: 1.886 Thread 0x0000000016b2c000 1092  s    3       java.io.FileDescriptor::attach (73 bytes)
Event: 1.888 Thread 0x0000000016b2c000 nmethod 1092 0x00000000036ecb90 code [0x00000000036ecda0, 0x00000000036ed9a8]
Event: 1.888 Thread 0x0000000016b2c000 1095       3       com.sun.tools.javac.jvm.ClassReader::readAttributeValue (582 bytes)

GC Heap History (10 events):
Event: 0.773 GC heap before
{Heap before GC invocations=10 (full 0):
 PSYoungGen      total 12800K, used 11302K [0x00000000e0700000, 0x00000000e1c00000, 0x0000000100000000)
  eden space 11264K, 99% used [0x00000000e0700000,0x00000000e11fbc08,0x00000000e1200000)
  from space 1536K, 3% used [0x00000000e1200000,0x00000000e120dd50,0x00000000e1380000)
  to   space 1536K, 0% used [0x00000000e1a80000,0x00000000e1a80000,0x00000000e1c00000)
 ParOldGen       total 5632K, used 1967K [0x00000000a1400000, 0x00000000a1980000, 0x00000000e0700000)
  object space 5632K, 34% used [0x00000000a1400000,0x00000000a15ebd30,0x00000000a1980000)
 Metaspace       used 6787K, capacity 7796K, committed 8064K, reserved 1056768K
  class space    used 847K, capacity 880K, committed 896K, reserved 1048576K
Event: 0.774 GC heap after
Heap after GC invocations=10 (full 0):
 PSYoungGen      total 19968K, used 67K [0x00000000e0700000, 0x00000000e1c00000, 0x0000000100000000)
  eden space 18432K, 0% used [0x00000000e0700000,0x00000000e0700000,0x00000000e1900000)
  from space 1536K, 4% used [0x00000000e1a80000,0x00000000e1a90e58,0x00000000e1c00000)
  to   space 1536K, 0% used [0x00000000e1900000,0x00000000e1900000,0x00000000e1a80000)
 ParOldGen       total 5632K, used 1967K [0x00000000a1400000, 0x00000000a1980000, 0x00000000e0700000)
  object space 5632K, 34% used [0x00000000a1400000,0x00000000a15ebd30,0x00000000a1980000)
 Metaspace       used 6787K, capacity 7796K, committed 8064K, reserved 1056768K
  class space    used 847K, capacity 880K, committed 896K, reserved 1048576K
}
Event: 1.231 GC heap before
{Heap before GC invocations=11 (full 0):
 PSYoungGen      total 19968K, used 18499K [0x00000000e0700000, 0x00000000e1c00000, 0x0000000100000000)
  eden space 18432K, 100% used [0x00000000e0700000,0x00000000e1900000,0x00000000e1900000)
  from space 1536K, 4% used [0x00000000e1a80000,0x00000000e1a90e58,0x00000000e1c00000)
  to   space 1536K, 0% used [0x00000000e1900000,0x00000000e1900000,0x00000000e1a80000)
 ParOldGen       total 5632K, used 1967K [0x00000000a1400000, 0x00000000a1980000, 0x00000000e0700000)
  object space 5632K, 34% used [0x00000000a1400000,0x00000000a15ebd30,0x00000000a1980000)
 Metaspace       used 7549K, capacity 8372K, committed 8704K, reserved 1056768K
  class space    used 897K, capacity 944K, committed 1024K, reserved 1048576K
Event: 1.242 GC heap after
Heap after GC invocations=11 (full 0):
 PSYoungGen      total 19968K, used 1510K [0x00000000e0700000, 0x00000000e2b00000, 0x0000000100000000)
  eden space 18432K, 0% used [0x00000000e0700000,0x00000000e0700000,0x00000000e1900000)
  from space 1536K, 98% used [0x00000000e1900000,0x00000000e1a79bf8,0x00000000e1a80000)
  to   space 3584K, 0% used [0x00000000e2780000,0x00000000e2780000,0x00000000e2b00000)
 ParOldGen       total 7168K, used 6705K [0x00000000a1400000, 0x00000000a1b00000, 0x00000000e0700000)
  object space 7168K, 93% used [0x00000000a1400000,0x00000000a1a8c570,0x00000000a1b00000)
 Metaspace       used 7549K, capacity 8372K, committed 8704K, reserved 1056768K
  class space    used 897K, capacity 944K, committed 1024K, reserved 1048576K
}
Event: 1.242 GC heap before
{Heap before GC invocations=12 (full 1):
 PSYoungGen      total 19968K, used 1510K [0x00000000e0700000, 0x00000000e2b00000, 0x0000000100000000)
  eden space 18432K, 0% used [0x00000000e0700000,0x00000000e0700000,0x00000000e1900000)
  from space 1536K, 98% used [0x00000000e1900000,0x00000000e1a79bf8,0x00000000e1a80000)
  to   space 3584K, 0% used [0x00000000e2780000,0x00000000e2780000,0x00000000e2b00000)
 ParOldGen       total 7168K, used 6705K [0x00000000a1400000, 0x00000000a1b00000, 0x00000000e0700000)
  object space 7168K, 93% used [0x00000000a1400000,0x00000000a1a8c570,0x00000000a1b00000)
 Metaspace       used 7549K, capacity 8372K, committed 8704K, reserved 1056768K
  class space    used 897K, capacity 944K, committed 1024K, reserved 1048576K
Event: 1.291 GC heap after
Heap after GC invocations=12 (full 1):
 PSYoungGen      total 19968K, used 972K [0x00000000e0700000, 0x00000000e2b00000, 0x0000000100000000)
  eden space 18432K, 0% used [0x00000000e0700000,0x00000000e0700000,0x00000000e1900000)
  from space 1536K, 63% used [0x00000000e1900000,0x00000000e19f3080,0x00000000e1a80000)
  to   space 3584K, 0% used [0x00000000e2780000,0x00000000e2780000,0x00000000e2b00000)
 ParOldGen       total 11264K, used 6708K [0x00000000a1400000, 0x00000000a1f00000, 0x00000000e0700000)
  object space 11264K, 59% used [0x00000000a1400000,0x00000000a1a8d368,0x00000000a1f00000)
 Metaspace       used 7549K, capacity 8372K, committed 8704K, reserved 1056768K
  class space    used 897K, capacity 944K, committed 1024K, reserved 1048576K
}
Event: 1.600 GC heap before
{Heap before GC invocations=13 (full 1):
 PSYoungGen      total 19968K, used 19404K [0x00000000e0700000, 0x00000000e2b00000, 0x0000000100000000)
  eden space 18432K, 100% used [0x00000000e0700000,0x00000000e1900000,0x00000000e1900000)
  from space 1536K, 63% used [0x00000000e1900000,0x00000000e19f3080,0x00000000e1a80000)
  to   space 3584K, 0% used [0x00000000e2780000,0x00000000e2780000,0x00000000e2b00000)
 ParOldGen       total 11264K, used 6708K [0x00000000a1400000, 0x00000000a1f00000, 0x00000000e0700000)
  object space 11264K, 59% used [0x00000000a1400000,0x00000000a1a8d368,0x00000000a1f00000)
 Metaspace       used 7667K, capacity 8436K, committed 8704K, reserved 1056768K
  class space    used 902K, capacity 944K, committed 1024K, reserved 1048576K
Event: 1.615 GC heap after
Heap after GC invocations=13 (full 1):
 PSYoungGen      total 29696K, used 3582K [0x00000000e0700000, 0x00000000e2d80000, 0x0000000100000000)
  eden space 26112K, 0% used [0x00000000e0700000,0x00000000e0700000,0x00000000e2080000)
  from space 3584K, 99% used [0x00000000e2780000,0x00000000e2affa80,0x00000000e2b00000)
  to   space 6656K, 0% used [0x00000000e2080000,0x00000000e2080000,0x00000000e2700000)
 ParOldGen       total 14336K, used 13038K [0x00000000a1400000, 0x00000000a2200000, 0x00000000e0700000)
  object space 14336K, 90% used [0x00000000a1400000,0x00000000a20bbb50,0x00000000a2200000)
 Metaspace       used 7667K, capacity 8436K, committed 8704K, reserved 1056768K
  class space    used 902K, capacity 944K, committed 1024K, reserved 1048576K
}
Event: 1.615 GC heap before
{Heap before GC invocations=14 (full 2):
 PSYoungGen      total 29696K, used 3582K [0x00000000e0700000, 0x00000000e2d80000, 0x0000000100000000)
  eden space 26112K, 0% used [0x00000000e0700000,0x00000000e0700000,0x00000000e2080000)
  from space 3584K, 99% used [0x00000000e2780000,0x00000000e2affa80,0x00000000e2b00000)
  to   space 6656K, 0% used [0x00000000e2080000,0x00000000e2080000,0x00000000e2700000)
 ParOldGen       total 14336K, used 13038K [0x00000000a1400000, 0x00000000a2200000, 0x00000000e0700000)
  object space 14336K, 90% used [0x00000000a1400000,0x00000000a20bbb50,0x00000000a2200000)
 Metaspace       used 7667K, capacity 8436K, committed 8704K, reserved 1056768K
  class space    used 902K, capacity 944K, committed 1024K, reserved 1048576K
Event: 1.663 GC heap after
Heap after GC invocations=14 (full 2):
 PSYoungGen      total 29696K, used 0K [0x00000000e0700000, 0x00000000e2d80000, 0x0000000100000000)
  eden space 26112K, 0% used [0x00000000e0700000,0x00000000e0700000,0x00000000e2080000)
  from space 3584K, 0% used [0x00000000e2780000,0x00000000e2780000,0x00000000e2b00000)
  to   space 6656K, 0% used [0x00000000e2080000,0x00000000e2080000,0x00000000e2700000)
 ParOldGen       total 21504K, used 13732K [0x00000000a1400000, 0x00000000a2900000, 0x00000000e0700000)
  object space 21504K, 63% used [0x00000000a1400000,0x00000000a2169190,0x00000000a2900000)
 Metaspace       used 7667K, capacity 8436K, committed 8704K, reserved 1056768K
  class space    used 902K, capacity 944K, committed 1024K, reserved 1048576K
}

Deoptimization events (10 events):
Event: 0.926 Thread 0x0000000003162800 Uncommon trap: reason=class_check action=maybe_recompile pc=0x000000000341b5a0 method=sun.misc.URLClassPath.getLoader(I)Lsun/misc/URLClassPath$Loader; @ 94
Event: 1.018 Thread 0x0000000003162800 Uncommon trap: reason=unstable_if action=reinterpret pc=0x0000000003485048 method=com.sun.tools.javac.parser.UnicodeReader.scanChar()V @ 37
Event: 1.019 Thread 0x0000000003162800 Uncommon trap: reason=unstable_if action=reinterpret pc=0x000000000348ef18 method=com.sun.tools.javac.parser.UnicodeReader.scanChar()V @ 37
Event: 1.019 Thread 0x0000000003162800 Uncommon trap: reason=unstable_if action=reinterpret pc=0x000000000348e994 method=com.sun.tools.javac.parser.UnicodeReader.scanChar()V @ 37
Event: 1.043 Thread 0x0000000003162800 Uncommon trap: reason=unstable_if action=reinterpret pc=0x00000000034b21c0 method=com.sun.tools.javac.util.Name$Table.equals([BI[BII)Z @ 22
Event: 1.097 Thread 0x0000000003162800 Uncommon trap: reason=unstable_if action=reinterpret pc=0x00000000034ff76c method=com.sun.tools.javac.util.Name$Table.equals([BI[BII)Z @ 22
Event: 1.133 Thread 0x0000000003162800 Uncommon trap: reason=unstable_if action=reinterpret pc=0x00000000035087b0 method=com.sun.tools.javac.parser.UnicodeReader.scanCommentChar()V @ 10
Event: 1.730 Thread 0x0000000003162800 Uncommon trap: reason=unstable_if action=reinterpret pc=0x0000000003657824 method=com.sun.tools.javac.code.Scope.getIndex(Lcom/sun/tools/javac/util/Name;)I @ 60
Event: 1.768 Thread 0x0000000003162800 Uncommon trap: reason=unstable_if action=reinterpret pc=0x000000000369f67c method=java.lang.CharacterDataLatin1.isJavaIdentifierPart(I)Z @ 11
Event: 1.825 Thread 0x0000000003162800 Uncommon trap: reason=unstable_if action=reinterpret pc=0x00000000036c4360 method=com.sun.tools.javac.util.SharedNameTable.fromUtf([BII)Lcom/sun/tools/javac/util/Name; @ 55

Classes redefined (0 events):
No events

Internal exceptions (10 events):
Event: 0.091 Thread 0x0000000003162800 Exception <a 'java/lang/NoSuchMethodError': Method sun.misc.Unsafe.defineClass(Ljava/lang/String;[BII)Ljava/lang/Class; name or signature does not match> (0x00000000e0707cd8) thrown at [C:\re\workspace\8-2-build-windows-amd64-cygwin\jdk8u202\12323\hotspot
Event: 0.091 Thread 0x0000000003162800 Exception <a 'java/lang/NoSuchMethodError': Method sun.misc.Unsafe.prefetchRead(Ljava/lang/Object;J)V name or signature does not match> (0x00000000e0707fc0) thrown at [C:\re\workspace\8-2-build-windows-amd64-cygwin\jdk8u202\12323\hotspot\src\share\vm\prim
Event: 0.232 Thread 0x0000000003162800 Exception <a 'java/security/PrivilegedActionException'> (0x00000000e08650e0) thrown at [C:\re\workspace\8-2-build-windows-amd64-cygwin\jdk8u202\12323\hotspot\src\share\vm\prims\jvm.cpp, line 1502]
Event: 0.232 Thread 0x0000000003162800 Exception <a 'java/security/PrivilegedActionException'> (0x00000000e08654d8) thrown at [C:\re\workspace\8-2-build-windows-amd64-cygwin\jdk8u202\12323\hotspot\src\share\vm\prims\jvm.cpp, line 1502]
Event: 0.233 Thread 0x0000000003162800 Exception <a 'java/security/PrivilegedActionException'> (0x00000000e08695d0) thrown at [C:\re\workspace\8-2-build-windows-amd64-cygwin\jdk8u202\12323\hotspot\src\share\vm\prims\jvm.cpp, line 1502]
Event: 0.233 Thread 0x0000000003162800 Exception <a 'java/security/PrivilegedActionException'> (0x00000000e08699c8) thrown at [C:\re\workspace\8-2-build-windows-amd64-cygwin\jdk8u202\12323\hotspot\src\share\vm\prims\jvm.cpp, line 1502]
Event: 0.241 Thread 0x0000000003162800 Exception <a 'java/security/PrivilegedActionException'> (0x00000000e07131f0) thrown at [C:\re\workspace\8-2-build-windows-amd64-cygwin\jdk8u202\12323\hotspot\src\share\vm\prims\jvm.cpp, line 1502]
Event: 0.241 Thread 0x0000000003162800 Exception <a 'java/security/PrivilegedActionException'> (0x00000000e07135e8) thrown at [C:\re\workspace\8-2-build-windows-amd64-cygwin\jdk8u202\12323\hotspot\src\share\vm\prims\jvm.cpp, line 1502]
Event: 1.307 Thread 0x0000000003162800 Exception <a 'java/io/FileNotFoundException'> (0x00000000e083c188) thrown at [C:\re\workspace\8-2-build-windows-amd64-cygwin\jdk8u202\12323\hotspot\src\share\vm\prims\jni.cpp, line 710]
Event: 1.321 Thread 0x0000000003162800 Exception <a 'java/io/FileNotFoundException'> (0x00000000e08708a0) thrown at [C:\re\workspace\8-2-build-windows-amd64-cygwin\jdk8u202\12323\hotspot\src\share\vm\prims\jni.cpp, line 710]

Events (10 events):
Event: 1.833 Executing VM operation: ForceSafepoint
Event: 1.833 Executing VM operation: ForceSafepoint done
Event: 1.837 loading class com/sun/tools/javac/tree/TreeMaker$1
Event: 1.837 loading class com/sun/tools/javac/tree/TreeMaker$1 done
Event: 1.851 loading class com/sun/tools/javac/code/Types$27
Event: 1.851 loading class com/sun/tools/javac/code/Types$27 done
Event: 1.888 loading class com/sun/tools/javac/code/Symbol$VarSymbol$2
Event: 1.888 loading class com/sun/tools/javac/code/Symbol$VarSymbol$2 done
Event: 1.888 loading class java/util/concurrent/Callable
Event: 1.889 loading class java/util/concurrent/Callable done


Dynamic libraries:
0x00007ff68aeb0000 - 0x00007ff68aeb7000 	C:\Program Files\Java\jdk1.8.0_202\bin\javac.exe
0x00007ffbda4d0000 - 0x00007ffbda6e4000 	C:\WINDOWS\SYSTEM32\ntdll.dll
0x00007ffbd9130000 - 0x00007ffbd91f2000 	C:\WINDOWS\System32\KERNEL32.DLL
0x00007ffbd7ab0000 - 0x00007ffbd7e53000 	C:\WINDOWS\System32\KERNELBASE.dll
0x00007ffb9e800000 - 0x00007ffb9e82f000 	C:\Program Files\Java\jdk1.8.0_202\bin\jli.dll
0x0000000068110000 - 0x00000000681e2000 	C:\Program Files\Java\jdk1.8.0_202\bin\MSVCR100.dll
0x00007ffbd9a80000 - 0x00007ffbd9b2e000 	C:\WINDOWS\System32\ADVAPI32.dll
0x00007ffbd9080000 - 0x00007ffbd9127000 	C:\WINDOWS\System32\msvcrt.dll
0x00007ffbd9ce0000 - 0x00007ffbd9d84000 	C:\WINDOWS\System32\sechost.dll
0x00007ffbda170000 - 0x00007ffbda287000 	C:\WINDOWS\System32\RPCRT4.dll
0x00007ffbd9d90000 - 0x00007ffbd9f3b000 	C:\WINDOWS\System32\USER32.dll
0x00007ffbd7f50000 - 0x00007ffbd7f76000 	C:\WINDOWS\System32\win32u.dll
0x00007ffbd9500000 - 0x00007ffbd9529000 	C:\WINDOWS\System32\GDI32.dll
0x00007ffbd81b0000 - 0x00007ffbd82c8000 	C:\WINDOWS\System32\gdi32full.dll
0x00007ffbd7a10000 - 0x00007ffbd7aaa000 	C:\WINDOWS\System32\msvcp_win.dll
0x00007ffbd78f0000 - 0x00007ffbd7a01000 	C:\WINDOWS\System32\ucrtbase.dll
0x00007ffbc2f60000 - 0x00007ffbc31ee000 	C:\WINDOWS\WinSxS\amd64_microsoft.windows.common-controls_6595b64144ccf1df_6.0.22621.1635_none_270f70857386168e\COMCTL32.dll
0x00007ffbd9440000 - 0x00007ffbd9471000 	C:\WINDOWS\System32\IMM32.DLL
0x0000000068030000 - 0x0000000068102000 	C:\Program Files\Java\jdk1.8.0_202\jre\bin\msvcr100.dll
0x0000000067780000 - 0x0000000068025000 	C:\Program Files\Java\jdk1.8.0_202\jre\bin\server\jvm.dll
0x00007ffbd9270000 - 0x00007ffbd9278000 	C:\WINDOWS\System32\PSAPI.DLL
0x00007ffbb2090000 - 0x00007ffbb2099000 	C:\WINDOWS\SYSTEM32\WSOCK32.dll
0x00007ffbd8380000 - 0x00007ffbd83f1000 	C:\WINDOWS\System32\WS2_32.dll
0x00007ffbcf9e0000 - 0x00007ffbcfa14000 	C:\WINDOWS\SYSTEM32\WINMM.dll
0x00007ffbcf5e0000 - 0x00007ffbcf5ea000 	C:\WINDOWS\SYSTEM32\VERSION.dll
0x00007ffbba070000 - 0x00007ffbba07f000 	C:\Program Files\Java\jdk1.8.0_202\jre\bin\verify.dll
0x00007ffb9e170000 - 0x00007ffb9e199000 	C:\Program Files\Java\jdk1.8.0_202\jre\bin\java.dll
0x00007ffb9e4c0000 - 0x00007ffb9e4d6000 	C:\Program Files\Java\jdk1.8.0_202\jre\bin\zip.dll
0x00007ffbd8400000 - 0x00007ffbd8bfa000 	C:\WINDOWS\System32\SHELL32.dll
0x00007ffbd58a0000 - 0x00007ffbd616e000 	C:\WINDOWS\SYSTEM32\windows.storage.dll
0x00007ffbd9670000 - 0x00007ffbd99f9000 	C:\WINDOWS\System32\combase.dll
0x00007ffbd5760000 - 0x00007ffbd589e000 	C:\WINDOWS\SYSTEM32\wintypes.dll
0x00007ffbd9b30000 - 0x00007ffbd9c21000 	C:\WINDOWS\System32\SHCORE.dll
0x00007ffbd9a00000 - 0x00007ffbd9a5e000 	C:\WINDOWS\System32\shlwapi.dll
0x00007ffbd7820000 - 0x00007ffbd7841000 	C:\WINDOWS\SYSTEM32\profapi.dll

VM Arguments:
jvm_args: -Dapplication.home=C:\Program Files\Java\jdk1.8.0_202 -Xms8m 
java_command: com.sun.tools.javac.Main @C:/Users/dglab/AppData/Local/Temp/org.codehaus.plexus.compiler.javac.JavacCompiler5026240827365053015arguments
java_class_path (initial): C:\Program Files\Java\jdk1.8.0_202/lib/tools.jar;C:\Program Files\Java\jdk1.8.0_202/classes
Launcher Type: SUN_STANDARD

Environment Variables:
PATH=C:\Program Files (x86)\Common Files\Oracle\Java\javapath;C:\Program Files\Rockwell Software\RSCommon;C:\Program Files\Java\jdk-11.0.13\bin;C:\Program Files\Java\jdk-13.0.2\bin;C:\ProgramData\Oracle\Java\javapath;C:\WINDOWS\system32;C:\WINDOWS;C:\WINDOWS\System32\Wbem;C:\WINDOWS\System32\WindowsPowerShell\v1.0\;C:\WINDOWS\System32\OpenSSH\;C:\Program Files\Git\cmd;C:\Program Files\apache-maven-3.6.3\bin;C:\MinGW\bin;C:\Program Files\nodejs\;C:\Program Files\mongosh-1.3.1-win32-x64\bin;C:\Program Files\Docker\Docker\resources\bin;C:\Users\dglab\AppData\Local\Programs\Python\Python311\Scripts\;C:\Users\dglab\AppData\Local\Programs\Python\Python311\;C:\Users\dglab\AppData\Local\Microsoft\WindowsApps;C:\Users\dglab\AppData\Local\GitHubDesktop\bin;C:\Program Files\JetBrains\IntelliJ IDEA Community Edition 2019.3.3\bin;C:\Users\dglab\AppData\Local\Programs\Microsoft VS Code\bin;C:\Users\dglab\AppData\Local\Microsoft\WindowsApps;C:\Users\dglab\AppData\Roaming\npm;C:\Users\dglab\AppData\Local\Programs\MiKTeX\miktex\bin\x64\
USERNAME=dglab
OS=Windows_NT
PROCESSOR_IDENTIFIER=AMD64 Family 23 Model 24 Stepping 1, AuthenticAMD



---------------  S Y S T E M  ---------------

OS: Windows 10.0 , 64 bit Build 22621 (10.0.22621.1635)

CPU:total 4 (initial active 4) (4 cores per cpu, 1 threads per core) family 23 model 24 stepping 1, cmov, cx8, fxsr, mmx, sse, sse2, sse3, ssse3, sse4.1, sse4.2, popcnt, avx, avx2, aes, clmul, mmxext, 3dnowpref, lzcnt, sse4a, tsc, tscinvbit, tscinv, bmi1

Memory: 4k page, physical 6203572k(390672k free), swap 14322992k(5356k free)

vm_info: Java HotSpot(TM) 64-Bit Server VM (25.202-b08) for windows-amd64 JRE (1.8.0_202-b08), built on Dec 15 2018 19:54:30 by "java_re" with MS VC++ 10.0 (VS2010)

time: Mon May 29 19:21:35 2023
timezone: Argentina Standard Time
elapsed time: 1 seconds (0d 0h 0m 1s)

