#
# There is insufficient memory for the Java Runtime Environment to continue.
# Native memory allocation (malloc) failed to allocate 1048576 bytes for AllocateHeap
# Possible reasons:
#   The system is out of physical RAM or swap space
#   The process is running with CompressedOops enabled, and the Java Heap may be blocking the growth of the native heap
# Possible solutions:
#   Reduce memory load on the system
#   Increase physical memory or swap space
#   Check if swap backing store is full
#   Decrease Java heap size (-Xmx/-Xms)
#   Decrease number of Java threads
#   Decrease Java thread stack sizes (-Xss)
#   Set larger code cache with -XX:ReservedCodeCacheSize=
#   JVM is running with Unscaled Compressed Oops mode in which the Java heap is
#     placed in the first 4GB address space. The Java Heap base address is the
#     maximum limit for the native heap growth. Please use -XX:HeapBaseMinAddress
#     to set the Java Heap base and to place the Java Heap above 4GB virtual address.
# This output file may be truncated or incomplete.
#
#  Out of Memory Error (allocation.cpp:44), pid=13112, tid=4836
#
# JRE version: OpenJDK Runtime Environment Temurin-17.0.7+7 (17.0.7+7) (build 17.0.7+7)
# Java VM: OpenJDK 64-Bit Server VM Temurin-17.0.7+7 (17.0.7+7, mixed mode, emulated-client, tiered, compressed oops, compressed class ptrs, g1 gc, windows-amd64)
# No core dump will be written. Minidumps are not enabled by default on client versions of Windows
#

---------------  S U M M A R Y ------------

Command Line: -XX:+HeapDumpOnOutOfMemoryError -Xmx1024m -Dsts.lsp.client=vscode -Dsts.log.file=/dev/null -XX:TieredStopAtLevel=1 -Xlog:jni+resolve=off -Dspring.config.location=file:c:\Users\dglab\.vscode\extensions\vmware.vscode-spring-boot-1.46.0\language-server\BOOT-INF\classes\application.properties org.springframework.ide.vscode.boot.app.BootLanguageServerBootApp

Host: AMD Ryzen 3 3200U with Radeon Vega Mobile Gfx  , 4 cores, 5G,  Windows 11 , 64 bit Build 22621 (10.0.22621.1635)
Time: Mon May 29 19:09:55 2023 Argentina Standard Time elapsed time: 3841.529626 seconds (0d 1h 4m 1s)

---------------  T H R E A D  ---------------

Current thread (0x000001cb391ca160):  VMThread "VM Thread" [stack: 0x0000007216a00000,0x0000007216b00000] [id=4836]

Stack: [0x0000007216a00000,0x0000007216b00000]
Native frames: (J=compiled Java code, j=interpreted, Vv=VM code, C=native code)
V  [jvm.dll+0x67754a]
V  [jvm.dll+0x834304]
V  [jvm.dll+0x835aae]
V  [jvm.dll+0x836113]
V  [jvm.dll+0x24696f]
V  [jvm.dll+0xa681f]
V  [jvm.dll+0x2f73f3]
V  [jvm.dll+0x2f30f0]
V  [jvm.dll+0x2db6c7]
V  [jvm.dll+0x31e777]
V  [jvm.dll+0x83a5bb]
V  [jvm.dll+0x83b2f4]
V  [jvm.dll+0x83b80c]
V  [jvm.dll+0x83bbe4]
V  [jvm.dll+0x83bcb0]
V  [jvm.dll+0x7e4e7a]
V  [jvm.dll+0x676395]
C  [ucrtbase.dll+0x29363]
C  [KERNEL32.DLL+0x126ad]
C  [ntdll.dll+0x5a9f8]

VM_Operation (0x0000007217dfe9b0): G1CollectFull, mode: safepoint, requested by thread 0x000001cb39457910


---------------  P R O C E S S  ---------------

Threads class SMR info:
_java_thread_list=0x000001cb3ea59290, length=33, elements={
0x000001cb391e0380, 0x000001cb391e0e40, 0x000001cb39209a30, 0x000001cb3920e410,
0x000001cb392110e0, 0x000001cb392119a0, 0x000001cb39212310, 0x000001cb39212c10,
0x000001cb39542800, 0x000001cb39544f70, 0x000001cb3e858070, 0x000001cb39457440,
0x000001cb39457910, 0x000001cb3e97a2e0, 0x000001cb2eca00a0, 0x000001cb3e827840,
0x000001cb3ea120c0, 0x000001cb3940b820, 0x000001cb39ef2c00, 0x000001cb39ef1d90,
0x000001cb3ebc08d0, 0x000001cb3ebc2a80, 0x000001cb3ebc1270, 0x000001cb3ebbc570,
0x000001cb3ebc2f50, 0x000001cb3ebc20e0, 0x000001cb3ebbcf10, 0x000001cb3ebbf0c0,
0x000001cb3ebc1c10, 0x000001cb3ebc25b0, 0x000001cb3ebbebf0, 0x000001cb3ebbfa60,
0x000001cb3ebc3420
}

Java Threads: ( => current thread )
  0x000001cb391e0380 JavaThread "Reference Handler" daemon [_thread_blocked, id=19592, stack(0x0000007216b00000,0x0000007216c00000)]
  0x000001cb391e0e40 JavaThread "Finalizer" daemon [_thread_blocked, id=15592, stack(0x0000007216c00000,0x0000007216d00000)]
  0x000001cb39209a30 JavaThread "Signal Dispatcher" daemon [_thread_blocked, id=11220, stack(0x0000007216d00000,0x0000007216e00000)]
  0x000001cb3920e410 JavaThread "Attach Listener" daemon [_thread_blocked, id=13160, stack(0x0000007216e00000,0x0000007216f00000)]
  0x000001cb392110e0 JavaThread "Service Thread" daemon [_thread_blocked, id=15620, stack(0x0000007216f00000,0x0000007217000000)]
  0x000001cb392119a0 JavaThread "Monitor Deflation Thread" daemon [_thread_blocked, id=19432, stack(0x0000007217000000,0x0000007217100000)]
  0x000001cb39212310 JavaThread "C1 CompilerThread0" daemon [_thread_blocked, id=19784, stack(0x0000007217100000,0x0000007217200000)]
  0x000001cb39212c10 JavaThread "Sweeper thread" daemon [_thread_blocked, id=16324, stack(0x0000007217200000,0x0000007217300000)]
  0x000001cb39542800 JavaThread "Notification Thread" daemon [_thread_blocked, id=13000, stack(0x0000007217500000,0x0000007217600000)]
  0x000001cb39544f70 JavaThread "Common-Cleaner" daemon [_thread_blocked, id=14396, stack(0x0000007217700000,0x0000007217800000)]
  0x000001cb3e858070 JavaThread "boundedElastic-evictor-1" daemon [_thread_blocked, id=12404, stack(0x0000007217b00000,0x0000007217c00000)]
  0x000001cb39457440 JavaThread "boundedElastic-evictor-2" daemon [_thread_blocked, id=16444, stack(0x0000007217c00000,0x0000007217d00000)]
  0x000001cb39457910 JavaThread "pool-10-thread-1" [_thread_blocked, id=4296, stack(0x0000007217d00000,0x0000007217e00000)]
  0x000001cb3e97a2e0 JavaThread "LanguageServerApp-lifecycle" [_thread_blocked, id=16924, stack(0x0000007217e00000,0x0000007217f00000)]
  0x000001cb2eca00a0 JavaThread "DestroyJavaVM" [_thread_blocked, id=17516, stack(0x0000007216300000,0x0000007216400000)]
  0x000001cb3e827840 JavaThread "pool-11-thread-1" [_thread_in_native, id=21292, stack(0x0000007217f00000,0x0000007218000000)]
  0x000001cb3ea120c0 JavaThread "Simple-Language-Server main thread" daemon [_thread_blocked, id=12912, stack(0x0000007218000000,0x0000007218100000)]
  0x000001cb3940b820 JavaThread "pool-6-thread-1" [_thread_blocked, id=7740, stack(0x0000007218100000,0x0000007218200000)]
  0x000001cb39ef2c00 JavaThread "pool-7-thread-1" [_thread_blocked, id=17088, stack(0x0000007218200000,0x0000007218300000)]
  0x000001cb39ef1d90 JavaThread "pool-5-thread-1" [_thread_blocked, id=16612, stack(0x0000007218300000,0x0000007218400000)]
  0x000001cb3ebc08d0 JavaThread "RMI Scheduler(0)" daemon [_thread_blocked, id=7960, stack(0x0000007218600000,0x0000007218700000)]
  0x000001cb3ebc2a80 JavaThread "pool-5-thread-2" [_thread_blocked, id=11388, stack(0x0000007218800000,0x0000007218900000)]
  0x000001cb3ebc1270 JavaThread "pool-5-thread-3" [_thread_blocked, id=10460, stack(0x0000007218900000,0x0000007218a00000)]
  0x000001cb3ebbc570 JavaThread "pool-5-thread-4" [_thread_blocked, id=20300, stack(0x0000007217400000,0x0000007217500000)]
  0x000001cb3ebc2f50 JavaThread "pool-5-thread-5" [_thread_blocked, id=17828, stack(0x0000007218a00000,0x0000007218b00000)]
  0x000001cb3ebc20e0 JavaThread "pool-5-thread-6" [_thread_blocked, id=10608, stack(0x0000007218b00000,0x0000007218c00000)]
  0x000001cb3ebbcf10 JavaThread "pool-5-thread-7" [_thread_blocked, id=3044, stack(0x0000007218c00000,0x0000007218d00000)]
  0x000001cb3ebbf0c0 JavaThread "pool-5-thread-8" [_thread_blocked, id=13324, stack(0x0000007216200000,0x0000007216300000)]
  0x000001cb3ebc1c10 JavaThread "pool-7-thread-2" [_thread_blocked, id=17712, stack(0x0000007218700000,0x0000007218800000)]
  0x000001cb3ebc25b0 JavaThread "pool-5-thread-9" [_thread_blocked, id=21372, stack(0x0000007218d00000,0x0000007218e00000)]
  0x000001cb3ebbebf0 JavaThread "pool-5-thread-10" [_thread_blocked, id=21036, stack(0x0000007219000000,0x0000007219100000)]
  0x000001cb3ebbfa60 JavaThread "pool-7-thread-3" [_thread_blocked, id=7244, stack(0x0000007218400000,0x0000007218500000)]
  0x000001cb3ebc3420 JavaThread "pool-7-thread-4" [_thread_blocked, id=22980, stack(0x0000007218500000,0x0000007218600000)]

Other Threads:
=>0x000001cb391ca160 VMThread "VM Thread" [stack: 0x0000007216a00000,0x0000007216b00000] [id=4836]
  0x000001cb39544ce0 WatcherThread [stack: 0x0000007217600000,0x0000007217700000] [id=3096]
  0x000001cb2ecde600 GCTaskThread "GC Thread#0" [stack: 0x0000007216500000,0x0000007216600000] [id=18960]
  0x000001cb39c3f030 GCTaskThread "GC Thread#1" [stack: 0x0000007217800000,0x0000007217900000] [id=23652]
  0x000001cb39d43180 GCTaskThread "GC Thread#2" [stack: 0x0000007217900000,0x0000007217a00000] [id=7480]
  0x000001cb39dab3e0 GCTaskThread "GC Thread#3" [stack: 0x0000007217a00000,0x0000007217b00000] [id=8736]
  0x000001cb2ece7450 ConcurrentGCThread "G1 Main Marker" [stack: 0x0000007216600000,0x0000007216700000] [id=17244]
  0x000001cb2ece7d70 ConcurrentGCThread "G1 Conc#0" [stack: 0x0000007216700000,0x0000007216800000] [id=1696]
  0x000001cb2ed47e40 ConcurrentGCThread "G1 Refine#0" [stack: 0x0000007216800000,0x0000007216900000] [id=21336]
  0x000001cb2ed488d0 ConcurrentGCThread "G1 Service" [stack: 0x0000007216900000,0x0000007216a00000] [id=21508]

Threads with active compile tasks:

VM state: at safepoint (normal execution)

VM Mutex/Monitor currently owned by a thread:  ([mutex/lock_event])
[0x000001cb2cb9e270] Threads_lock - owner thread: 0x000001cb391ca160
[0x000001cb2ec9d910] Heap_lock - owner thread: 0x000001cb39457910

Heap address: 0x00000000c0000000, size: 1024 MB, Compressed Oops mode: 32-bit

CDS archive(s) not mapped
Compressed class space mapped at: 0x0000000100000000-0x0000000140000000, reserved size: 1073741824
Narrow klass base: 0x0000000000000000, Narrow klass shift: 3, Narrow klass range: 0x140000000

GC Precious Log:
 CPUs: 4 total, 4 available
 Memory: 6058M
 Large Page Support: Disabled
 NUMA Support: Disabled
 Compressed Oops: Enabled (32-bit)
 Heap Region Size: 1M
 Heap Min Capacity: 8M
 Heap Initial Capacity: 96M
 Heap Max Capacity: 1G
 Pre-touch: Disabled
 Parallel Workers: 4
 Concurrent Workers: 1
 Concurrent Refinement Workers: 4
 Periodic GC: Disabled

Heap:
 garbage-first heap   total 48128K, used 14756K [0x00000000c0000000, 0x0000000100000000)
  region size 1024K, 1 young (1024K), 0 survivors (0K)
 Metaspace       used 37917K, committed 38464K, reserved 1114112K
  class space    used 5022K, committed 5248K, reserved 1048576K

Heap Regions: E=young(eden), S=young(survivor), O=old, HS=humongous(starts), HC=humongous(continues), CS=collection set, F=free, OA=open archive, CA=closed archive, TAMS=top-at-mark-start (previous, next)
|   0|0x00000000c0000000, 0x00000000c0100000, 0x00000000c0100000|100%| O|  |TAMS 0x00000000c0100000, 0x00000000c0000000| Untracked 
|   1|0x00000000c0100000, 0x00000000c01fffe8, 0x00000000c0200000| 99%| O|  |TAMS 0x00000000c01fffe8, 0x00000000c0100000| Untracked 
|   2|0x00000000c0200000, 0x00000000c0300000, 0x00000000c0300000|100%| O|  |TAMS 0x00000000c0300000, 0x00000000c0200000| Untracked 
|   3|0x00000000c0300000, 0x00000000c0400000, 0x00000000c0400000|100%| O|  |TAMS 0x00000000c0400000, 0x00000000c0300000| Untracked 
|   4|0x00000000c0400000, 0x00000000c04ffff8, 0x00000000c0500000| 99%| O|  |TAMS 0x00000000c04ffff8, 0x00000000c0400000| Untracked 
|   5|0x00000000c0500000, 0x00000000c05fffc8, 0x00000000c0600000| 99%| O|  |TAMS 0x00000000c05fffc8, 0x00000000c0500000| Untracked 
|   6|0x00000000c0600000, 0x00000000c06fffa8, 0x00000000c0700000| 99%| O|  |TAMS 0x00000000c06fffa8, 0x00000000c0600000| Untracked 
|   7|0x00000000c0700000, 0x00000000c07fffe8, 0x00000000c0800000| 99%| O|  |TAMS 0x00000000c07fffe8, 0x00000000c0700000| Untracked 
|   8|0x00000000c0800000, 0x00000000c08fffc0, 0x00000000c0900000| 99%| O|  |TAMS 0x00000000c08fffc0, 0x00000000c0800000| Untracked 
|   9|0x00000000c0900000, 0x00000000c09ffff8, 0x00000000c0a00000| 99%| O|  |TAMS 0x00000000c09ffff8, 0x00000000c0900000| Untracked 
|  10|0x00000000c0a00000, 0x00000000c0b00000, 0x00000000c0b00000|100%| O|  |TAMS 0x00000000c0b00000, 0x00000000c0a00000| Untracked 
|  11|0x00000000c0b00000, 0x00000000c0c00000, 0x00000000c0c00000|100%| O|  |TAMS 0x00000000c0c00000, 0x00000000c0b00000| Untracked 
|  12|0x00000000c0c00000, 0x00000000c0cfffa8, 0x00000000c0d00000| 99%| O|  |TAMS 0x00000000c0cfffa8, 0x00000000c0c00000| Untracked 
|  13|0x00000000c0d00000, 0x00000000c0dfffe8, 0x00000000c0e00000| 99%| O|  |TAMS 0x00000000c0dfffe8, 0x00000000c0d00000| Untracked 
|  14|0x00000000c0e00000, 0x00000000c0e694f0, 0x00000000c0f00000| 41%| O|  |TAMS 0x00000000c0e00000, 0x00000000c0e00000| Untracked 
|  15|0x00000000c0f00000, 0x00000000c0f00088, 0x00000000c1000000|  0%| O|  |TAMS 0x00000000c0f00000, 0x00000000c0f00000| Untracked 
|  16|0x00000000c1000000, 0x00000000c1000000, 0x00000000c1100000|  0%| F|  |TAMS 0x00000000c1000000, 0x00000000c1000000| Untracked 
|  17|0x00000000c1100000, 0x00000000c1100000, 0x00000000c1200000|  0%| F|  |TAMS 0x00000000c1100000, 0x00000000c1100000| Untracked 
|  18|0x00000000c1200000, 0x00000000c1200000, 0x00000000c1300000|  0%| F|  |TAMS 0x00000000c1200000, 0x00000000c1200000| Untracked 
|  19|0x00000000c1300000, 0x00000000c1300000, 0x00000000c1400000|  0%| F|  |TAMS 0x00000000c1300000, 0x00000000c1300000| Untracked 
|  20|0x00000000c1400000, 0x00000000c1400000, 0x00000000c1500000|  0%| F|  |TAMS 0x00000000c1400000, 0x00000000c1400000| Untracked 
|  21|0x00000000c1500000, 0x00000000c1500000, 0x00000000c1600000|  0%| F|  |TAMS 0x00000000c1500000, 0x00000000c1500000| Untracked 
|  22|0x00000000c1600000, 0x00000000c1600000, 0x00000000c1700000|  0%| F|  |TAMS 0x00000000c1600000, 0x00000000c1600000| Untracked 
|  23|0x00000000c1700000, 0x00000000c1700000, 0x00000000c1800000|  0%| F|  |TAMS 0x00000000c1700000, 0x00000000c1700000| Untracked 
|  24|0x00000000c1800000, 0x00000000c1800000, 0x00000000c1900000|  0%| F|  |TAMS 0x00000000c1800000, 0x00000000c1800000| Untracked 
|  25|0x00000000c1900000, 0x00000000c1900000, 0x00000000c1a00000|  0%| F|  |TAMS 0x00000000c1900000, 0x00000000c1900000| Untracked 
|  26|0x00000000c1a00000, 0x00000000c1a00000, 0x00000000c1b00000|  0%| F|  |TAMS 0x00000000c1a00000, 0x00000000c1a00000| Untracked 
|  27|0x00000000c1b00000, 0x00000000c1b00000, 0x00000000c1c00000|  0%| F|  |TAMS 0x00000000c1b00000, 0x00000000c1b00000| Untracked 
|  28|0x00000000c1c00000, 0x00000000c1c00000, 0x00000000c1d00000|  0%| F|  |TAMS 0x00000000c1c00000, 0x00000000c1c00000| Untracked 
|  29|0x00000000c1d00000, 0x00000000c1d00000, 0x00000000c1e00000|  0%| F|  |TAMS 0x00000000c1d00000, 0x00000000c1d00000| Untracked 
|  30|0x00000000c1e00000, 0x00000000c1e00000, 0x00000000c1f00000|  0%| F|  |TAMS 0x00000000c1e00000, 0x00000000c1e00000| Untracked 
|  31|0x00000000c1f00000, 0x00000000c1f00000, 0x00000000c2000000|  0%| F|  |TAMS 0x00000000c1f00000, 0x00000000c1f00000| Untracked 
|  32|0x00000000c2000000, 0x00000000c2000000, 0x00000000c2100000|  0%| F|  |TAMS 0x00000000c2000000, 0x00000000c2000000| Untracked 
|  33|0x00000000c2100000, 0x00000000c2100000, 0x00000000c2200000|  0%| F|  |TAMS 0x00000000c2100000, 0x00000000c2100000| Untracked 
|  34|0x00000000c2200000, 0x00000000c2200000, 0x00000000c2300000|  0%| F|  |TAMS 0x00000000c2200000, 0x00000000c2200000| Untracked 
|  35|0x00000000c2300000, 0x00000000c2300000, 0x00000000c2400000|  0%| F|  |TAMS 0x00000000c2300000, 0x00000000c2300000| Untracked 
|  36|0x00000000c2400000, 0x00000000c2400000, 0x00000000c2500000|  0%| F|  |TAMS 0x00000000c2400000, 0x00000000c2400000| Untracked 
|  37|0x00000000c2500000, 0x00000000c2500000, 0x00000000c2600000|  0%| F|  |TAMS 0x00000000c2500000, 0x00000000c2500000| Untracked 
|  38|0x00000000c2600000, 0x00000000c2600000, 0x00000000c2700000|  0%| F|  |TAMS 0x00000000c2600000, 0x00000000c2600000| Untracked 
|  39|0x00000000c2700000, 0x00000000c2700000, 0x00000000c2800000|  0%| F|  |TAMS 0x00000000c2700000, 0x00000000c2700000| Untracked 
|  40|0x00000000c2800000, 0x00000000c2800000, 0x00000000c2900000|  0%| F|  |TAMS 0x00000000c2800000, 0x00000000c2800000| Untracked 
|  65|0x00000000c4100000, 0x00000000c4100000, 0x00000000c4200000|  0%| F|  |TAMS 0x00000000c4100000, 0x00000000c4100000| Untracked 
|  66|0x00000000c4200000, 0x00000000c4200000, 0x00000000c4300000|  0%| F|  |TAMS 0x00000000c4200000, 0x00000000c4200000| Untracked 
|  67|0x00000000c4300000, 0x00000000c4300000, 0x00000000c4400000|  0%| F|  |TAMS 0x00000000c4300000, 0x00000000c4300000| Untracked 
|  68|0x00000000c4400000, 0x00000000c4400000, 0x00000000c4500000|  0%| F|  |TAMS 0x00000000c4400000, 0x00000000c4400000| Untracked 
|  69|0x00000000c4500000, 0x00000000c4500000, 0x00000000c4600000|  0%| F|  |TAMS 0x00000000c4500000, 0x00000000c4500000| Untracked 
|  95|0x00000000c5f00000, 0x00000000c5f085f0, 0x00000000c6000000|  3%| E|  |TAMS 0x00000000c5f00000, 0x00000000c5f00000| Complete 

Card table byte_map: [0x000001cb34910000,0x000001cb34b10000] _byte_map_base: 0x000001cb34310000

Marking Bits (Prev, Next): (CMBitMap*) 0x000001cb2ecdeb60, (CMBitMap*) 0x000001cb2ecdeb20
 Prev Bits: [0x000001cb35d10000, 0x000001cb36d10000)
 Next Bits: [0x000001cb34d10000, 0x000001cb35d10000)

Polling page: 0x000001cb2cc70000

Metaspace:

Usage:
  Non-class:     32.12 MB used.
      Class:      4.90 MB used.
       Both:     37.03 MB used.

Virtual space:
  Non-class space:       64.00 MB reserved,      32.44 MB ( 51%) committed,  1 nodes.
      Class space:        1.00 GB reserved,       5.12 MB ( <1%) committed,  1 nodes.
             Both:        1.06 GB reserved,      37.56 MB (  3%) committed. 

Chunk freelists:
   Non-Class:  14.76 MB
       Class:  10.74 MB
        Both:  25.51 MB

MaxMetaspaceSize: unlimited
CompressedClassSpaceSize: 1.00 GB
Initial GC threshold: 21.00 MB
Current GC threshold: 62.62 MB
CDS: off
MetaspaceReclaimPolicy: balanced
 - commit_granule_bytes: 65536.
 - commit_granule_words: 8192.
 - virtual_space_node_default_size: 8388608.
 - enlarge_chunks_in_place: 1.
 - new_chunks_are_fully_committed: 0.
 - uncommit_free_chunks: 1.
 - use_allocation_guard: 0.
 - handle_deallocations: 1.


Internal statistics:

num_allocs_failed_limit: 5.
num_arena_births: 902.
num_arena_deaths: 470.
num_vsnodes_births: 2.
num_vsnodes_deaths: 0.
num_space_committed: 601.
num_space_uncommitted: 0.
num_chunks_returned_to_freelist: 629.
num_chunks_taken_from_freelist: 2269.
num_chunk_merges: 242.
num_chunk_splits: 1344.
num_chunks_enlarged: 846.
num_inconsistent_stats: 0.

CodeCache: size=49152Kb used=8754Kb max_used=9388Kb free=40397Kb
 bounds [0x000001cb31910000, 0x000001cb32280000, 0x000001cb34910000]
 total_blobs=5368 nmethods=4817 adapters=478
 compilation: enabled
              stopped_count=0, restarted_count=0
 full_count=0

Compilation events (20 events):
Event: 3097.552 Thread 0x000001cb39212310 4807       1       java.util.stream.Collectors::toList (26 bytes)
Event: 3097.553 Thread 0x000001cb39212310 nmethod 4807 0x000001cb32177510 code [0x000001cb321776c0, 0x000001cb32177828]
Event: 3173.866 Thread 0x000001cb39212310 4808       1       java.util.Spliterators$EmptySpliterator::characteristics (4 bytes)
Event: 3173.867 Thread 0x000001cb39212310 nmethod 4808 0x000001cb32177210 code [0x000001cb321773a0, 0x000001cb32177478]
Event: 3241.079 Thread 0x000001cb39212310 4809       1       java.lang.invoke.LambdaForm$MH/0x00000001004b9000::invoke (78 bytes)
Event: 3241.080 Thread 0x000001cb39212310 nmethod 4809 0x000001cb32176b10 code [0x000001cb32176ce0, 0x000001cb32176f88]
Event: 3246.974 Thread 0x000001cb39212310 4810       1       java.util.concurrent.ConcurrentHashMap$CollectionView::size (8 bytes)
Event: 3246.974 Thread 0x000001cb39212310 nmethod 4810 0x000001cb32176710 code [0x000001cb321768c0, 0x000001cb32176a28]
Event: 3247.960 Thread 0x000001cb39212310 4811       1       org.springframework.ide.vscode.boot.java.livehover.v2.SpringProcessLiveDataProvider::getLatestLiveData (29 bytes)
Event: 3247.960 Thread 0x000001cb39212310 nmethod 4811 0x000001cb32176290 code [0x000001cb32176440, 0x000001cb32176648]
Event: 3413.330 Thread 0x000001cb39212310 4812       1       java.lang.System::getProperty (26 bytes)
Event: 3413.331 Thread 0x000001cb39212310 nmethod 4812 0x000001cb32175c90 code [0x000001cb32175e60, 0x000001cb321760f8]
Event: 3568.464 Thread 0x000001cb39212310 4814       1       java.util.StringTokenizer::setMaxDelimCodePoint (156 bytes)
Event: 3568.465 Thread 0x000001cb39212310 nmethod 4814 0x000001cb32174e10 code [0x000001cb32175000, 0x000001cb32175558]
Event: 3734.210 Thread 0x000001cb39212310 4815       1       java.util.StringTokenizer::<init> (52 bytes)
Event: 3734.210 Thread 0x000001cb39212310 nmethod 4815 0x000001cb32174990 code [0x000001cb32174b40, 0x000001cb32174d08]
Event: 3754.696 Thread 0x000001cb39212310 4816       1       java.lang.Runtime::exec (73 bytes)
Event: 3754.699 Thread 0x000001cb39212310 nmethod 4816 0x000001cb32173e90 code [0x000001cb321740a0, 0x000001cb32174638]
Event: 3754.699 Thread 0x000001cb39212310 4817       1       java.lang.ProcessBuilder::<init> (56 bytes)
Event: 3754.699 Thread 0x000001cb39212310 nmethod 4817 0x000001cb32173990 code [0x000001cb32173b40, 0x000001cb32173d78]

GC Heap History (20 events):
Event: 3734.435 GC heap before
{Heap before GC invocations=212 (full 202):
 garbage-first heap   total 48128K, used 14756K [0x00000000c0000000, 0x0000000100000000)
  region size 1024K, 1 young (1024K), 0 survivors (0K)
 Metaspace       used 37917K, committed 38464K, reserved 1114112K
  class space    used 5022K, committed 5248K, reserved 1048576K
}
Event: 3734.462 GC heap after
{Heap after GC invocations=213 (full 203):
 garbage-first heap   total 48128K, used 14756K [0x00000000c0000000, 0x0000000100000000)
  region size 1024K, 0 young (0K), 0 survivors (0K)
 Metaspace       used 37917K, committed 38464K, reserved 1114112K
  class space    used 5022K, committed 5248K, reserved 1048576K
}
Event: 3744.670 GC heap before
{Heap before GC invocations=213 (full 203):
 garbage-first heap   total 48128K, used 14756K [0x00000000c0000000, 0x0000000100000000)
  region size 1024K, 1 young (1024K), 0 survivors (0K)
 Metaspace       used 37917K, committed 38464K, reserved 1114112K
  class space    used 5022K, committed 5248K, reserved 1048576K
}
Event: 3744.696 GC heap after
{Heap after GC invocations=214 (full 204):
 garbage-first heap   total 48128K, used 14756K [0x00000000c0000000, 0x0000000100000000)
  region size 1024K, 0 young (0K), 0 survivors (0K)
 Metaspace       used 37917K, committed 38464K, reserved 1114112K
  class space    used 5022K, committed 5248K, reserved 1048576K
}
Event: 3754.899 GC heap before
{Heap before GC invocations=214 (full 204):
 garbage-first heap   total 48128K, used 14756K [0x00000000c0000000, 0x0000000100000000)
  region size 1024K, 1 young (1024K), 0 survivors (0K)
 Metaspace       used 37917K, committed 38464K, reserved 1114112K
  class space    used 5022K, committed 5248K, reserved 1048576K
}
Event: 3754.920 GC heap after
{Heap after GC invocations=215 (full 205):
 garbage-first heap   total 48128K, used 14756K [0x00000000c0000000, 0x0000000100000000)
  region size 1024K, 0 young (0K), 0 survivors (0K)
 Metaspace       used 37917K, committed 38464K, reserved 1114112K
  class space    used 5022K, committed 5248K, reserved 1048576K
}
Event: 3765.137 GC heap before
{Heap before GC invocations=215 (full 205):
 garbage-first heap   total 48128K, used 14756K [0x00000000c0000000, 0x0000000100000000)
  region size 1024K, 1 young (1024K), 0 survivors (0K)
 Metaspace       used 37917K, committed 38464K, reserved 1114112K
  class space    used 5022K, committed 5248K, reserved 1048576K
}
Event: 3765.160 GC heap after
{Heap after GC invocations=216 (full 206):
 garbage-first heap   total 48128K, used 14756K [0x00000000c0000000, 0x0000000100000000)
  region size 1024K, 0 young (0K), 0 survivors (0K)
 Metaspace       used 37917K, committed 38464K, reserved 1114112K
  class space    used 5022K, committed 5248K, reserved 1048576K
}
Event: 3775.373 GC heap before
{Heap before GC invocations=216 (full 206):
 garbage-first heap   total 48128K, used 14756K [0x00000000c0000000, 0x0000000100000000)
  region size 1024K, 1 young (1024K), 0 survivors (0K)
 Metaspace       used 37917K, committed 38464K, reserved 1114112K
  class space    used 5022K, committed 5248K, reserved 1048576K
}
Event: 3775.394 GC heap after
{Heap after GC invocations=217 (full 207):
 garbage-first heap   total 48128K, used 14756K [0x00000000c0000000, 0x0000000100000000)
  region size 1024K, 0 young (0K), 0 survivors (0K)
 Metaspace       used 37917K, committed 38464K, reserved 1114112K
  class space    used 5022K, committed 5248K, reserved 1048576K
}
Event: 3785.625 GC heap before
{Heap before GC invocations=217 (full 207):
 garbage-first heap   total 48128K, used 14756K [0x00000000c0000000, 0x0000000100000000)
  region size 1024K, 1 young (1024K), 0 survivors (0K)
 Metaspace       used 37917K, committed 38464K, reserved 1114112K
  class space    used 5022K, committed 5248K, reserved 1048576K
}
Event: 3785.648 GC heap after
{Heap after GC invocations=218 (full 208):
 garbage-first heap   total 48128K, used 14756K [0x00000000c0000000, 0x0000000100000000)
  region size 1024K, 0 young (0K), 0 survivors (0K)
 Metaspace       used 37917K, committed 38464K, reserved 1114112K
  class space    used 5022K, committed 5248K, reserved 1048576K
}
Event: 3795.947 GC heap before
{Heap before GC invocations=218 (full 208):
 garbage-first heap   total 48128K, used 14756K [0x00000000c0000000, 0x0000000100000000)
  region size 1024K, 1 young (1024K), 0 survivors (0K)
 Metaspace       used 37917K, committed 38464K, reserved 1114112K
  class space    used 5022K, committed 5248K, reserved 1048576K
}
Event: 3795.975 GC heap after
{Heap after GC invocations=219 (full 209):
 garbage-first heap   total 48128K, used 14756K [0x00000000c0000000, 0x0000000100000000)
  region size 1024K, 0 young (0K), 0 survivors (0K)
 Metaspace       used 37917K, committed 38464K, reserved 1114112K
  class space    used 5022K, committed 5248K, reserved 1048576K
}
Event: 3807.663 GC heap before
{Heap before GC invocations=219 (full 209):
 garbage-first heap   total 48128K, used 14756K [0x00000000c0000000, 0x0000000100000000)
  region size 1024K, 1 young (1024K), 0 survivors (0K)
 Metaspace       used 37917K, committed 38464K, reserved 1114112K
  class space    used 5022K, committed 5248K, reserved 1048576K
}
Event: 3807.745 GC heap after
{Heap after GC invocations=220 (full 210):
 garbage-first heap   total 48128K, used 14756K [0x00000000c0000000, 0x0000000100000000)
  region size 1024K, 0 young (0K), 0 survivors (0K)
 Metaspace       used 37917K, committed 38464K, reserved 1114112K
  class space    used 5022K, committed 5248K, reserved 1048576K
}
Event: 3819.739 GC heap before
{Heap before GC invocations=220 (full 210):
 garbage-first heap   total 48128K, used 14756K [0x00000000c0000000, 0x0000000100000000)
  region size 1024K, 1 young (1024K), 0 survivors (0K)
 Metaspace       used 37917K, committed 38464K, reserved 1114112K
  class space    used 5022K, committed 5248K, reserved 1048576K
}
Event: 3819.774 GC heap after
{Heap after GC invocations=221 (full 211):
 garbage-first heap   total 48128K, used 14756K [0x00000000c0000000, 0x0000000100000000)
  region size 1024K, 0 young (0K), 0 survivors (0K)
 Metaspace       used 37917K, committed 38464K, reserved 1114112K
  class space    used 5022K, committed 5248K, reserved 1048576K
}
Event: 3830.217 GC heap before
{Heap before GC invocations=221 (full 211):
 garbage-first heap   total 48128K, used 14756K [0x00000000c0000000, 0x0000000100000000)
  region size 1024K, 1 young (1024K), 0 survivors (0K)
 Metaspace       used 37917K, committed 38464K, reserved 1114112K
  class space    used 5022K, committed 5248K, reserved 1048576K
}
Event: 3830.254 GC heap after
{Heap after GC invocations=222 (full 212):
 garbage-first heap   total 48128K, used 14756K [0x00000000c0000000, 0x0000000100000000)
  region size 1024K, 0 young (0K), 0 survivors (0K)
 Metaspace       used 37917K, committed 38464K, reserved 1114112K
  class space    used 5022K, committed 5248K, reserved 1048576K
}

Dll operation events (10 events):
Event: 0.030 Loaded shared library c:\Users\dglab\.vscode\extensions\redhat.java-1.18.0-win32-x64\jre\17.0.7-win32-x86_64\bin\java.dll
Event: 1.593 Loaded shared library C:\Users\dglab\.vscode\extensions\redhat.java-1.18.0-win32-x64\jre\17.0.7-win32-x86_64\bin\net.dll
Event: 1.598 Loaded shared library C:\Users\dglab\.vscode\extensions\redhat.java-1.18.0-win32-x64\jre\17.0.7-win32-x86_64\bin\nio.dll
Event: 1.628 Loaded shared library C:\Users\dglab\.vscode\extensions\redhat.java-1.18.0-win32-x64\jre\17.0.7-win32-x86_64\bin\zip.dll
Event: 2.580 Loaded shared library C:\Users\dglab\.vscode\extensions\redhat.java-1.18.0-win32-x64\jre\17.0.7-win32-x86_64\bin\jimage.dll
Event: 8.464 Loaded shared library C:\Users\dglab\.vscode\extensions\redhat.java-1.18.0-win32-x64\jre\17.0.7-win32-x86_64\bin\management.dll
Event: 8.469 Loaded shared library C:\Users\dglab\.vscode\extensions\redhat.java-1.18.0-win32-x64\jre\17.0.7-win32-x86_64\bin\management_ext.dll
Event: 996.167 Loaded shared library c:\Users\dglab\.vscode\extensions\redhat.java-1.18.0-win32-x64\jre\17.0.7-win32-x86_64\bin\verify.dll
Event: 1571.977 Loaded shared library C:\Users\dglab\.vscode\extensions\redhat.java-1.18.0-win32-x64\jre\17.0.7-win32-x86_64\bin\attach.dll
Event: 1573.554 Loaded shared library C:\Users\dglab\.vscode\extensions\redhat.java-1.18.0-win32-x64\jre\17.0.7-win32-x86_64\bin\rmi.dll

Deoptimization events (8 events):
Event: 5.476 Thread 0x000001cb2eca00a0 DEOPT PACKING pc=0x000001cb31e13119 sp=0x00000072163fd840
Event: 5.476 Thread 0x000001cb2eca00a0 DEOPT UNPACKING pc=0x000001cb31967143 sp=0x00000072163fcd20 mode 3
Event: 8.820 Thread 0x000001cb3ea120c0 DEOPT PACKING pc=0x000001cb32024cb5 sp=0x00000072180fd600
Event: 8.820 Thread 0x000001cb3ea120c0 DEOPT UNPACKING pc=0x000001cb31967143 sp=0x00000072180fcb28 mode 3
Event: 105.505 Thread 0x000001cb3e827840 DEOPT PACKING pc=0x000001cb31e978d4 sp=0x0000007217ffedf0
Event: 105.505 Thread 0x000001cb3e827840 DEOPT UNPACKING pc=0x000001cb31967143 sp=0x0000007217ffe298 mode 0
Event: 1530.819 Thread 0x000001cb3e827840 DEOPT PACKING pc=0x000001cb31e14e81 sp=0x0000007217ffe460
Event: 1530.819 Thread 0x000001cb3e827840 DEOPT UNPACKING pc=0x000001cb31967143 sp=0x0000007217ffd8f0 mode 3

Classes unloaded (20 events):
Event: 2522.217 Thread 0x000001cb391ca160 Unloading class 0x00000001004f3400 'jdk/internal/reflect/GeneratedSerializationConstructorAccessor88'
Event: 2522.217 Thread 0x000001cb391ca160 Unloading class 0x00000001004f3000 'jdk/internal/reflect/GeneratedSerializationConstructorAccessor87'
Event: 2522.217 Thread 0x000001cb391ca160 Unloading class 0x00000001004e8c00 'jdk/internal/reflect/GeneratedSerializationConstructorAccessor86'
Event: 2522.217 Thread 0x000001cb391ca160 Unloading class 0x00000001004e8800 'jdk/internal/reflect/GeneratedSerializationConstructorAccessor85'
Event: 2522.217 Thread 0x000001cb391ca160 Unloading class 0x00000001004e8400 'jdk/internal/reflect/GeneratedSerializationConstructorAccessor84'
Event: 2522.217 Thread 0x000001cb391ca160 Unloading class 0x00000001004e8000 'jdk/internal/reflect/GeneratedSerializationConstructorAccessor83'
Event: 2522.217 Thread 0x000001cb391ca160 Unloading class 0x00000001004e9c00 'jdk/internal/reflect/GeneratedSerializationConstructorAccessor82'
Event: 2522.217 Thread 0x000001cb391ca160 Unloading class 0x00000001004e9800 'jdk/internal/reflect/GeneratedSerializationConstructorAccessor81'
Event: 2522.217 Thread 0x000001cb391ca160 Unloading class 0x00000001004f0400 'jdk/internal/reflect/GeneratedSerializationConstructorAccessor80'
Event: 2522.217 Thread 0x000001cb391ca160 Unloading class 0x00000001004f0000 'jdk/internal/reflect/GeneratedSerializationConstructorAccessor79'
Event: 2522.217 Thread 0x000001cb391ca160 Unloading class 0x00000001004fb400 'jdk/internal/reflect/GeneratedSerializationConstructorAccessor78'
Event: 2522.217 Thread 0x000001cb391ca160 Unloading class 0x00000001004fb000 'jdk/internal/reflect/GeneratedSerializationConstructorAccessor77'
Event: 2522.217 Thread 0x000001cb391ca160 Unloading class 0x0000000100509400 'jdk/internal/reflect/GeneratedSerializationConstructorAccessor76'
Event: 2522.217 Thread 0x000001cb391ca160 Unloading class 0x0000000100509000 'jdk/internal/reflect/GeneratedSerializationConstructorAccessor75'
Event: 2522.217 Thread 0x000001cb391ca160 Unloading class 0x00000001004d8c00 'jdk/internal/reflect/GeneratedSerializationConstructorAccessor74'
Event: 2522.217 Thread 0x000001cb391ca160 Unloading class 0x00000001004d8800 'jdk/internal/reflect/GeneratedSerializationConstructorAccessor73'
Event: 2522.217 Thread 0x000001cb391ca160 Unloading class 0x00000001004db400 'jdk/internal/reflect/GeneratedSerializationConstructorAccessor72'
Event: 2522.217 Thread 0x000001cb391ca160 Unloading class 0x00000001004db000 'jdk/internal/reflect/GeneratedSerializationConstructorAccessor71'
Event: 2522.217 Thread 0x000001cb391ca160 Unloading class 0x00000001004f2400 'jdk/internal/reflect/GeneratedSerializationConstructorAccessor70'
Event: 2522.217 Thread 0x000001cb391ca160 Unloading class 0x00000001004fcc00 'jdk/internal/reflect/GeneratedSerializationConstructorAccessor69'

Classes redefined (0 events):
No events

Internal exceptions (20 events):
Event: 2458.823 Thread 0x000001cb3ebbe250 Exception <a 'java/net/ConnectException'{0x00000000c41d8270}: Connection refused: connect> (0x00000000c41d8270) 
thrown [s\src\hotspot\share\prims\jni.cpp, line 535]
Event: 2458.823 Thread 0x000001cb3ebbe250 Exception <a 'java/net/SocketException'{0x00000000c41d85a8}: Socket is not connected: shutdown> (0x00000000c41d85a8) 
thrown [s\src\hotspot\share\prims\jni.cpp, line 535]
Event: 2458.824 Thread 0x000001cb3ebbe250 Exception <a 'java/net/ConnectException'{0x00000000c41d9330}: Connection refused: connect> (0x00000000c41d9330) 
thrown [s\src\hotspot\share\prims\jni.cpp, line 535]
Event: 2458.824 Thread 0x000001cb3ebbe250 Exception <a 'java/net/SocketException'{0x00000000c41d9668}: Socket is not connected: shutdown> (0x00000000c41d9668) 
thrown [s\src\hotspot\share\prims\jni.cpp, line 535]
Event: 2511.740 Thread 0x000001cb3ebc38f0 Exception <a 'java/net/ConnectException'{0x00000000c5f02148}: Connection refused: connect> (0x00000000c5f02148) 
thrown [s\src\hotspot\share\prims\jni.cpp, line 535]
Event: 2511.740 Thread 0x000001cb3ebc38f0 Exception <a 'java/net/SocketException'{0x00000000c5f02480}: Socket is not connected: shutdown> (0x00000000c5f02480) 
thrown [s\src\hotspot\share\prims\jni.cpp, line 535]
Event: 2691.765 Thread 0x000001cb3ebc38f0 Exception <a 'java/net/ConnectException'{0x00000000c4521b00}: Connection refused: connect> (0x00000000c4521b00) 
thrown [s\src\hotspot\share\prims\jni.cpp, line 535]
Event: 2691.765 Thread 0x000001cb3ebc38f0 Exception <a 'java/net/SocketException'{0x00000000c4521e38}: Socket is not connected: shutdown> (0x00000000c4521e38) 
thrown [s\src\hotspot\share\prims\jni.cpp, line 535]
Event: 2718.464 Thread 0x000001cb3ebc38f0 Exception <a 'java/net/ConnectException'{0x00000000c45229e0}: Connection refused: connect> (0x00000000c45229e0) 
thrown [s\src\hotspot\share\prims\jni.cpp, line 535]
Event: 2718.465 Thread 0x000001cb3ebc38f0 Exception <a 'java/net/SocketException'{0x00000000c4522d18}: Socket is not connected: shutdown> (0x00000000c4522d18) 
thrown [s\src\hotspot\share\prims\jni.cpp, line 535]
Event: 2718.465 Thread 0x000001cb3ebc38f0 Exception <a 'java/net/ConnectException'{0x00000000c45238b0}: Connection refused: connect> (0x00000000c45238b0) 
thrown [s\src\hotspot\share\prims\jni.cpp, line 535]
Event: 2718.465 Thread 0x000001cb3ebc38f0 Exception <a 'java/net/SocketException'{0x00000000c4523be8}: Socket is not connected: shutdown> (0x00000000c4523be8) 
thrown [s\src\hotspot\share\prims\jni.cpp, line 535]
Event: 2718.470 Thread 0x000001cb3ebc38f0 Exception <a 'java/net/ConnectException'{0x00000000c4524790}: Connection refused: connect> (0x00000000c4524790) 
thrown [s\src\hotspot\share\prims\jni.cpp, line 535]
Event: 2718.470 Thread 0x000001cb3ebc38f0 Exception <a 'java/net/SocketException'{0x00000000c4524ac8}: Socket is not connected: shutdown> (0x00000000c4524ac8) 
thrown [s\src\hotspot\share\prims\jni.cpp, line 535]
Event: 2718.471 Thread 0x000001cb3ebc38f0 Exception <a 'java/net/ConnectException'{0x00000000c4525660}: Connection refused: connect> (0x00000000c4525660) 
thrown [s\src\hotspot\share\prims\jni.cpp, line 535]
Event: 2718.471 Thread 0x000001cb3ebc38f0 Exception <a 'java/net/SocketException'{0x00000000c4525998}: Socket is not connected: shutdown> (0x00000000c4525998) 
thrown [s\src\hotspot\share\prims\jni.cpp, line 535]
Event: 2719.475 Thread 0x000001cb3ebc38f0 Exception <a 'java/net/ConnectException'{0x00000000c4526540}: Connection refused: connect> (0x00000000c4526540) 
thrown [s\src\hotspot\share\prims\jni.cpp, line 535]
Event: 2719.475 Thread 0x000001cb3ebc38f0 Exception <a 'java/net/SocketException'{0x00000000c4526878}: Socket is not connected: shutdown> (0x00000000c4526878) 
thrown [s\src\hotspot\share\prims\jni.cpp, line 535]
Event: 2719.476 Thread 0x000001cb3ebc38f0 Exception <a 'java/net/ConnectException'{0x00000000c4527410}: Connection refused: connect> (0x00000000c4527410) 
thrown [s\src\hotspot\share\prims\jni.cpp, line 535]
Event: 2719.476 Thread 0x000001cb3ebc38f0 Exception <a 'java/net/SocketException'{0x00000000c4527748}: Socket is not connected: shutdown> (0x00000000c4527748) 
thrown [s\src\hotspot\share\prims\jni.cpp, line 535]

VM Operations (20 events):
Event: 3734.462 Executing VM operation: G1CollectFull done
Event: 3744.669 Executing VM operation: G1CollectFull
Event: 3744.696 Executing VM operation: G1CollectFull done
Event: 3754.899 Executing VM operation: G1CollectFull
Event: 3754.921 Executing VM operation: G1CollectFull done
Event: 3765.137 Executing VM operation: G1CollectFull
Event: 3765.160 Executing VM operation: G1CollectFull done
Event: 3775.373 Executing VM operation: G1CollectFull
Event: 3775.394 Executing VM operation: G1CollectFull done
Event: 3785.625 Executing VM operation: G1CollectFull
Event: 3785.648 Executing VM operation: G1CollectFull done
Event: 3795.947 Executing VM operation: G1CollectFull
Event: 3795.975 Executing VM operation: G1CollectFull done
Event: 3807.663 Executing VM operation: G1CollectFull
Event: 3807.746 Executing VM operation: G1CollectFull done
Event: 3819.739 Executing VM operation: G1CollectFull
Event: 3819.774 Executing VM operation: G1CollectFull done
Event: 3830.217 Executing VM operation: G1CollectFull
Event: 3830.254 Executing VM operation: G1CollectFull done
Event: 3841.523 Executing VM operation: G1CollectFull

Events (20 events):
Event: 2511.739 Thread 0x000001cb3ebbdd80 Thread exited: 0x000001cb3ebbdd80
Event: 2522.924 Thread 0x000001cb3ebc0da0 Thread exited: 0x000001cb3ebc0da0
Event: 2522.941 Thread 0x000001cb3ebbe720 Thread exited: 0x000001cb3ebbe720
Event: 2644.540 Thread 0x000001cb3ebc0da0 Thread added: 0x000001cb3ebc0da0
Event: 2653.563 Thread 0x000001cb3ebbca40 Thread added: 0x000001cb3ebbca40
Event: 2659.991 Thread 0x000001cb3ebbdd80 Thread added: 0x000001cb3ebbdd80
Event: 2719.476 Thread 0x000001cb3ebc38f0 Thread exited: 0x000001cb3ebc38f0
Event: 2719.998 Thread 0x000001cb3ebc0da0 Thread exited: 0x000001cb3ebc0da0
Event: 2757.727 Thread 0x000001cb3ebbca40 Thread exited: 0x000001cb3ebbca40
Event: 2761.739 Thread 0x000001cb3ebbdd80 Thread exited: 0x000001cb3ebbdd80
Event: 2972.187 Thread 0x000001cb3ebc38f0 Thread added: 0x000001cb3ebc38f0
Event: 3032.253 Thread 0x000001cb3ebc38f0 Thread exited: 0x000001cb3ebc38f0
Event: 3050.023 Thread 0x000001cb3ebc0da0 Thread added: 0x000001cb3ebc0da0
Event: 3050.027 Thread 0x000001cb3ebc0400 Thread added: 0x000001cb3ebc0400
Event: 3050.558 Thread 0x000001cb3ebc1740 Thread added: 0x000001cb3ebc1740
Event: 3153.035 Thread 0x000001cb3ebc0400 Thread exited: 0x000001cb3ebc0400
Event: 3306.165 Thread 0x000001cb3ebc0da0 Thread exited: 0x000001cb3ebc0da0
Event: 3318.094 Thread 0x000001cb3ebc1740 Thread exited: 0x000001cb3ebc1740
Event: 3511.173 Thread 0x000001cb3ebc1740 Thread added: 0x000001cb3ebc1740
Event: 3571.183 Thread 0x000001cb3ebc1740 Thread exited: 0x000001cb3ebc1740


Dynamic libraries:
0x00007ff79b570000 - 0x00007ff79b57e000 	c:\Users\dglab\.vscode\extensions\redhat.java-1.18.0-win32-x64\jre\17.0.7-win32-x86_64\bin\java.exe
0x00007ffbda4d0000 - 0x00007ffbda6e4000 	C:\WINDOWS\SYSTEM32\ntdll.dll
0x00007ffbd9130000 - 0x00007ffbd91f2000 	C:\WINDOWS\System32\KERNEL32.DLL
0x00007ffbd7ab0000 - 0x00007ffbd7e53000 	C:\WINDOWS\System32\KERNELBASE.dll
0x00007ffbd4ac0000 - 0x00007ffbd4b57000 	C:\WINDOWS\SYSTEM32\apphelp.dll
0x00007ffbd78f0000 - 0x00007ffbd7a01000 	C:\WINDOWS\System32\ucrtbase.dll
0x00007ffbabdd0000 - 0x00007ffbabde7000 	c:\Users\dglab\.vscode\extensions\redhat.java-1.18.0-win32-x64\jre\17.0.7-win32-x86_64\bin\jli.dll
0x00007ffbd9d90000 - 0x00007ffbd9f3b000 	C:\WINDOWS\System32\USER32.dll
0x00007ffbd7f50000 - 0x00007ffbd7f76000 	C:\WINDOWS\System32\win32u.dll
0x00007ffbd9500000 - 0x00007ffbd9529000 	C:\WINDOWS\System32\GDI32.dll
0x00007ffbd81b0000 - 0x00007ffbd82c8000 	C:\WINDOWS\System32\gdi32full.dll
0x00007ffbd7a10000 - 0x00007ffbd7aaa000 	C:\WINDOWS\System32\msvcp_win.dll
0x00007ffba4110000 - 0x00007ffba4129000 	c:\Users\dglab\.vscode\extensions\redhat.java-1.18.0-win32-x64\jre\17.0.7-win32-x86_64\bin\VCRUNTIME140.dll
0x00007ffbc2f60000 - 0x00007ffbc31ee000 	C:\WINDOWS\WinSxS\amd64_microsoft.windows.common-controls_6595b64144ccf1df_6.0.22621.1635_none_270f70857386168e\COMCTL32.dll
0x00007ffbd9080000 - 0x00007ffbd9127000 	C:\WINDOWS\System32\msvcrt.dll
0x00007ffbd9440000 - 0x00007ffbd9471000 	C:\WINDOWS\System32\IMM32.DLL
0x00007ffbb21a0000 - 0x00007ffbb21ac000 	c:\Users\dglab\.vscode\extensions\redhat.java-1.18.0-win32-x64\jre\17.0.7-win32-x86_64\bin\vcruntime140_1.dll
0x00007ffb8b3d0000 - 0x00007ffb8b461000 	c:\Users\dglab\.vscode\extensions\redhat.java-1.18.0-win32-x64\jre\17.0.7-win32-x86_64\bin\msvcp140.dll
0x00007ffb87ae0000 - 0x00007ffb88728000 	c:\Users\dglab\.vscode\extensions\redhat.java-1.18.0-win32-x64\jre\17.0.7-win32-x86_64\bin\server\jvm.dll
0x00007ffbd9a80000 - 0x00007ffbd9b2e000 	C:\WINDOWS\System32\ADVAPI32.dll
0x00007ffbd9ce0000 - 0x00007ffbd9d84000 	C:\WINDOWS\System32\sechost.dll
0x00007ffbda170000 - 0x00007ffbda287000 	C:\WINDOWS\System32\RPCRT4.dll
0x00007ffbb2090000 - 0x00007ffbb2099000 	C:\WINDOWS\SYSTEM32\WSOCK32.dll
0x00007ffbd8380000 - 0x00007ffbd83f1000 	C:\WINDOWS\System32\WS2_32.dll
0x00007ffbcf9e0000 - 0x00007ffbcfa14000 	C:\WINDOWS\SYSTEM32\WINMM.dll
0x00007ffbcf5e0000 - 0x00007ffbcf5ea000 	C:\WINDOWS\SYSTEM32\VERSION.dll
0x00007ffbd6910000 - 0x00007ffbd6928000 	C:\WINDOWS\SYSTEM32\kernel.appcore.dll
0x00007ffbb1fe0000 - 0x00007ffbb1fea000 	c:\Users\dglab\.vscode\extensions\redhat.java-1.18.0-win32-x64\jre\17.0.7-win32-x86_64\bin\jimage.dll
0x00007ffbd53a0000 - 0x00007ffbd55ce000 	C:\WINDOWS\SYSTEM32\DBGHELP.DLL
0x00007ffbd9670000 - 0x00007ffbd99f9000 	C:\WINDOWS\System32\combase.dll
0x00007ffbd9530000 - 0x00007ffbd9607000 	C:\WINDOWS\System32\OLEAUT32.dll
0x00007ffbbb740000 - 0x00007ffbbb772000 	C:\WINDOWS\SYSTEM32\dbgcore.DLL
0x00007ffbd7e60000 - 0x00007ffbd7edb000 	C:\WINDOWS\System32\bcryptPrimitives.dll
0x00007ffb9e460000 - 0x00007ffb9e485000 	c:\Users\dglab\.vscode\extensions\redhat.java-1.18.0-win32-x64\jre\17.0.7-win32-x86_64\bin\java.dll
0x00007ffb9e220000 - 0x00007ffb9e238000 	c:\Users\dglab\.vscode\extensions\redhat.java-1.18.0-win32-x64\jre\17.0.7-win32-x86_64\bin\zip.dll
0x00007ffbd8400000 - 0x00007ffbd8bfa000 	C:\WINDOWS\System32\SHELL32.dll
0x00007ffbd58a0000 - 0x00007ffbd616e000 	C:\WINDOWS\SYSTEM32\windows.storage.dll
0x00007ffbd5760000 - 0x00007ffbd589e000 	C:\WINDOWS\SYSTEM32\wintypes.dll
0x00007ffbd9b30000 - 0x00007ffbd9c21000 	C:\WINDOWS\System32\SHCORE.dll
0x00007ffbd9a00000 - 0x00007ffbd9a5e000 	C:\WINDOWS\System32\shlwapi.dll
0x00007ffbd7820000 - 0x00007ffbd7841000 	C:\WINDOWS\SYSTEM32\profapi.dll
0x00007ffb9e020000 - 0x00007ffb9e039000 	C:\Users\dglab\.vscode\extensions\redhat.java-1.18.0-win32-x64\jre\17.0.7-win32-x86_64\bin\net.dll
0x00007ffbcd1d0000 - 0x00007ffbcd307000 	C:\WINDOWS\SYSTEM32\WINHTTP.dll
0x00007ffbd6d90000 - 0x00007ffbd6df9000 	C:\WINDOWS\system32\mswsock.dll
0x00007ffb9df60000 - 0x00007ffb9df75000 	C:\Users\dglab\.vscode\extensions\redhat.java-1.18.0-win32-x64\jre\17.0.7-win32-x86_64\bin\nio.dll
0x00007ffbd7010000 - 0x00007ffbd702b000 	C:\WINDOWS\SYSTEM32\CRYPTSP.dll
0x00007ffbd6870000 - 0x00007ffbd68a5000 	C:\WINDOWS\system32\rsaenh.dll
0x00007ffbd6eb0000 - 0x00007ffbd6ed8000 	C:\WINDOWS\SYSTEM32\USERENV.dll
0x00007ffbd71d0000 - 0x00007ffbd71f8000 	C:\WINDOWS\SYSTEM32\bcrypt.dll
0x00007ffbd7030000 - 0x00007ffbd703c000 	C:\WINDOWS\SYSTEM32\CRYPTBASE.dll
0x00007ffbd6410000 - 0x00007ffbd643d000 	C:\WINDOWS\SYSTEM32\IPHLPAPI.DLL
0x00007ffbd9610000 - 0x00007ffbd9619000 	C:\WINDOWS\System32\NSI.dll
0x00007ffbcf530000 - 0x00007ffbcf549000 	C:\WINDOWS\SYSTEM32\dhcpcsvc6.DLL
0x00007ffbcf4d0000 - 0x00007ffbcf4ef000 	C:\WINDOWS\SYSTEM32\dhcpcsvc.DLL
0x00007ffbd6440000 - 0x00007ffbd6533000 	C:\WINDOWS\SYSTEM32\DNSAPI.dll
0x00007ffbd2980000 - 0x00007ffbd2989000 	C:\Users\dglab\.vscode\extensions\redhat.java-1.18.0-win32-x64\jre\17.0.7-win32-x86_64\bin\management.dll
0x00007ffbd2970000 - 0x00007ffbd297b000 	C:\Users\dglab\.vscode\extensions\redhat.java-1.18.0-win32-x64\jre\17.0.7-win32-x86_64\bin\management_ext.dll
0x00007ffbd9270000 - 0x00007ffbd9278000 	C:\WINDOWS\System32\PSAPI.DLL
0x00007ffbb1bf0000 - 0x00007ffbb1c00000 	c:\Users\dglab\.vscode\extensions\redhat.java-1.18.0-win32-x64\jre\17.0.7-win32-x86_64\bin\verify.dll
0x00007ffbc22d0000 - 0x00007ffbc22d9000 	C:\Users\dglab\.vscode\extensions\redhat.java-1.18.0-win32-x64\jre\17.0.7-win32-x86_64\bin\attach.dll
0x00007ffb6d330000 - 0x00007ffb6d347000 	C:\WINDOWS\system32\napinsp.dll
0x00007ffb6d310000 - 0x00007ffb6d32b000 	C:\WINDOWS\system32\pnrpnsp.dll
0x00007ffb6d2f0000 - 0x00007ffb6d301000 	C:\WINDOWS\System32\winrnr.dll
0x00007ffbcfbd0000 - 0x00007ffbcfbe5000 	C:\WINDOWS\system32\wshbth.dll
0x00007ffb7f040000 - 0x00007ffb7f061000 	C:\WINDOWS\system32\nlansp_c.dll
0x00007ffbc49e0000 - 0x00007ffbc49ea000 	C:\Windows\System32\rasadhlp.dll
0x00007ffbce0c0000 - 0x00007ffbce144000 	C:\WINDOWS\System32\fwpuclnt.dll
0x00007ffbb2110000 - 0x00007ffbb2117000 	C:\Users\dglab\.vscode\extensions\redhat.java-1.18.0-win32-x64\jre\17.0.7-win32-x86_64\bin\rmi.dll

dbghelp: loaded successfully - version: 4.0.5 - missing functions: none
symbol engine: initialized successfully - sym options: 0x614 - pdb path: .;c:\Users\dglab\.vscode\extensions\redhat.java-1.18.0-win32-x64\jre\17.0.7-win32-x86_64\bin;C:\WINDOWS\SYSTEM32;C:\WINDOWS\WinSxS\amd64_microsoft.windows.common-controls_6595b64144ccf1df_6.0.22621.1635_none_270f70857386168e;c:\Users\dglab\.vscode\extensions\redhat.java-1.18.0-win32-x64\jre\17.0.7-win32-x86_64\bin\server

VM Arguments:
jvm_args: -XX:+HeapDumpOnOutOfMemoryError -Xmx1024m -Dsts.lsp.client=vscode -Dsts.log.file=/dev/null -XX:TieredStopAtLevel=1 -Xlog:jni+resolve=off -Dspring.config.location=file:c:\Users\dglab\.vscode\extensions\vmware.vscode-spring-boot-1.46.0\language-server\BOOT-INF\classes\application.properties 
java_command: org.springframework.ide.vscode.boot.app.BootLanguageServerBootApp
java_class_path (initial): c:\Users\dglab\.vscode\extensions\vmware.vscode-spring-boot-1.46.0\language-server\BOOT-INF\classes;c:\Users\dglab\.vscode\extensions\vmware.vscode-spring-boot-1.46.0\language-server\BOOT-INF\lib\annotations-24.0.1.jar;c:\Users\dglab\.vscode\extensions\vmware.vscode-spring-boot-1.46.0\language-server\BOOT-INF\lib\antlr-runtime-3.5.3.jar;c:\Users\dglab\.vscode\extensions\vmware.vscode-spring-boot-1.46.0\language-server\BOOT-INF\lib\antlr4-4.11.1.jar;c:\Users\dglab\.vscode\extensions\vmware.vscode-spring-boot-1.46.0\language-server\BOOT-INF\lib\antlr4-runtime-4.11.1.jar;c:\Users\dglab\.vscode\extensions\vmware.vscode-spring-boot-1.46.0\language-server\BOOT-INF\lib\asm-9.5.jar;c:\Users\dglab\.vscode\extensions\vmware.vscode-spring-boot-1.46.0\language-server\BOOT-INF\lib\asm-analysis-9.5.jar;c:\Users\dglab\.vscode\extensions\vmware.vscode-spring-boot-1.46.0\language-server\BOOT-INF\lib\asm-tree-9.5.jar;c:\Users\dglab\.vscode\extensions\vmware.vscode-spring-boot-1.46.0\language-server\BOOT-INF\lib\asm-util-9.5.jar;c:\Users\dglab\.vscode\extensions\vmware.vscode-spring-boot-1.46.0\language-server\BOOT-INF\lib\caffeine-3.1.2.jar;c:\Users\dglab\.vscode\extensions\vmware.vscode-spring-boot-1.46.0\language-server\BOOT-INF\lib\checker-qual-3.12.0.jar;c:\Users\dglab\.vscode\extensions\vmware.vscode-spring-boot-1.46.0\language-server\BOOT-INF\lib\classgraph-4.8.149.jar;c:\Users\dglab\.vscode\extensions\vmware.vscode-spring-boot-1.46.0\language-server\BOOT-INF\lib\commons-codec-1.15.jar;c:\Users\dglab\.vscode\extensions\vmware.vscode-spring-boot-1.46.0\language-server\BOOT-INF\lib\commons-compress-1.23.0.jar;c:\Users\dglab\.vscode\extensions\vmware.vscode-spring-boot-1.46.0\language-server\BOOT-INF\lib\commons-io-2.4.jar;c:\Users\dglab\.vscode\extensions\vmware.vscode-spring-boot-1.46.0\language-server\BOOT-INF\lib\commons-java-1.46.0-SNAPSHOT.jar;c:\Users\dglab\.vscode\extensions\vmware.vscode-spring-boot-1.46.0\language-server\BOOT-INF\lib\commons-
Launcher Type: SUN_STANDARD

[Global flags]
     intx CICompilerCount                          = 3                                         {product} {ergonomic}
     uint ConcGCThreads                            = 1                                         {product} {ergonomic}
     uint G1ConcRefinementThreads                  = 4                                         {product} {ergonomic}
   size_t G1HeapRegionSize                         = 1048576                                   {product} {ergonomic}
    uintx GCDrainStackTargetSize                   = 64                                        {product} {ergonomic}
     bool HeapDumpOnOutOfMemoryError               = true                                   {manageable} {command line}
   size_t InitialHeapSize                          = 100663296                                 {product} {ergonomic}
   size_t MarkStackSize                            = 4194304                                   {product} {ergonomic}
   size_t MaxHeapSize                              = 1073741824                                {product} {command line}
   size_t MaxNewSize                               = 643825664                                 {product} {ergonomic}
   size_t MinHeapDeltaBytes                        = 1048576                                   {product} {ergonomic}
   size_t MinHeapSize                              = 8388608                                   {product} {ergonomic}
    uintx NonProfiledCodeHeapSize                  = 0                                      {pd product} {ergonomic}
     bool ProfileInterpreter                       = false                                  {pd product} {command line}
    uintx ProfiledCodeHeapSize                     = 0                                      {pd product} {ergonomic}
   size_t SoftMaxHeapSize                          = 1073741824                             {manageable} {ergonomic}
     intx TieredStopAtLevel                        = 1                                         {product} {command line}
     bool UseCompressedClassPointers               = true                           {product lp64_product} {ergonomic}
     bool UseCompressedOops                        = true                           {product lp64_product} {ergonomic}
     bool UseG1GC                                  = true                                      {product} {ergonomic}
     bool UseLargePagesIndividualAllocation        = false                                  {pd product} {ergonomic}

Logging:
Log output configuration:
 #0: stdout all=warning,jni+resolve=off uptime,level,tags
 #1: stderr all=off uptime,level,tags

Environment Variables:
PATH=C:\Program Files (x86)\Common Files\Oracle\Java\javapath;C:\Program Files\Rockwell Software\RSCommon;C:\Program Files\Java\jdk-11.0.13\bin;C:\Program Files\Java\jdk-13.0.2\bin;C:\ProgramData\Oracle\Java\javapath;C:\WINDOWS\system32;C:\WINDOWS;C:\WINDOWS\System32\Wbem;C:\WINDOWS\System32\WindowsPowerShell\v1.0\;C:\WINDOWS\System32\OpenSSH\;C:\Program Files\Git\cmd;C:\Program Files\apache-maven-3.6.3\bin;C:\MinGW\bin;C:\Program Files\nodejs\;C:\Program Files\mongosh-1.3.1-win32-x64\bin;C:\Program Files\Docker\Docker\resources\bin;C:\Users\dglab\AppData\Local\Programs\Python\Python311\Scripts\;C:\Users\dglab\AppData\Local\Programs\Python\Python311\;C:\Users\dglab\AppData\Local\Microsoft\WindowsApps;C:\Users\dglab\AppData\Local\GitHubDesktop\bin;C:\Program Files\JetBrains\IntelliJ IDEA Community Edition 2019.3.3\bin;C:\Users\dglab\AppData\Local\Programs\Microsoft VS Code\bin;C:\Users\dglab\AppData\Local\Microsoft\WindowsApps;C:\Users\dglab\AppData\Roaming\npm;C:\Users\dglab\AppData\Local\Programs\MiKTeX\miktex\bin\x64\
USERNAME=dglab
OS=Windows_NT
PROCESSOR_IDENTIFIER=AMD64 Family 23 Model 24 Stepping 1, AuthenticAMD
TMP=C:\Users\dglab\AppData\Local\Temp
TEMP=C:\Users\dglab\AppData\Local\Temp



---------------  S Y S T E M  ---------------

OS:
 Windows 11 , 64 bit Build 22621 (10.0.22621.1635)
OS uptime: 6 days 23:40 hours
Hyper-V role detected

CPU: total 4 (initial active 4) (4 cores per cpu, 2 threads per core) family 23 model 24 stepping 1 microcode 0x0, cx8, cmov, fxsr, ht, mmx, 3dnowpref, sse, sse2, sse3, ssse3, sse4a, sse4.1, sse4.2, popcnt, lzcnt, tsc, tscinvbit, avx, avx2, aes, clmul, bmi1, bmi2, adx, sha, fma, vzeroupper, clflush, clflushopt, hv

Memory: 4k page, system-wide physical 6058M (223M free)
TotalPageFile size 13987M (AvailPageFile size 18M)
current process WorkingSet (physical memory assigned to process): 83M, peak: 143M
current process commit charge ("private bytes"): 168M, peak: 190M

vm_info: OpenJDK 64-Bit Server VM (17.0.7+7) for windows-amd64 JRE (17.0.7+7), built on Apr 18 2023 22:10:42 by "temurin" with MS VC++ 16.7 (VS2019)

END.
