#
# There is insufficient memory for the Java Runtime Environment to continue.
# Native memory allocation (malloc) failed to allocate 1048576 bytes for AllocateHeap
# Possible reasons:
#   The system is out of physical RAM or swap space
#   The process is running with CompressedOops enabled, and the Java Heap may be blocking the growth of the native heap
# Possible solutions:
#   Reduce memory load on the system
#   Increase physical memory or swap space
#   Check if swap backing store is full
#   Decrease Java heap size (-Xmx/-Xms)
#   Decrease number of Java threads
#   Decrease Java thread stack sizes (-Xss)
#   Set larger code cache with -XX:ReservedCodeCacheSize=
#   JVM is running with Unscaled Compressed Oops mode in which the Java heap is
#     placed in the first 4GB address space. The Java Heap base address is the
#     maximum limit for the native heap growth. Please use -XX:HeapBaseMinAddress
#     to set the Java Heap base and to place the Java Heap above 4GB virtual address.
# This output file may be truncated or incomplete.
#
#  Out of Memory Error (allocation.cpp:44), pid=22712, tid=12912
#
# JRE version: OpenJDK Runtime Environment Temurin-17.0.6+10 (17.0.6+10) (build 17.0.6+10)
# Java VM: OpenJDK 64-Bit Server VM Temurin-17.0.6+10 (17.0.6+10, mixed mode, emulated-client, tiered, compressed oops, compressed class ptrs, g1 gc, windows-amd64)
# No core dump will be written. Minidumps are not enabled by default on client versions of Windows
#

---------------  S U M M A R Y ------------

Command Line: -XX:+HeapDumpOnOutOfMemoryError -Xmx1024m -Dsts.lsp.client=vscode -Dsts.log.file=/dev/null -XX:TieredStopAtLevel=1 -Xlog:jni+resolve=off -Dspring.config.location=file:c:\Users\dglab\.vscode\extensions\vmware.vscode-spring-boot-1.45.0\language-server\BOOT-INF\classes\application.properties org.springframework.ide.vscode.boot.app.BootLanguageServerBootApp

Host: AMD Ryzen 3 3200U with Radeon Vega Mobile Gfx  , 4 cores, 5G,  Windows 11 , 64 bit Build 22621 (10.0.22621.1344)
Time: Thu Apr 20 22:16:35 2023 Argentina Standard Time elapsed time: 26415.664682 seconds (0d 7h 20m 15s)

---------------  T H R E A D  ---------------

Current thread (0x000001a892b0bef0):  VMThread "VM Thread" [stack: 0x0000001dc5000000,0x0000001dc5100000] [id=12912]

Stack: [0x0000001dc5000000,0x0000001dc5100000]
Native frames: (J=compiled Java code, j=interpreted, Vv=VM code, C=native code)
V  [jvm.dll+0x67741a]
V  [jvm.dll+0x834434]
V  [jvm.dll+0x835bde]
V  [jvm.dll+0x836243]
V  [jvm.dll+0x2457b5]
V  [jvm.dll+0xa626f]
V  [jvm.dll+0x2f5ad3]
V  [jvm.dll+0x2f17e0]
V  [jvm.dll+0x2d9ee7]
V  [jvm.dll+0x31ce67]
V  [jvm.dll+0x83a6eb]
V  [jvm.dll+0x83b424]
V  [jvm.dll+0x83b93c]
V  [jvm.dll+0x83bd14]
V  [jvm.dll+0x83bde0]
V  [jvm.dll+0x7e483a]
V  [jvm.dll+0x6762c5]
C  [ucrtbase.dll+0x29363]
C  [KERNEL32.DLL+0x126bd]
C  [ntdll.dll+0x5a9f8]

VM_Operation (0x0000001dc62fedc0): G1CollectFull, mode: safepoint, requested by thread 0x000001a89530c060


---------------  P R O C E S S  ---------------

Threads class SMR info:
_java_thread_list=0x000001a897d29860, length=45, elements={
0x000001a892b21380, 0x000001a892b226d0, 0x000001a892b5c130, 0x000001a892b5ebf0,
0x000001a892b619b0, 0x000001a892b62360, 0x000001a892b64d20, 0x000001a892b65710,
0x000001a8936e3130, 0x000001a8936fa010, 0x000001a895342050, 0x000001a895342520,
0x000001a89530c060, 0x000001a89519a220, 0x000001a8885ddc90, 0x000001a893f5bdf0,
0x000001a89503df60, 0x000001a895490a00, 0x000001a895492bb0, 0x000001a8958a9550,
0x000001a8958a6530, 0x000001a8958acf10, 0x000001a8958a7d40, 0x000001a8958abbd0,
0x000001a8975b9a00, 0x000001a8975b81f0, 0x000001a8975b86c0, 0x000001a8975b8b90,
0x000001a8975b9060, 0x000001a895492210, 0x000001a8958a9080, 0x000001a8958a6060,
0x000001a8958a6ed0, 0x000001a897e048e0, 0x000001a89599e8b0, 0x000001a8958aad60,
0x000001a897e03f40, 0x000001a8958ab230, 0x000001a89599d0a0, 0x000001a89599da40,
0x000001a8954913a0, 0x000001a8a20ab3e0, 0x000001a895490ed0, 0x000001a895493080,
0x000001a89599e3e0
}

Java Threads: ( => current thread )
  0x000001a892b21380 JavaThread "Reference Handler" daemon [_thread_blocked, id=16212, stack(0x0000001dc5100000,0x0000001dc5200000)]
  0x000001a892b226d0 JavaThread "Finalizer" daemon [_thread_blocked, id=25100, stack(0x0000001dc5200000,0x0000001dc5300000)]
  0x000001a892b5c130 JavaThread "Signal Dispatcher" daemon [_thread_blocked, id=23780, stack(0x0000001dc5300000,0x0000001dc5400000)]
  0x000001a892b5ebf0 JavaThread "Attach Listener" daemon [_thread_blocked, id=8316, stack(0x0000001dc5400000,0x0000001dc5500000)]
  0x000001a892b619b0 JavaThread "Service Thread" daemon [_thread_blocked, id=15808, stack(0x0000001dc5500000,0x0000001dc5600000)]
  0x000001a892b62360 JavaThread "Monitor Deflation Thread" daemon [_thread_blocked, id=16636, stack(0x0000001dc5600000,0x0000001dc5700000)]
  0x000001a892b64d20 JavaThread "C1 CompilerThread0" daemon [_thread_blocked, id=6716, stack(0x0000001dc5700000,0x0000001dc5800000)]
  0x000001a892b65710 JavaThread "Sweeper thread" daemon [_thread_blocked, id=24580, stack(0x0000001dc5800000,0x0000001dc5900000)]
  0x000001a8936e3130 JavaThread "Notification Thread" daemon [_thread_blocked, id=16352, stack(0x0000001dc5a00000,0x0000001dc5b00000)]
  0x000001a8936fa010 JavaThread "Common-Cleaner" daemon [_thread_blocked, id=5432, stack(0x0000001dc5c00000,0x0000001dc5d00000)]
  0x000001a895342050 JavaThread "boundedElastic-evictor-1" daemon [_thread_blocked, id=10860, stack(0x0000001dc6000000,0x0000001dc6100000)]
  0x000001a895342520 JavaThread "boundedElastic-evictor-2" daemon [_thread_blocked, id=8680, stack(0x0000001dc6100000,0x0000001dc6200000)]
  0x000001a89530c060 JavaThread "pool-10-thread-1" [_thread_blocked, id=9468, stack(0x0000001dc6200000,0x0000001dc6300000)]
  0x000001a89519a220 JavaThread "LanguageServerApp-lifecycle" [_thread_blocked, id=20872, stack(0x0000001dc6300000,0x0000001dc6400000)]
  0x000001a8885ddc90 JavaThread "DestroyJavaVM" [_thread_blocked, id=19044, stack(0x0000001dc4a00000,0x0000001dc4b00000)]
  0x000001a893f5bdf0 JavaThread "pool-11-thread-1" [_thread_in_native, id=8824, stack(0x0000001dc6400000,0x0000001dc6500000)]
  0x000001a89503df60 JavaThread "Simple-Language-Server main thread" daemon [_thread_blocked, id=15348, stack(0x0000001dc6500000,0x0000001dc6600000)]
  0x000001a895490a00 JavaThread "pool-6-thread-1" [_thread_blocked, id=8776, stack(0x0000001dc6600000,0x0000001dc6700000)]
  0x000001a895492bb0 JavaThread "parallel-1" daemon [_thread_blocked, id=4948, stack(0x0000001dc7000000,0x0000001dc7100000)]
  0x000001a8958a9550 JavaThread "pool-4-thread-1" [_thread_blocked, id=13160, stack(0x0000001dc7500000,0x0000001dc7600000)]
  0x000001a8958a6530 JavaThread "parallel-2" daemon [_thread_blocked, id=19168, stack(0x0000001dc7700000,0x0000001dc7800000)]
  0x000001a8958acf10 JavaThread "parallel-3" daemon [_thread_blocked, id=18392, stack(0x0000001dc6a00000,0x0000001dc6b00000)]
  0x000001a8958a7d40 JavaThread "parallel-4" daemon [_thread_blocked, id=25332, stack(0x0000001dc6b00000,0x0000001dc6c00000)]
  0x000001a8958abbd0 JavaThread "Reconciler-1" daemon [_thread_blocked, id=6656, stack(0x0000001dc6c00000,0x0000001dc6d00000)]
  0x000001a8975b9a00 JavaThread "pool-7-thread-1" [_thread_blocked, id=9944, stack(0x0000001dc6e00000,0x0000001dc6f00000)]
  0x000001a8975b81f0 JavaThread "pool-7-thread-2" [_thread_blocked, id=3280, stack(0x0000001dc6f00000,0x0000001dc7000000)]
  0x000001a8975b86c0 JavaThread "pool-7-thread-3" [_thread_blocked, id=232, stack(0x0000001dc7100000,0x0000001dc7200000)]
  0x000001a8975b8b90 JavaThread "pool-7-thread-4" [_thread_blocked, id=18844, stack(0x0000001dc7200000,0x0000001dc7300000)]
  0x000001a8975b9060 JavaThread "pool-5-thread-1" [_thread_blocked, id=20984, stack(0x0000001dc7300000,0x0000001dc7400000)]
  0x000001a895492210 JavaThread "RMI Scheduler(0)" daemon [_thread_blocked, id=23108, stack(0x0000001dc7900000,0x0000001dc7a00000)]
  0x000001a8958a9080 JavaThread "pool-5-thread-2" [_thread_blocked, id=19800, stack(0x0000001dc7b00000,0x0000001dc7c00000)]
  0x000001a8958a6060 JavaThread "pool-5-thread-3" [_thread_blocked, id=21024, stack(0x0000001dc7c00000,0x0000001dc7d00000)]
  0x000001a8958a6ed0 JavaThread "pool-5-thread-4" [_thread_blocked, id=17428, stack(0x0000001dc7d00000,0x0000001dc7e00000)]
  0x000001a897e048e0 JavaThread "pool-5-thread-5" [_thread_blocked, id=18916, stack(0x0000001dc7e00000,0x0000001dc7f00000)]
  0x000001a89599e8b0 JavaThread "pool-5-thread-6" [_thread_blocked, id=8664, stack(0x0000001dc7f00000,0x0000001dc8000000)]
  0x000001a8958aad60 JavaThread "pool-5-thread-7" [_thread_blocked, id=9760, stack(0x0000001dc8000000,0x0000001dc8100000)]
  0x000001a897e03f40 JavaThread "pool-5-thread-8" [_thread_blocked, id=4620, stack(0x0000001dc8100000,0x0000001dc8200000)]
  0x000001a8958ab230 JavaThread "pool-5-thread-9" [_thread_blocked, id=20772, stack(0x0000001dc8200000,0x0000001dc8300000)]
  0x000001a89599d0a0 JavaThread "pool-5-thread-10" [_thread_blocked, id=17712, stack(0x0000001dc8300000,0x0000001dc8400000)]
  0x000001a89599da40 JavaThread "pool-7-thread-5" [_thread_blocked, id=16688, stack(0x0000001dc5900000,0x0000001dc5a00000)]
  0x000001a8954913a0 JavaThread "pool-7-thread-6" [_thread_blocked, id=22100, stack(0x0000001dc6d00000,0x0000001dc6e00000)]
  0x000001a8a20ab3e0 JavaThread "pool-7-thread-7" [_thread_blocked, id=11392, stack(0x0000001dc7a00000,0x0000001dc7b00000)]
  0x000001a895490ed0 JavaThread "RMI RenewClean-[localhost:58800]" daemon [_thread_blocked, id=20504, stack(0x0000001dc8400000,0x0000001dc8500000)]
  0x000001a895493080 JavaThread "RMI GC Daemon" daemon [_thread_blocked, id=23592, stack(0x0000001dc8500000,0x0000001dc8600000)]
  0x000001a89599e3e0 JavaThread "JMX client heartbeat 5" daemon [_thread_blocked, id=14964, stack(0x0000001dc8600000,0x0000001dc8700000)]

Other Threads:
=>0x000001a892b0bef0 VMThread "VM Thread" [stack: 0x0000001dc5000000,0x0000001dc5100000] [id=12912]
  0x000001a8936e3600 WatcherThread [stack: 0x0000001dc5b00000,0x0000001dc5c00000] [id=24972]
  0x000001a88861b3b0 GCTaskThread "GC Thread#0" [stack: 0x0000001dc4b00000,0x0000001dc4c00000] [id=18096]
  0x000001a893ddb050 GCTaskThread "GC Thread#1" [stack: 0x0000001dc5d00000,0x0000001dc5e00000] [id=22764]
  0x000001a893aec510 GCTaskThread "GC Thread#2" [stack: 0x0000001dc5e00000,0x0000001dc5f00000] [id=7804]
  0x000001a89402fcf0 GCTaskThread "GC Thread#3" [stack: 0x0000001dc5f00000,0x0000001dc6000000] [id=16168]
  0x000001a888624450 ConcurrentGCThread "G1 Main Marker" [stack: 0x0000001dc4c00000,0x0000001dc4d00000] [id=24836]
  0x000001a888625600 ConcurrentGCThread "G1 Conc#0" [stack: 0x0000001dc4d00000,0x0000001dc4e00000] [id=5160]
  0x000001a888689880 ConcurrentGCThread "G1 Refine#0" [stack: 0x0000001dc4e00000,0x0000001dc4f00000] [id=20012]
  0x000001a895580c70 ConcurrentGCThread "G1 Refine#1" [stack: 0x0000001dc7400000,0x0000001dc7500000] [id=16856]
  0x000001a89704e080 ConcurrentGCThread "G1 Refine#2" [stack: 0x0000001dc4700000,0x0000001dc4800000] [id=20944]
  0x000001a89779e370 ConcurrentGCThread "G1 Refine#3" [stack: 0x0000001dc6900000,0x0000001dc6a00000] [id=11512]
  0x000001a88868a2a0 ConcurrentGCThread "G1 Service" [stack: 0x0000001dc4f00000,0x0000001dc5000000] [id=25280]

Threads with active compile tasks:

VM state: at safepoint (normal execution)

VM Mutex/Monitor currently owned by a thread:  ([mutex/lock_event])
[0x000001a88648f930] Threads_lock - owner thread: 0x000001a892b0bef0
[0x000001a8885db080] Heap_lock - owner thread: 0x000001a89530c060

Heap address: 0x00000000c0000000, size: 1024 MB, Compressed Oops mode: 32-bit

CDS archive(s) not mapped
Compressed class space mapped at: 0x0000000100000000-0x0000000140000000, reserved size: 1073741824
Narrow klass base: 0x0000000000000000, Narrow klass shift: 3, Narrow klass range: 0x140000000

GC Precious Log:
 CPUs: 4 total, 4 available
 Memory: 6058M
 Large Page Support: Disabled
 NUMA Support: Disabled
 Compressed Oops: Enabled (32-bit)
 Heap Region Size: 1M
 Heap Min Capacity: 8M
 Heap Initial Capacity: 96M
 Heap Max Capacity: 1G
 Pre-touch: Disabled
 Parallel Workers: 4
 Concurrent Workers: 1
 Concurrent Refinement Workers: 4
 Periodic GC: Disabled

Heap:
 garbage-first heap   total 337920K, used 200396K [0x00000000c0000000, 0x0000000100000000)
  region size 1024K, 1 young (1024K), 0 survivors (0K)
 Metaspace       used 74614K, committed 75264K, reserved 1122304K
  class space    used 10270K, committed 10560K, reserved 1048576K

Heap Regions: E=young(eden), S=young(survivor), O=old, HS=humongous(starts), HC=humongous(continues), CS=collection set, F=free, OA=open archive, CA=closed archive, TAMS=top-at-mark-start (previous, next)
|   0|0x00000000c0000000, 0x00000000c00ffff0, 0x00000000c0100000| 99%| O|  |TAMS 0x00000000c00ffff0, 0x00000000c0000000| Untracked 
|   1|0x00000000c0100000, 0x00000000c0200000, 0x00000000c0200000|100%| O|  |TAMS 0x00000000c0200000, 0x00000000c0100000| Untracked 
|   2|0x00000000c0200000, 0x00000000c02feda8, 0x00000000c0300000| 99%| O|  |TAMS 0x00000000c02feda8, 0x00000000c0200000| Untracked 
|   3|0x00000000c0300000, 0x00000000c0400000, 0x00000000c0400000|100%| O|  |TAMS 0x00000000c0400000, 0x00000000c0300000| Untracked 
|   4|0x00000000c0400000, 0x00000000c0500000, 0x00000000c0500000|100%| O|  |TAMS 0x00000000c0500000, 0x00000000c0400000| Untracked 
|   5|0x00000000c0500000, 0x00000000c05ffff8, 0x00000000c0600000| 99%| O|  |TAMS 0x00000000c05ffff8, 0x00000000c0500000| Untracked 
|   6|0x00000000c0600000, 0x00000000c0700000, 0x00000000c0700000|100%| O|  |TAMS 0x00000000c0700000, 0x00000000c0600000| Untracked 
|   7|0x00000000c0700000, 0x00000000c0800000, 0x00000000c0800000|100%| O|  |TAMS 0x00000000c0800000, 0x00000000c0700000| Untracked 
|   8|0x00000000c0800000, 0x00000000c08fffc8, 0x00000000c0900000| 99%| O|  |TAMS 0x00000000c08fffc8, 0x00000000c0800000| Untracked 
|   9|0x00000000c0900000, 0x00000000c09f5af0, 0x00000000c0a00000| 95%| O|  |TAMS 0x00000000c09f5af0, 0x00000000c0900000| Untracked 
|  10|0x00000000c0a00000, 0x00000000c0b00000, 0x00000000c0b00000|100%| O|  |TAMS 0x00000000c0b00000, 0x00000000c0a00000| Untracked 
|  11|0x00000000c0b00000, 0x00000000c0bfb758, 0x00000000c0c00000| 98%| O|  |TAMS 0x00000000c0bfb758, 0x00000000c0b00000| Untracked 
|  12|0x00000000c0c00000, 0x00000000c0cffff8, 0x00000000c0d00000| 99%| O|  |TAMS 0x00000000c0cffff8, 0x00000000c0c00000| Untracked 
|  13|0x00000000c0d00000, 0x00000000c0dff558, 0x00000000c0e00000| 99%| O|  |TAMS 0x00000000c0dff558, 0x00000000c0d00000| Untracked 
|  14|0x00000000c0e00000, 0x00000000c0efffe8, 0x00000000c0f00000| 99%| O|  |TAMS 0x00000000c0efffe8, 0x00000000c0e00000| Untracked 
|  15|0x00000000c0f00000, 0x00000000c0fffff0, 0x00000000c1000000| 99%| O|  |TAMS 0x00000000c0fffff0, 0x00000000c0f00000| Untracked 
|  16|0x00000000c1000000, 0x00000000c10ffff0, 0x00000000c1100000| 99%| O|  |TAMS 0x00000000c10ffff0, 0x00000000c1000000| Untracked 
|  17|0x00000000c1100000, 0x00000000c11fffe8, 0x00000000c1200000| 99%| O|  |TAMS 0x00000000c11fffe8, 0x00000000c1100000| Untracked 
|  18|0x00000000c1200000, 0x00000000c12ffff8, 0x00000000c1300000| 99%| O|  |TAMS 0x00000000c12ffff8, 0x00000000c1200000| Untracked 
|  19|0x00000000c1300000, 0x00000000c13ffff8, 0x00000000c1400000| 99%| O|  |TAMS 0x00000000c13ffff8, 0x00000000c1300000| Untracked 
|  20|0x00000000c1400000, 0x00000000c14fffc8, 0x00000000c1500000| 99%| O|  |TAMS 0x00000000c14fffc8, 0x00000000c1400000| Untracked 
|  21|0x00000000c1500000, 0x00000000c1600000, 0x00000000c1600000|100%| O|  |TAMS 0x00000000c1600000, 0x00000000c1500000| Untracked 
|  22|0x00000000c1600000, 0x00000000c16fffd0, 0x00000000c1700000| 99%| O|  |TAMS 0x00000000c16fffd0, 0x00000000c1600000| Untracked 
|  23|0x00000000c1700000, 0x00000000c17ffff8, 0x00000000c1800000| 99%| O|  |TAMS 0x00000000c17ffff8, 0x00000000c1700000| Untracked 
|  24|0x00000000c1800000, 0x00000000c18fccb0, 0x00000000c1900000| 98%| O|  |TAMS 0x00000000c18fccb0, 0x00000000c1800000| Untracked 
|  25|0x00000000c1900000, 0x00000000c19faa00, 0x00000000c1a00000| 97%| O|  |TAMS 0x00000000c19faa00, 0x00000000c1900000| Untracked 
|  26|0x00000000c1a00000, 0x00000000c1afddf8, 0x00000000c1b00000| 99%| O|  |TAMS 0x00000000c1afddf8, 0x00000000c1a00000| Untracked 
|  27|0x00000000c1b00000, 0x00000000c1bfffb8, 0x00000000c1c00000| 99%| O|  |TAMS 0x00000000c1bfffb8, 0x00000000c1b00000| Untracked 
|  28|0x00000000c1c00000, 0x00000000c1cfffe8, 0x00000000c1d00000| 99%| O|  |TAMS 0x00000000c1cfffe8, 0x00000000c1c00000| Untracked 
|  29|0x00000000c1d00000, 0x00000000c1dfffc0, 0x00000000c1e00000| 99%| O|  |TAMS 0x00000000c1dfffc0, 0x00000000c1d00000| Untracked 
|  30|0x00000000c1e00000, 0x00000000c1effff0, 0x00000000c1f00000| 99%| O|  |TAMS 0x00000000c1effff0, 0x00000000c1e00000| Untracked 
|  31|0x00000000c1f00000, 0x00000000c1ffffa8, 0x00000000c2000000| 99%| O|  |TAMS 0x00000000c1ffffa8, 0x00000000c1f00000| Untracked 
|  32|0x00000000c2000000, 0x00000000c20f40a0, 0x00000000c2100000| 95%| O|  |TAMS 0x00000000c20f40a0, 0x00000000c2000000| Untracked 
|  33|0x00000000c2100000, 0x00000000c21ffff8, 0x00000000c2200000| 99%| O|  |TAMS 0x00000000c21ffff8, 0x00000000c2100000| Untracked 
|  34|0x00000000c2200000, 0x00000000c22feec0, 0x00000000c2300000| 99%| O|  |TAMS 0x00000000c22feec0, 0x00000000c2200000| Untracked 
|  35|0x00000000c2300000, 0x00000000c23fffe0, 0x00000000c2400000| 99%| O|  |TAMS 0x00000000c23fffe0, 0x00000000c2300000| Untracked 
|  36|0x00000000c2400000, 0x00000000c24ffff0, 0x00000000c2500000| 99%| O|  |TAMS 0x00000000c24ffff0, 0x00000000c2400000| Untracked 
|  37|0x00000000c2500000, 0x00000000c25fffe8, 0x00000000c2600000| 99%| O|  |TAMS 0x00000000c25fffe8, 0x00000000c2500000| Untracked 
|  38|0x00000000c2600000, 0x00000000c26fffd8, 0x00000000c2700000| 99%| O|  |TAMS 0x00000000c26fffd8, 0x00000000c2600000| Untracked 
|  39|0x00000000c2700000, 0x00000000c27ffff0, 0x00000000c2800000| 99%| O|  |TAMS 0x00000000c27ffff0, 0x00000000c2700000| Untracked 
|  40|0x00000000c2800000, 0x00000000c28fffc0, 0x00000000c2900000| 99%| O|  |TAMS 0x00000000c28fffc0, 0x00000000c2800000| Untracked 
|  41|0x00000000c2900000, 0x00000000c2a00000, 0x00000000c2a00000|100%| O|  |TAMS 0x00000000c2a00000, 0x00000000c2900000| Untracked 
|  42|0x00000000c2a00000, 0x00000000c2afffc0, 0x00000000c2b00000| 99%| O|  |TAMS 0x00000000c2afffc0, 0x00000000c2a00000| Untracked 
|  43|0x00000000c2b00000, 0x00000000c2c00000, 0x00000000c2c00000|100%|HS|  |TAMS 0x00000000c2c00000, 0x00000000c2b00000| Untracked 
|  44|0x00000000c2c00000, 0x00000000c2cfffb0, 0x00000000c2d00000| 99%| O|  |TAMS 0x00000000c2cfffb0, 0x00000000c2c00000| Untracked 
|  45|0x00000000c2d00000, 0x00000000c2dffff8, 0x00000000c2e00000| 99%| O|  |TAMS 0x00000000c2dffff8, 0x00000000c2d00000| Untracked 
|  46|0x00000000c2e00000, 0x00000000c2efffe0, 0x00000000c2f00000| 99%| O|  |TAMS 0x00000000c2efffe0, 0x00000000c2e00000| Untracked 
|  47|0x00000000c2f00000, 0x00000000c2ff7d20, 0x00000000c3000000| 96%| O|  |TAMS 0x00000000c2ff7d20, 0x00000000c2f00000| Untracked 
|  48|0x00000000c3000000, 0x00000000c3100000, 0x00000000c3100000|100%| O|  |TAMS 0x00000000c3100000, 0x00000000c3000000| Untracked 
|  49|0x00000000c3100000, 0x00000000c3200000, 0x00000000c3200000|100%| O|  |TAMS 0x00000000c3200000, 0x00000000c3100000| Untracked 
|  50|0x00000000c3200000, 0x00000000c3300000, 0x00000000c3300000|100%| O|  |TAMS 0x00000000c3300000, 0x00000000c3200000| Untracked 
|  51|0x00000000c3300000, 0x00000000c3400000, 0x00000000c3400000|100%| O|  |TAMS 0x00000000c3400000, 0x00000000c3300000| Untracked 
|  52|0x00000000c3400000, 0x00000000c34fffd8, 0x00000000c3500000| 99%| O|  |TAMS 0x00000000c34fffd8, 0x00000000c3400000| Untracked 
|  53|0x00000000c3500000, 0x00000000c3600000, 0x00000000c3600000|100%|HS|  |TAMS 0x00000000c3600000, 0x00000000c3500000| Untracked 
|  54|0x00000000c3600000, 0x00000000c36ffff0, 0x00000000c3700000| 99%| O|  |TAMS 0x00000000c36ffff0, 0x00000000c3600000| Untracked 
|  55|0x00000000c3700000, 0x00000000c37fffc8, 0x00000000c3800000| 99%| O|  |TAMS 0x00000000c37fffc8, 0x00000000c3700000| Untracked 
|  56|0x00000000c3800000, 0x00000000c38ffff8, 0x00000000c3900000| 99%| O|  |TAMS 0x00000000c38ffff8, 0x00000000c3800000| Untracked 
|  57|0x00000000c3900000, 0x00000000c3a00000, 0x00000000c3a00000|100%| O|  |TAMS 0x00000000c3a00000, 0x00000000c3900000| Untracked 
|  58|0x00000000c3a00000, 0x00000000c3affff8, 0x00000000c3b00000| 99%| O|  |TAMS 0x00000000c3affff8, 0x00000000c3a00000| Untracked 
|  59|0x00000000c3b00000, 0x00000000c3bfffe0, 0x00000000c3c00000| 99%| O|  |TAMS 0x00000000c3bfffe0, 0x00000000c3b00000| Untracked 
|  60|0x00000000c3c00000, 0x00000000c3cffff8, 0x00000000c3d00000| 99%| O|  |TAMS 0x00000000c3cffff8, 0x00000000c3c00000| Untracked 
|  61|0x00000000c3d00000, 0x00000000c3dfffd0, 0x00000000c3e00000| 99%| O|  |TAMS 0x00000000c3dfffd0, 0x00000000c3d00000| Untracked 
|  62|0x00000000c3e00000, 0x00000000c3f00000, 0x00000000c3f00000|100%| O|  |TAMS 0x00000000c3f00000, 0x00000000c3e00000| Untracked 
|  63|0x00000000c3f00000, 0x00000000c3ffffe8, 0x00000000c4000000| 99%| O|  |TAMS 0x00000000c3ffffe8, 0x00000000c3f00000| Untracked 
|  64|0x00000000c4000000, 0x00000000c40ffff0, 0x00000000c4100000| 99%| O|  |TAMS 0x00000000c40ffff0, 0x00000000c4000000| Untracked 
|  65|0x00000000c4100000, 0x00000000c41fffe0, 0x00000000c4200000| 99%| O|  |TAMS 0x00000000c41fffe0, 0x00000000c4100000| Untracked 
|  66|0x00000000c4200000, 0x00000000c4300000, 0x00000000c4300000|100%| O|  |TAMS 0x00000000c4300000, 0x00000000c4200000| Untracked 
|  67|0x00000000c4300000, 0x00000000c43ff960, 0x00000000c4400000| 99%| O|  |TAMS 0x00000000c43ff960, 0x00000000c4300000| Untracked 
|  68|0x00000000c4400000, 0x00000000c4500000, 0x00000000c4500000|100%| O|  |TAMS 0x00000000c4500000, 0x00000000c4400000| Untracked 
|  69|0x00000000c4500000, 0x00000000c4600000, 0x00000000c4600000|100%|HS|  |TAMS 0x00000000c4600000, 0x00000000c4500000| Untracked 
|  70|0x00000000c4600000, 0x00000000c4700000, 0x00000000c4700000|100%|HC|  |TAMS 0x00000000c4700000, 0x00000000c4600000| Untracked 
|  71|0x00000000c4700000, 0x00000000c4800000, 0x00000000c4800000|100%|HC|  |TAMS 0x00000000c4800000, 0x00000000c4700000| Untracked 
|  72|0x00000000c4800000, 0x00000000c4900000, 0x00000000c4900000|100%| O|  |TAMS 0x00000000c4900000, 0x00000000c4800000| Untracked 
|  73|0x00000000c4900000, 0x00000000c4a00000, 0x00000000c4a00000|100%| O|  |TAMS 0x00000000c4a00000, 0x00000000c4900000| Untracked 
|  74|0x00000000c4a00000, 0x00000000c4afffd0, 0x00000000c4b00000| 99%| O|  |TAMS 0x00000000c4afffd0, 0x00000000c4a00000| Untracked 
|  75|0x00000000c4b00000, 0x00000000c4bffff0, 0x00000000c4c00000| 99%| O|  |TAMS 0x00000000c4bffff0, 0x00000000c4b00000| Untracked 
|  76|0x00000000c4c00000, 0x00000000c4cffff8, 0x00000000c4d00000| 99%| O|  |TAMS 0x00000000c4cffff8, 0x00000000c4c00000| Untracked 
|  77|0x00000000c4d00000, 0x00000000c4dfffd8, 0x00000000c4e00000| 99%| O|  |TAMS 0x00000000c4dfffd8, 0x00000000c4d00000| Untracked 
|  78|0x00000000c4e00000, 0x00000000c4effff8, 0x00000000c4f00000| 99%| O|  |TAMS 0x00000000c4effff8, 0x00000000c4e00000| Untracked 
|  79|0x00000000c4f00000, 0x00000000c5000000, 0x00000000c5000000|100%| O|  |TAMS 0x00000000c5000000, 0x00000000c4f00000| Untracked 
|  80|0x00000000c5000000, 0x00000000c50fdad0, 0x00000000c5100000| 99%| O|  |TAMS 0x00000000c50fdad0, 0x00000000c5000000| Untracked 
|  81|0x00000000c5100000, 0x00000000c5200000, 0x00000000c5200000|100%| O|  |TAMS 0x00000000c5200000, 0x00000000c5100000| Untracked 
|  82|0x00000000c5200000, 0x00000000c52fffd0, 0x00000000c5300000| 99%| O|  |TAMS 0x00000000c52fffd0, 0x00000000c5200000| Untracked 
|  83|0x00000000c5300000, 0x00000000c53ffff0, 0x00000000c5400000| 99%| O|  |TAMS 0x00000000c53ffff0, 0x00000000c5300000| Untracked 
|  84|0x00000000c5400000, 0x00000000c54ff910, 0x00000000c5500000| 99%| O|  |TAMS 0x00000000c54ff910, 0x00000000c5400000| Untracked 
|  85|0x00000000c5500000, 0x00000000c5600000, 0x00000000c5600000|100%| O|  |TAMS 0x00000000c5600000, 0x00000000c5500000| Untracked 
|  86|0x00000000c5600000, 0x00000000c56ffff0, 0x00000000c5700000| 99%| O|  |TAMS 0x00000000c56ffff0, 0x00000000c5600000| Untracked 
|  87|0x00000000c5700000, 0x00000000c57fffe8, 0x00000000c5800000| 99%| O|  |TAMS 0x00000000c57fffe8, 0x00000000c5700000| Untracked 
|  88|0x00000000c5800000, 0x00000000c58fffe0, 0x00000000c5900000| 99%| O|  |TAMS 0x00000000c58fffe0, 0x00000000c5800000| Untracked 
|  89|0x00000000c5900000, 0x00000000c59fde60, 0x00000000c5a00000| 99%| O|  |TAMS 0x00000000c59fde60, 0x00000000c5900000| Untracked 
|  90|0x00000000c5a00000, 0x00000000c5affff8, 0x00000000c5b00000| 99%| O|  |TAMS 0x00000000c5affff8, 0x00000000c5a00000| Untracked 
|  91|0x00000000c5b00000, 0x00000000c5bfe170, 0x00000000c5c00000| 99%| O|  |TAMS 0x00000000c5bfe170, 0x00000000c5b00000| Untracked 
|  92|0x00000000c5c00000, 0x00000000c5cffff8, 0x00000000c5d00000| 99%| O|  |TAMS 0x00000000c5cffff8, 0x00000000c5c00000| Untracked 
|  93|0x00000000c5d00000, 0x00000000c5dfffc8, 0x00000000c5e00000| 99%| O|  |TAMS 0x00000000c5dfffc8, 0x00000000c5d00000| Untracked 
|  94|0x00000000c5e00000, 0x00000000c5f00000, 0x00000000c5f00000|100%| O|  |TAMS 0x00000000c5f00000, 0x00000000c5e00000| Untracked 
|  95|0x00000000c5f00000, 0x00000000c5ffffd0, 0x00000000c6000000| 99%| O|  |TAMS 0x00000000c5ffffd0, 0x00000000c5f00000| Untracked 
|  96|0x00000000c6000000, 0x00000000c60ffff0, 0x00000000c6100000| 99%| O|  |TAMS 0x00000000c60ffff0, 0x00000000c6000000| Untracked 
|  97|0x00000000c6100000, 0x00000000c6200000, 0x00000000c6200000|100%| O|  |TAMS 0x00000000c6200000, 0x00000000c6100000| Untracked 
|  98|0x00000000c6200000, 0x00000000c62ffff8, 0x00000000c6300000| 99%| O|  |TAMS 0x00000000c62ffff8, 0x00000000c6200000| Untracked 
|  99|0x00000000c6300000, 0x00000000c63fc178, 0x00000000c6400000| 98%| O|  |TAMS 0x00000000c63fc178, 0x00000000c6300000| Untracked 
| 100|0x00000000c6400000, 0x00000000c64ffff0, 0x00000000c6500000| 99%| O|  |TAMS 0x00000000c64ffff0, 0x00000000c6400000| Untracked 
| 101|0x00000000c6500000, 0x00000000c65ff180, 0x00000000c6600000| 99%| O|  |TAMS 0x00000000c65ff180, 0x00000000c6500000| Untracked 
| 102|0x00000000c6600000, 0x00000000c6700000, 0x00000000c6700000|100%| O|  |TAMS 0x00000000c6700000, 0x00000000c6600000| Untracked 
| 103|0x00000000c6700000, 0x00000000c6800000, 0x00000000c6800000|100%| O|  |TAMS 0x00000000c6800000, 0x00000000c6700000| Untracked 
| 104|0x00000000c6800000, 0x00000000c68fffe8, 0x00000000c6900000| 99%| O|  |TAMS 0x00000000c68fffe8, 0x00000000c6800000| Untracked 
| 105|0x00000000c6900000, 0x00000000c6a00000, 0x00000000c6a00000|100%| O|  |TAMS 0x00000000c6a00000, 0x00000000c6900000| Untracked 
| 106|0x00000000c6a00000, 0x00000000c6b00000, 0x00000000c6b00000|100%| O|  |TAMS 0x00000000c6b00000, 0x00000000c6a00000| Untracked 
| 107|0x00000000c6b00000, 0x00000000c6c00000, 0x00000000c6c00000|100%| O|  |TAMS 0x00000000c6c00000, 0x00000000c6b00000| Untracked 
| 108|0x00000000c6c00000, 0x00000000c6d00000, 0x00000000c6d00000|100%| O|  |TAMS 0x00000000c6d00000, 0x00000000c6c00000| Untracked 
| 109|0x00000000c6d00000, 0x00000000c6dfffe8, 0x00000000c6e00000| 99%| O|  |TAMS 0x00000000c6dfffe8, 0x00000000c6d00000| Untracked 
| 110|0x00000000c6e00000, 0x00000000c6efec60, 0x00000000c6f00000| 99%| O|  |TAMS 0x00000000c6efec60, 0x00000000c6e00000| Untracked 
| 111|0x00000000c6f00000, 0x00000000c7000000, 0x00000000c7000000|100%| O|  |TAMS 0x00000000c7000000, 0x00000000c6f00000| Untracked 
| 112|0x00000000c7000000, 0x00000000c7100000, 0x00000000c7100000|100%| O|  |TAMS 0x00000000c7100000, 0x00000000c7000000| Untracked 
| 113|0x00000000c7100000, 0x00000000c71fffe8, 0x00000000c7200000| 99%| O|  |TAMS 0x00000000c71fffe8, 0x00000000c7100000| Untracked 
| 114|0x00000000c7200000, 0x00000000c72fffe0, 0x00000000c7300000| 99%| O|  |TAMS 0x00000000c72fffe0, 0x00000000c7200000| Untracked 
| 115|0x00000000c7300000, 0x00000000c7400000, 0x00000000c7400000|100%| O|  |TAMS 0x00000000c7400000, 0x00000000c7300000| Untracked 
| 116|0x00000000c7400000, 0x00000000c7500000, 0x00000000c7500000|100%| O|  |TAMS 0x00000000c7500000, 0x00000000c7400000| Untracked 
| 117|0x00000000c7500000, 0x00000000c7600000, 0x00000000c7600000|100%| O|  |TAMS 0x00000000c7600000, 0x00000000c7500000| Untracked 
| 118|0x00000000c7600000, 0x00000000c76ffff8, 0x00000000c7700000| 99%| O|  |TAMS 0x00000000c76ffff8, 0x00000000c7600000| Untracked 
| 119|0x00000000c7700000, 0x00000000c77fe500, 0x00000000c7800000| 99%| O|  |TAMS 0x00000000c77fe500, 0x00000000c7700000| Untracked 
| 120|0x00000000c7800000, 0x00000000c78ffff0, 0x00000000c7900000| 99%| O|  |TAMS 0x00000000c78ffff0, 0x00000000c7800000| Untracked 
| 121|0x00000000c7900000, 0x00000000c79fffe8, 0x00000000c7a00000| 99%| O|  |TAMS 0x00000000c79fffe8, 0x00000000c7900000| Untracked 
| 122|0x00000000c7a00000, 0x00000000c7afffc8, 0x00000000c7b00000| 99%| O|  |TAMS 0x00000000c7afffc8, 0x00000000c7a00000| Untracked 
| 123|0x00000000c7b00000, 0x00000000c7c00000, 0x00000000c7c00000|100%| O|  |TAMS 0x00000000c7c00000, 0x00000000c7b00000| Untracked 
| 124|0x00000000c7c00000, 0x00000000c7d00000, 0x00000000c7d00000|100%| O|  |TAMS 0x00000000c7d00000, 0x00000000c7c00000| Untracked 
| 125|0x00000000c7d00000, 0x00000000c7e00000, 0x00000000c7e00000|100%| O|  |TAMS 0x00000000c7e00000, 0x00000000c7d00000| Untracked 
| 126|0x00000000c7e00000, 0x00000000c7f00000, 0x00000000c7f00000|100%| O|  |TAMS 0x00000000c7f00000, 0x00000000c7e00000| Untracked 
| 127|0x00000000c7f00000, 0x00000000c8000000, 0x00000000c8000000|100%| O|  |TAMS 0x00000000c8000000, 0x00000000c7f00000| Untracked 
| 128|0x00000000c8000000, 0x00000000c8100000, 0x00000000c8100000|100%| O|  |TAMS 0x00000000c8100000, 0x00000000c8000000| Untracked 
| 129|0x00000000c8100000, 0x00000000c8200000, 0x00000000c8200000|100%| O|  |TAMS 0x00000000c8200000, 0x00000000c8100000| Untracked 
| 130|0x00000000c8200000, 0x00000000c8300000, 0x00000000c8300000|100%| O|  |TAMS 0x00000000c8300000, 0x00000000c8200000| Untracked 
| 131|0x00000000c8300000, 0x00000000c83fffe0, 0x00000000c8400000| 99%| O|  |TAMS 0x00000000c83fffe0, 0x00000000c8300000| Untracked 
| 132|0x00000000c8400000, 0x00000000c84ffff0, 0x00000000c8500000| 99%| O|  |TAMS 0x00000000c84ffff0, 0x00000000c8400000| Untracked 
| 133|0x00000000c8500000, 0x00000000c8600000, 0x00000000c8600000|100%| O|  |TAMS 0x00000000c8600000, 0x00000000c8500000| Untracked 
| 134|0x00000000c8600000, 0x00000000c86fe268, 0x00000000c8700000| 99%| O|  |TAMS 0x00000000c86fe268, 0x00000000c8600000| Untracked 
| 135|0x00000000c8700000, 0x00000000c87fc0a8, 0x00000000c8800000| 98%| O|  |TAMS 0x00000000c87fc0a8, 0x00000000c8700000| Untracked 
| 136|0x00000000c8800000, 0x00000000c8900000, 0x00000000c8900000|100%| O|  |TAMS 0x00000000c8900000, 0x00000000c8800000| Untracked 
| 137|0x00000000c8900000, 0x00000000c89feac0, 0x00000000c8a00000| 99%| O|  |TAMS 0x00000000c89feac0, 0x00000000c8900000| Untracked 
| 138|0x00000000c8a00000, 0x00000000c8b00000, 0x00000000c8b00000|100%| O|  |TAMS 0x00000000c8b00000, 0x00000000c8a00000| Untracked 
| 139|0x00000000c8b00000, 0x00000000c8bffb48, 0x00000000c8c00000| 99%| O|  |TAMS 0x00000000c8bffb48, 0x00000000c8b00000| Untracked 
| 140|0x00000000c8c00000, 0x00000000c8cffff8, 0x00000000c8d00000| 99%| O|  |TAMS 0x00000000c8cffff8, 0x00000000c8c00000| Untracked 
| 141|0x00000000c8d00000, 0x00000000c8dfffe8, 0x00000000c8e00000| 99%| O|  |TAMS 0x00000000c8dfffe8, 0x00000000c8d00000| Untracked 
| 142|0x00000000c8e00000, 0x00000000c8efffc8, 0x00000000c8f00000| 99%| O|  |TAMS 0x00000000c8efffc8, 0x00000000c8e00000| Untracked 
| 143|0x00000000c8f00000, 0x00000000c9000000, 0x00000000c9000000|100%| O|  |TAMS 0x00000000c9000000, 0x00000000c8f00000| Untracked 
| 144|0x00000000c9000000, 0x00000000c90fcf20, 0x00000000c9100000| 98%| O|  |TAMS 0x00000000c90fcf20, 0x00000000c9000000| Untracked 
| 145|0x00000000c9100000, 0x00000000c91fffe8, 0x00000000c9200000| 99%| O|  |TAMS 0x00000000c91fffe8, 0x00000000c9100000| Untracked 
| 146|0x00000000c9200000, 0x00000000c9300000, 0x00000000c9300000|100%| O|  |TAMS 0x00000000c9300000, 0x00000000c9200000| Untracked 
| 147|0x00000000c9300000, 0x00000000c9400000, 0x00000000c9400000|100%| O|  |TAMS 0x00000000c9400000, 0x00000000c9300000| Untracked 
| 148|0x00000000c9400000, 0x00000000c9500000, 0x00000000c9500000|100%| O|  |TAMS 0x00000000c9500000, 0x00000000c9400000| Untracked 
| 149|0x00000000c9500000, 0x00000000c95ffff8, 0x00000000c9600000| 99%| O|  |TAMS 0x00000000c95ffff8, 0x00000000c9500000| Untracked 
| 150|0x00000000c9600000, 0x00000000c9700000, 0x00000000c9700000|100%| O|  |TAMS 0x00000000c9700000, 0x00000000c9600000| Untracked 
| 151|0x00000000c9700000, 0x00000000c9800000, 0x00000000c9800000|100%| O|  |TAMS 0x00000000c9800000, 0x00000000c9700000| Untracked 
| 152|0x00000000c9800000, 0x00000000c98ff080, 0x00000000c9900000| 99%| O|  |TAMS 0x00000000c98ff080, 0x00000000c9800000| Untracked 
| 153|0x00000000c9900000, 0x00000000c9a00000, 0x00000000c9a00000|100%| O|  |TAMS 0x00000000c9a00000, 0x00000000c9900000| Untracked 
| 154|0x00000000c9a00000, 0x00000000c9afffd8, 0x00000000c9b00000| 99%| O|  |TAMS 0x00000000c9afffd8, 0x00000000c9a00000| Untracked 
| 155|0x00000000c9b00000, 0x00000000c9c00000, 0x00000000c9c00000|100%| O|  |TAMS 0x00000000c9c00000, 0x00000000c9b00000| Untracked 
| 156|0x00000000c9c00000, 0x00000000c9cff8a0, 0x00000000c9d00000| 99%| O|  |TAMS 0x00000000c9cff8a0, 0x00000000c9c00000| Untracked 
| 157|0x00000000c9d00000, 0x00000000c9e00000, 0x00000000c9e00000|100%| O|  |TAMS 0x00000000c9e00000, 0x00000000c9d00000| Untracked 
| 158|0x00000000c9e00000, 0x00000000c9efffe0, 0x00000000c9f00000| 99%| O|  |TAMS 0x00000000c9efffe0, 0x00000000c9e00000| Untracked 
| 159|0x00000000c9f00000, 0x00000000c9ffffc8, 0x00000000ca000000| 99%| O|  |TAMS 0x00000000c9ffffc8, 0x00000000c9f00000| Untracked 
| 160|0x00000000ca000000, 0x00000000ca0ffff0, 0x00000000ca100000| 99%| O|  |TAMS 0x00000000ca0ffff0, 0x00000000ca000000| Untracked 
| 161|0x00000000ca100000, 0x00000000ca1ffff8, 0x00000000ca200000| 99%| O|  |TAMS 0x00000000ca1ffff8, 0x00000000ca100000| Untracked 
| 162|0x00000000ca200000, 0x00000000ca2ffff0, 0x00000000ca300000| 99%| O|  |TAMS 0x00000000ca2ffff0, 0x00000000ca200000| Untracked 
| 163|0x00000000ca300000, 0x00000000ca400000, 0x00000000ca400000|100%| O|  |TAMS 0x00000000ca400000, 0x00000000ca300000| Untracked 
| 164|0x00000000ca400000, 0x00000000ca500000, 0x00000000ca500000|100%| O|  |TAMS 0x00000000ca500000, 0x00000000ca400000| Untracked 
| 165|0x00000000ca500000, 0x00000000ca5ffff0, 0x00000000ca600000| 99%| O|  |TAMS 0x00000000ca5ffff0, 0x00000000ca500000| Untracked 
| 166|0x00000000ca600000, 0x00000000ca700000, 0x00000000ca700000|100%| O|  |TAMS 0x00000000ca700000, 0x00000000ca600000| Untracked 
| 167|0x00000000ca700000, 0x00000000ca7fffc0, 0x00000000ca800000| 99%| O|  |TAMS 0x00000000ca7fffc0, 0x00000000ca700000| Untracked 
| 168|0x00000000ca800000, 0x00000000ca8fc940, 0x00000000ca900000| 98%| O|  |TAMS 0x00000000ca8fc940, 0x00000000ca800000| Untracked 
| 169|0x00000000ca900000, 0x00000000ca9fffe8, 0x00000000caa00000| 99%| O|  |TAMS 0x00000000ca9fffe8, 0x00000000ca900000| Untracked 
| 170|0x00000000caa00000, 0x00000000cab00000, 0x00000000cab00000|100%| O|  |TAMS 0x00000000cab00000, 0x00000000caa00000| Untracked 
| 171|0x00000000cab00000, 0x00000000cabffff8, 0x00000000cac00000| 99%| O|  |TAMS 0x00000000cabffff8, 0x00000000cab00000| Untracked 
| 172|0x00000000cac00000, 0x00000000cacff838, 0x00000000cad00000| 99%| O|  |TAMS 0x00000000cacff838, 0x00000000cac00000| Untracked 
| 173|0x00000000cad00000, 0x00000000cadfffe8, 0x00000000cae00000| 99%| O|  |TAMS 0x00000000cadfffe8, 0x00000000cad00000| Untracked 
| 174|0x00000000cae00000, 0x00000000caf00000, 0x00000000caf00000|100%| O|  |TAMS 0x00000000caf00000, 0x00000000cae00000| Untracked 
| 175|0x00000000caf00000, 0x00000000cafffff8, 0x00000000cb000000| 99%| O|  |TAMS 0x00000000cafffff8, 0x00000000caf00000| Untracked 
| 176|0x00000000cb000000, 0x00000000cb0ffff8, 0x00000000cb100000| 99%| O|  |TAMS 0x00000000cb0ffff8, 0x00000000cb000000| Untracked 
| 177|0x00000000cb100000, 0x00000000cb1ffff8, 0x00000000cb200000| 99%| O|  |TAMS 0x00000000cb1ffff8, 0x00000000cb100000| Untracked 
| 178|0x00000000cb200000, 0x00000000cb2ffff0, 0x00000000cb300000| 99%| O|  |TAMS 0x00000000cb2ffff0, 0x00000000cb200000| Untracked 
| 179|0x00000000cb300000, 0x00000000cb400000, 0x00000000cb400000|100%| O|  |TAMS 0x00000000cb400000, 0x00000000cb300000| Untracked 
| 180|0x00000000cb400000, 0x00000000cb4ffff0, 0x00000000cb500000| 99%| O|  |TAMS 0x00000000cb4ffff0, 0x00000000cb400000| Untracked 
| 181|0x00000000cb500000, 0x00000000cb5ffff8, 0x00000000cb600000| 99%| O|  |TAMS 0x00000000cb5ffff8, 0x00000000cb500000| Untracked 
| 182|0x00000000cb600000, 0x00000000cb6fffe0, 0x00000000cb700000| 99%| O|  |TAMS 0x00000000cb6fffe0, 0x00000000cb600000| Untracked 
| 183|0x00000000cb700000, 0x00000000cb7fffd8, 0x00000000cb800000| 99%| O|  |TAMS 0x00000000cb7fffd8, 0x00000000cb700000| Untracked 
| 184|0x00000000cb800000, 0x00000000cb8ffff8, 0x00000000cb900000| 99%| O|  |TAMS 0x00000000cb8ffff8, 0x00000000cb800000| Untracked 
| 185|0x00000000cb900000, 0x00000000cb9ffff0, 0x00000000cba00000| 99%| O|  |TAMS 0x00000000cb9ffff0, 0x00000000cb900000| Untracked 
| 186|0x00000000cba00000, 0x00000000cbb00000, 0x00000000cbb00000|100%| O|  |TAMS 0x00000000cbb00000, 0x00000000cba00000| Untracked 
| 187|0x00000000cbb00000, 0x00000000cbbd21b8, 0x00000000cbc00000| 82%| O|  |TAMS 0x00000000cbb00000, 0x00000000cbb00000| Untracked 
| 188|0x00000000cbc00000, 0x00000000cbcffff8, 0x00000000cbd00000| 99%| O|  |TAMS 0x00000000cbcffff8, 0x00000000cbc00000| Untracked 
| 189|0x00000000cbd00000, 0x00000000cbdfffc0, 0x00000000cbe00000| 99%| O|  |TAMS 0x00000000cbdfffc0, 0x00000000cbd00000| Untracked 
| 190|0x00000000cbe00000, 0x00000000cbeffff0, 0x00000000cbf00000| 99%| O|  |TAMS 0x00000000cbeffff0, 0x00000000cbe00000| Untracked 
| 191|0x00000000cbf00000, 0x00000000cbfffff8, 0x00000000cc000000| 99%| O|  |TAMS 0x00000000cbfffff8, 0x00000000cbf00000| Untracked 
| 192|0x00000000cc000000, 0x00000000cc031038, 0x00000000cc100000| 19%| O|  |TAMS 0x00000000cc000000, 0x00000000cc000000| Untracked 
| 193|0x00000000cc100000, 0x00000000cc100000, 0x00000000cc200000|  0%| F|  |TAMS 0x00000000cc100000, 0x00000000cc100000| Untracked 
| 194|0x00000000cc200000, 0x00000000cc200000, 0x00000000cc300000|  0%| F|  |TAMS 0x00000000cc200000, 0x00000000cc200000| Untracked 
| 195|0x00000000cc300000, 0x00000000cc300000, 0x00000000cc400000|  0%| F|  |TAMS 0x00000000cc300000, 0x00000000cc300000| Untracked 
| 196|0x00000000cc400000, 0x00000000cc400000, 0x00000000cc500000|  0%| F|  |TAMS 0x00000000cc400000, 0x00000000cc400000| Untracked 
| 197|0x00000000cc500000, 0x00000000cc500000, 0x00000000cc600000|  0%| F|  |TAMS 0x00000000cc500000, 0x00000000cc500000| Untracked 
| 198|0x00000000cc600000, 0x00000000cc600000, 0x00000000cc700000|  0%| F|  |TAMS 0x00000000cc600000, 0x00000000cc600000| Untracked 
| 199|0x00000000cc700000, 0x00000000cc700000, 0x00000000cc800000|  0%| F|  |TAMS 0x00000000cc700000, 0x00000000cc700000| Untracked 
| 200|0x00000000cc800000, 0x00000000cc800000, 0x00000000cc900000|  0%| F|  |TAMS 0x00000000cc800000, 0x00000000cc800000| Untracked 
| 201|0x00000000cc900000, 0x00000000cc900000, 0x00000000cca00000|  0%| F|  |TAMS 0x00000000cc900000, 0x00000000cc900000| Untracked 
| 202|0x00000000cca00000, 0x00000000cca00000, 0x00000000ccb00000|  0%| F|  |TAMS 0x00000000cca00000, 0x00000000cca00000| Untracked 
| 203|0x00000000ccb00000, 0x00000000ccb00000, 0x00000000ccc00000|  0%| F|  |TAMS 0x00000000ccb00000, 0x00000000ccb00000| Untracked 
| 204|0x00000000ccc00000, 0x00000000ccc00000, 0x00000000ccd00000|  0%| F|  |TAMS 0x00000000ccc00000, 0x00000000ccc00000| Untracked 
| 205|0x00000000ccd00000, 0x00000000ccd00000, 0x00000000cce00000|  0%| F|  |TAMS 0x00000000ccd00000, 0x00000000ccd00000| Untracked 
| 206|0x00000000cce00000, 0x00000000cce00000, 0x00000000ccf00000|  0%| F|  |TAMS 0x00000000cce00000, 0x00000000cce00000| Untracked 
| 207|0x00000000ccf00000, 0x00000000ccf00000, 0x00000000cd000000|  0%| F|  |TAMS 0x00000000ccf00000, 0x00000000ccf00000| Untracked 
| 208|0x00000000cd000000, 0x00000000cd000000, 0x00000000cd100000|  0%| F|  |TAMS 0x00000000cd000000, 0x00000000cd000000| Untracked 
| 209|0x00000000cd100000, 0x00000000cd100000, 0x00000000cd200000|  0%| F|  |TAMS 0x00000000cd100000, 0x00000000cd100000| Untracked 
| 210|0x00000000cd200000, 0x00000000cd200000, 0x00000000cd300000|  0%| F|  |TAMS 0x00000000cd200000, 0x00000000cd200000| Untracked 
| 211|0x00000000cd300000, 0x00000000cd300000, 0x00000000cd400000|  0%| F|  |TAMS 0x00000000cd300000, 0x00000000cd300000| Untracked 
| 212|0x00000000cd400000, 0x00000000cd400000, 0x00000000cd500000|  0%| F|  |TAMS 0x00000000cd400000, 0x00000000cd400000| Untracked 
| 213|0x00000000cd500000, 0x00000000cd500000, 0x00000000cd600000|  0%| F|  |TAMS 0x00000000cd500000, 0x00000000cd500000| Untracked 
| 214|0x00000000cd600000, 0x00000000cd600000, 0x00000000cd700000|  0%| F|  |TAMS 0x00000000cd600000, 0x00000000cd600000| Untracked 
| 215|0x00000000cd700000, 0x00000000cd700000, 0x00000000cd800000|  0%| F|  |TAMS 0x00000000cd700000, 0x00000000cd700000| Untracked 
| 216|0x00000000cd800000, 0x00000000cd800000, 0x00000000cd900000|  0%| F|  |TAMS 0x00000000cd800000, 0x00000000cd800000| Untracked 
| 217|0x00000000cd900000, 0x00000000cd900000, 0x00000000cda00000|  0%| F|  |TAMS 0x00000000cd900000, 0x00000000cd900000| Untracked 
| 218|0x00000000cda00000, 0x00000000cda00000, 0x00000000cdb00000|  0%| F|  |TAMS 0x00000000cda00000, 0x00000000cda00000| Untracked 
| 219|0x00000000cdb00000, 0x00000000cdb00000, 0x00000000cdc00000|  0%| F|  |TAMS 0x00000000cdb00000, 0x00000000cdb00000| Untracked 
| 220|0x00000000cdc00000, 0x00000000cdc00000, 0x00000000cdd00000|  0%| F|  |TAMS 0x00000000cdc00000, 0x00000000cdc00000| Untracked 
| 221|0x00000000cdd00000, 0x00000000cdd00000, 0x00000000cde00000|  0%| F|  |TAMS 0x00000000cdd00000, 0x00000000cdd00000| Untracked 
| 222|0x00000000cde00000, 0x00000000cde00000, 0x00000000cdf00000|  0%| F|  |TAMS 0x00000000cde00000, 0x00000000cde00000| Untracked 
| 223|0x00000000cdf00000, 0x00000000cdf00000, 0x00000000ce000000|  0%| F|  |TAMS 0x00000000cdf00000, 0x00000000cdf00000| Untracked 
| 224|0x00000000ce000000, 0x00000000ce000000, 0x00000000ce100000|  0%| F|  |TAMS 0x00000000ce000000, 0x00000000ce000000| Untracked 
| 225|0x00000000ce100000, 0x00000000ce100000, 0x00000000ce200000|  0%| F|  |TAMS 0x00000000ce100000, 0x00000000ce100000| Untracked 
| 226|0x00000000ce200000, 0x00000000ce200000, 0x00000000ce300000|  0%| F|  |TAMS 0x00000000ce200000, 0x00000000ce200000| Untracked 
| 227|0x00000000ce300000, 0x00000000ce300000, 0x00000000ce400000|  0%| F|  |TAMS 0x00000000ce300000, 0x00000000ce300000| Untracked 
| 228|0x00000000ce400000, 0x00000000ce400000, 0x00000000ce500000|  0%| F|  |TAMS 0x00000000ce400000, 0x00000000ce400000| Untracked 
| 229|0x00000000ce500000, 0x00000000ce500000, 0x00000000ce600000|  0%| F|  |TAMS 0x00000000ce500000, 0x00000000ce500000| Untracked 
| 230|0x00000000ce600000, 0x00000000ce600000, 0x00000000ce700000|  0%| F|  |TAMS 0x00000000ce600000, 0x00000000ce600000| Untracked 
| 231|0x00000000ce700000, 0x00000000ce700000, 0x00000000ce800000|  0%| F|  |TAMS 0x00000000ce700000, 0x00000000ce700000| Untracked 
| 232|0x00000000ce800000, 0x00000000ce800000, 0x00000000ce900000|  0%| F|  |TAMS 0x00000000ce800000, 0x00000000ce800000| Untracked 
| 233|0x00000000ce900000, 0x00000000ce900000, 0x00000000cea00000|  0%| F|  |TAMS 0x00000000ce900000, 0x00000000ce900000| Untracked 
| 234|0x00000000cea00000, 0x00000000cea00000, 0x00000000ceb00000|  0%| F|  |TAMS 0x00000000cea00000, 0x00000000cea00000| Untracked 
| 235|0x00000000ceb00000, 0x00000000cec00000, 0x00000000cec00000|100%| O|  |TAMS 0x00000000cec00000, 0x00000000ceb00000| Untracked 
| 236|0x00000000cec00000, 0x00000000ced00000, 0x00000000ced00000|100%| O|  |TAMS 0x00000000ced00000, 0x00000000cec00000| Untracked 
| 237|0x00000000ced00000, 0x00000000ced00000, 0x00000000cee00000|  0%| F|  |TAMS 0x00000000ced00000, 0x00000000ced00000| Untracked 
| 238|0x00000000cee00000, 0x00000000cee00000, 0x00000000cef00000|  0%| F|  |TAMS 0x00000000cee00000, 0x00000000cee00000| Untracked 
| 239|0x00000000cef00000, 0x00000000cef00000, 0x00000000cf000000|  0%| F|  |TAMS 0x00000000cef00000, 0x00000000cef00000| Untracked 
| 240|0x00000000cf000000, 0x00000000cf000000, 0x00000000cf100000|  0%| F|  |TAMS 0x00000000cf000000, 0x00000000cf000000| Untracked 
| 241|0x00000000cf100000, 0x00000000cf100000, 0x00000000cf200000|  0%| F|  |TAMS 0x00000000cf100000, 0x00000000cf100000| Untracked 
| 242|0x00000000cf200000, 0x00000000cf200000, 0x00000000cf300000|  0%| F|  |TAMS 0x00000000cf200000, 0x00000000cf200000| Untracked 
| 243|0x00000000cf300000, 0x00000000cf300000, 0x00000000cf400000|  0%| F|  |TAMS 0x00000000cf300000, 0x00000000cf300000| Untracked 
| 244|0x00000000cf400000, 0x00000000cf400000, 0x00000000cf500000|  0%| F|  |TAMS 0x00000000cf400000, 0x00000000cf400000| Untracked 
| 245|0x00000000cf500000, 0x00000000cf500000, 0x00000000cf600000|  0%| F|  |TAMS 0x00000000cf500000, 0x00000000cf500000| Untracked 
| 246|0x00000000cf600000, 0x00000000cf600000, 0x00000000cf700000|  0%| F|  |TAMS 0x00000000cf600000, 0x00000000cf600000| Untracked 
| 247|0x00000000cf700000, 0x00000000cf700000, 0x00000000cf800000|  0%| F|  |TAMS 0x00000000cf700000, 0x00000000cf700000| Untracked 
| 248|0x00000000cf800000, 0x00000000cf800000, 0x00000000cf900000|  0%| F|  |TAMS 0x00000000cf800000, 0x00000000cf800000| Untracked 
| 249|0x00000000cf900000, 0x00000000cf900000, 0x00000000cfa00000|  0%| F|  |TAMS 0x00000000cf900000, 0x00000000cf900000| Untracked 
| 250|0x00000000cfa00000, 0x00000000cfa00000, 0x00000000cfb00000|  0%| F|  |TAMS 0x00000000cfa00000, 0x00000000cfa00000| Untracked 
| 251|0x00000000cfb00000, 0x00000000cfb00000, 0x00000000cfc00000|  0%| F|  |TAMS 0x00000000cfb00000, 0x00000000cfb00000| Untracked 
| 252|0x00000000cfc00000, 0x00000000cfc00000, 0x00000000cfd00000|  0%| F|  |TAMS 0x00000000cfc00000, 0x00000000cfc00000| Untracked 
| 253|0x00000000cfd00000, 0x00000000cfd00000, 0x00000000cfe00000|  0%| F|  |TAMS 0x00000000cfd00000, 0x00000000cfd00000| Untracked 
| 254|0x00000000cfe00000, 0x00000000cfe00000, 0x00000000cff00000|  0%| F|  |TAMS 0x00000000cfe00000, 0x00000000cfe00000| Untracked 
| 255|0x00000000cff00000, 0x00000000cff00000, 0x00000000d0000000|  0%| F|  |TAMS 0x00000000cff00000, 0x00000000cff00000| Untracked 
| 256|0x00000000d0000000, 0x00000000d0000000, 0x00000000d0100000|  0%| F|  |TAMS 0x00000000d0000000, 0x00000000d0000000| Untracked 
| 257|0x00000000d0100000, 0x00000000d0100000, 0x00000000d0200000|  0%| F|  |TAMS 0x00000000d0100000, 0x00000000d0100000| Untracked 
| 258|0x00000000d0200000, 0x00000000d0200000, 0x00000000d0300000|  0%| F|  |TAMS 0x00000000d0200000, 0x00000000d0200000| Untracked 
| 259|0x00000000d0300000, 0x00000000d0300000, 0x00000000d0400000|  0%| F|  |TAMS 0x00000000d0300000, 0x00000000d0300000| Untracked 
| 260|0x00000000d0400000, 0x00000000d0400000, 0x00000000d0500000|  0%| F|  |TAMS 0x00000000d0400000, 0x00000000d0400000| Untracked 
| 261|0x00000000d0500000, 0x00000000d0500000, 0x00000000d0600000|  0%| F|  |TAMS 0x00000000d0500000, 0x00000000d0500000| Untracked 
| 262|0x00000000d0600000, 0x00000000d0600000, 0x00000000d0700000|  0%| F|  |TAMS 0x00000000d0600000, 0x00000000d0600000| Untracked 
| 263|0x00000000d0700000, 0x00000000d0700000, 0x00000000d0800000|  0%| F|  |TAMS 0x00000000d0700000, 0x00000000d0700000| Untracked 
| 264|0x00000000d0800000, 0x00000000d0800000, 0x00000000d0900000|  0%| F|  |TAMS 0x00000000d0800000, 0x00000000d0800000| Untracked 
| 265|0x00000000d0900000, 0x00000000d0900000, 0x00000000d0a00000|  0%| F|  |TAMS 0x00000000d0900000, 0x00000000d0900000| Untracked 
| 266|0x00000000d0a00000, 0x00000000d0a00000, 0x00000000d0b00000|  0%| F|  |TAMS 0x00000000d0a00000, 0x00000000d0a00000| Untracked 
| 267|0x00000000d0b00000, 0x00000000d0b00000, 0x00000000d0c00000|  0%| F|  |TAMS 0x00000000d0b00000, 0x00000000d0b00000| Untracked 
| 268|0x00000000d0c00000, 0x00000000d0c00000, 0x00000000d0d00000|  0%| F|  |TAMS 0x00000000d0c00000, 0x00000000d0c00000| Untracked 
| 269|0x00000000d0d00000, 0x00000000d0d00000, 0x00000000d0e00000|  0%| F|  |TAMS 0x00000000d0d00000, 0x00000000d0d00000| Untracked 
| 270|0x00000000d0e00000, 0x00000000d0e00000, 0x00000000d0f00000|  0%| F|  |TAMS 0x00000000d0e00000, 0x00000000d0e00000| Untracked 
| 271|0x00000000d0f00000, 0x00000000d0f00000, 0x00000000d1000000|  0%| F|  |TAMS 0x00000000d0f00000, 0x00000000d0f00000| Untracked 
| 272|0x00000000d1000000, 0x00000000d1000000, 0x00000000d1100000|  0%| F|  |TAMS 0x00000000d1000000, 0x00000000d1000000| Untracked 
| 273|0x00000000d1100000, 0x00000000d1100000, 0x00000000d1200000|  0%| F|  |TAMS 0x00000000d1100000, 0x00000000d1100000| Untracked 
| 274|0x00000000d1200000, 0x00000000d1200000, 0x00000000d1300000|  0%| F|  |TAMS 0x00000000d1200000, 0x00000000d1200000| Untracked 
| 275|0x00000000d1300000, 0x00000000d1300000, 0x00000000d1400000|  0%| F|  |TAMS 0x00000000d1300000, 0x00000000d1300000| Untracked 
| 276|0x00000000d1400000, 0x00000000d1400000, 0x00000000d1500000|  0%| F|  |TAMS 0x00000000d1400000, 0x00000000d1400000| Untracked 
| 277|0x00000000d1500000, 0x00000000d1500000, 0x00000000d1600000|  0%| F|  |TAMS 0x00000000d1500000, 0x00000000d1500000| Untracked 
| 278|0x00000000d1600000, 0x00000000d1600000, 0x00000000d1700000|  0%| F|  |TAMS 0x00000000d1600000, 0x00000000d1600000| Untracked 
| 279|0x00000000d1700000, 0x00000000d1700000, 0x00000000d1800000|  0%| F|  |TAMS 0x00000000d1700000, 0x00000000d1700000| Untracked 
| 280|0x00000000d1800000, 0x00000000d1800000, 0x00000000d1900000|  0%| F|  |TAMS 0x00000000d1800000, 0x00000000d1800000| Untracked 
| 281|0x00000000d1900000, 0x00000000d1900000, 0x00000000d1a00000|  0%| F|  |TAMS 0x00000000d1900000, 0x00000000d1900000| Untracked 
| 282|0x00000000d1a00000, 0x00000000d1a00000, 0x00000000d1b00000|  0%| F|  |TAMS 0x00000000d1a00000, 0x00000000d1a00000| Untracked 
| 283|0x00000000d1b00000, 0x00000000d1b00000, 0x00000000d1c00000|  0%| F|  |TAMS 0x00000000d1b00000, 0x00000000d1b00000| Untracked 
| 284|0x00000000d1c00000, 0x00000000d1c00000, 0x00000000d1d00000|  0%| F|  |TAMS 0x00000000d1c00000, 0x00000000d1c00000| Untracked 
| 285|0x00000000d1d00000, 0x00000000d1d00000, 0x00000000d1e00000|  0%| F|  |TAMS 0x00000000d1d00000, 0x00000000d1d00000| Untracked 
| 286|0x00000000d1e00000, 0x00000000d1e00000, 0x00000000d1f00000|  0%| F|  |TAMS 0x00000000d1e00000, 0x00000000d1e00000| Untracked 
| 287|0x00000000d1f00000, 0x00000000d1f00000, 0x00000000d2000000|  0%| F|  |TAMS 0x00000000d1f00000, 0x00000000d1f00000| Untracked 
| 288|0x00000000d2000000, 0x00000000d2000000, 0x00000000d2100000|  0%| F|  |TAMS 0x00000000d2000000, 0x00000000d2000000| Untracked 
| 289|0x00000000d2100000, 0x00000000d2100000, 0x00000000d2200000|  0%| F|  |TAMS 0x00000000d2100000, 0x00000000d2100000| Untracked 
| 290|0x00000000d2200000, 0x00000000d2200000, 0x00000000d2300000|  0%| F|  |TAMS 0x00000000d2200000, 0x00000000d2200000| Untracked 
| 291|0x00000000d2300000, 0x00000000d2300000, 0x00000000d2400000|  0%| F|  |TAMS 0x00000000d2300000, 0x00000000d2300000| Untracked 
| 292|0x00000000d2400000, 0x00000000d2400000, 0x00000000d2500000|  0%| F|  |TAMS 0x00000000d2400000, 0x00000000d2400000| Untracked 
| 293|0x00000000d2500000, 0x00000000d2500000, 0x00000000d2600000|  0%| F|  |TAMS 0x00000000d2500000, 0x00000000d2500000| Untracked 
| 294|0x00000000d2600000, 0x00000000d2600000, 0x00000000d2700000|  0%| F|  |TAMS 0x00000000d2600000, 0x00000000d2600000| Untracked 
| 295|0x00000000d2700000, 0x00000000d2700000, 0x00000000d2800000|  0%| F|  |TAMS 0x00000000d2700000, 0x00000000d2700000| Untracked 
| 296|0x00000000d2800000, 0x00000000d2800000, 0x00000000d2900000|  0%| F|  |TAMS 0x00000000d2800000, 0x00000000d2800000| Untracked 
| 297|0x00000000d2900000, 0x00000000d2900000, 0x00000000d2a00000|  0%| F|  |TAMS 0x00000000d2900000, 0x00000000d2900000| Untracked 
| 298|0x00000000d2a00000, 0x00000000d2a00000, 0x00000000d2b00000|  0%| F|  |TAMS 0x00000000d2a00000, 0x00000000d2a00000| Untracked 
| 299|0x00000000d2b00000, 0x00000000d2b00000, 0x00000000d2c00000|  0%| F|  |TAMS 0x00000000d2b00000, 0x00000000d2b00000| Untracked 
| 300|0x00000000d2c00000, 0x00000000d2c00000, 0x00000000d2d00000|  0%| F|  |TAMS 0x00000000d2c00000, 0x00000000d2c00000| Untracked 
| 301|0x00000000d2d00000, 0x00000000d2d00000, 0x00000000d2e00000|  0%| F|  |TAMS 0x00000000d2d00000, 0x00000000d2d00000| Untracked 
| 302|0x00000000d2e00000, 0x00000000d2e00000, 0x00000000d2f00000|  0%| F|  |TAMS 0x00000000d2e00000, 0x00000000d2e00000| Untracked 
| 303|0x00000000d2f00000, 0x00000000d2f00000, 0x00000000d3000000|  0%| F|  |TAMS 0x00000000d2f00000, 0x00000000d2f00000| Untracked 
| 304|0x00000000d3000000, 0x00000000d3000000, 0x00000000d3100000|  0%| F|  |TAMS 0x00000000d3000000, 0x00000000d3000000| Untracked 
| 305|0x00000000d3100000, 0x00000000d3100000, 0x00000000d3200000|  0%| F|  |TAMS 0x00000000d3100000, 0x00000000d3100000| Untracked 
| 306|0x00000000d3200000, 0x00000000d3200000, 0x00000000d3300000|  0%| F|  |TAMS 0x00000000d3200000, 0x00000000d3200000| Untracked 
| 307|0x00000000d3300000, 0x00000000d3300000, 0x00000000d3400000|  0%| F|  |TAMS 0x00000000d3300000, 0x00000000d3300000| Untracked 
| 308|0x00000000d3400000, 0x00000000d3500000, 0x00000000d3500000|100%| O|  |TAMS 0x00000000d3500000, 0x00000000d3400000| Untracked 
| 309|0x00000000d3500000, 0x00000000d3500000, 0x00000000d3600000|  0%| F|  |TAMS 0x00000000d3500000, 0x00000000d3500000| Untracked 
| 310|0x00000000d3600000, 0x00000000d3600000, 0x00000000d3700000|  0%| F|  |TAMS 0x00000000d3600000, 0x00000000d3600000| Untracked 
| 311|0x00000000d3700000, 0x00000000d3700000, 0x00000000d3800000|  0%| F|  |TAMS 0x00000000d3700000, 0x00000000d3700000| Untracked 
| 312|0x00000000d3800000, 0x00000000d3800000, 0x00000000d3900000|  0%| F|  |TAMS 0x00000000d3800000, 0x00000000d3800000| Untracked 
| 313|0x00000000d3900000, 0x00000000d3a00000, 0x00000000d3a00000|100%| O|  |TAMS 0x00000000d3a00000, 0x00000000d3900000| Untracked 
| 314|0x00000000d3a00000, 0x00000000d3a00000, 0x00000000d3b00000|  0%| F|  |TAMS 0x00000000d3a00000, 0x00000000d3a00000| Untracked 
| 315|0x00000000d3b00000, 0x00000000d3b00000, 0x00000000d3c00000|  0%| F|  |TAMS 0x00000000d3b00000, 0x00000000d3b00000| Untracked 
| 316|0x00000000d3c00000, 0x00000000d3c00000, 0x00000000d3d00000|  0%| F|  |TAMS 0x00000000d3c00000, 0x00000000d3c00000| Untracked 
| 317|0x00000000d3d00000, 0x00000000d3d00000, 0x00000000d3e00000|  0%| F|  |TAMS 0x00000000d3d00000, 0x00000000d3d00000| Untracked 
| 318|0x00000000d3e00000, 0x00000000d3e00000, 0x00000000d3f00000|  0%| F|  |TAMS 0x00000000d3e00000, 0x00000000d3e00000| Untracked 
| 319|0x00000000d3f00000, 0x00000000d3f00000, 0x00000000d4000000|  0%| F|  |TAMS 0x00000000d3f00000, 0x00000000d3f00000| Untracked 
| 320|0x00000000d4000000, 0x00000000d4000000, 0x00000000d4100000|  0%| F|  |TAMS 0x00000000d4000000, 0x00000000d4000000| Untracked 
| 321|0x00000000d4100000, 0x00000000d4100000, 0x00000000d4200000|  0%| F|  |TAMS 0x00000000d4100000, 0x00000000d4100000| Untracked 
| 322|0x00000000d4200000, 0x00000000d4200000, 0x00000000d4300000|  0%| F|  |TAMS 0x00000000d4200000, 0x00000000d4200000| Untracked 
| 323|0x00000000d4300000, 0x00000000d4300000, 0x00000000d4400000|  0%| F|  |TAMS 0x00000000d4300000, 0x00000000d4300000| Untracked 
| 324|0x00000000d4400000, 0x00000000d4400000, 0x00000000d4500000|  0%| F|  |TAMS 0x00000000d4400000, 0x00000000d4400000| Untracked 
| 325|0x00000000d4500000, 0x00000000d4500000, 0x00000000d4600000|  0%| F|  |TAMS 0x00000000d4500000, 0x00000000d4500000| Untracked 
| 326|0x00000000d4600000, 0x00000000d4600000, 0x00000000d4700000|  0%| F|  |TAMS 0x00000000d4600000, 0x00000000d4600000| Untracked 
| 327|0x00000000d4700000, 0x00000000d4700000, 0x00000000d4800000|  0%| F|  |TAMS 0x00000000d4700000, 0x00000000d4700000| Untracked 
| 328|0x00000000d4800000, 0x00000000d4800000, 0x00000000d4900000|  0%| F|  |TAMS 0x00000000d4800000, 0x00000000d4800000| Untracked 
| 329|0x00000000d4900000, 0x00000000d4948118, 0x00000000d4a00000| 28%| E|  |TAMS 0x00000000d4900000, 0x00000000d4900000| Complete 

Card table byte_map: [0x000001a88e250000,0x000001a88e450000] _byte_map_base: 0x000001a88dc50000

Marking Bits (Prev, Next): (CMBitMap*) 0x000001a88861ba00, (CMBitMap*) 0x000001a88861b9c0
 Prev Bits: [0x000001a88f650000, 0x000001a890650000)
 Next Bits: [0x000001a88e650000, 0x000001a88f650000)

Polling page: 0x000001a887d90000

Metaspace:

Usage:
  Non-class:     62.84 MB used.
      Class:     10.03 MB used.
       Both:     72.87 MB used.

Virtual space:
  Non-class space:       72.00 MB reserved,      63.19 MB ( 88%) committed,  9 nodes.
      Class space:        1.00 GB reserved,      10.31 MB (  1%) committed,  1 nodes.
             Both:        1.07 GB reserved,      73.50 MB (  7%) committed. 

Chunk freelists:
   Non-Class:  4.06 MB
       Class:  1.57 MB
        Both:  5.63 MB

MaxMetaspaceSize: unlimited
CompressedClassSpaceSize: 1.00 GB
Initial GC threshold: 21.00 MB
Current GC threshold: 122.50 MB
CDS: off
MetaspaceReclaimPolicy: balanced
 - commit_granule_bytes: 65536.
 - commit_granule_words: 8192.
 - virtual_space_node_default_size: 1048576.
 - enlarge_chunks_in_place: 1.
 - new_chunks_are_fully_committed: 0.
 - uncommit_free_chunks: 1.
 - use_allocation_guard: 0.
 - handle_deallocations: 1.


Internal statistics:

num_allocs_failed_limit: 17.
num_arena_births: 1656.
num_arena_deaths: 1004.
num_vsnodes_births: 10.
num_vsnodes_deaths: 0.
num_space_committed: 1177.
num_space_uncommitted: 1.
num_chunks_returned_to_freelist: 1407.
num_chunks_taken_from_freelist: 4548.
num_chunk_merges: 468.
num_chunk_splits: 2719.
num_chunks_enlarged: 1797.
num_purges: 106.
num_inconsistent_stats: 0.

CodeCache: size=49152Kb used=37266Kb max_used=38360Kb free=11885Kb
 bounds [0x000001a88b250000, 0x000001a88d7f0000, 0x000001a88e250000]
 total_blobs=20042 nmethods=19345 adapters=622
 compilation: enabled
              stopped_count=0, restarted_count=0
 full_count=0

Compilation events (20 events):
Event: 26031.942 Thread 0x000001a892b64d20 19720       1       reactor.core.publisher.FluxOnAssembly::<init> (11 bytes)
Event: 26031.942 Thread 0x000001a892b64d20 nmethod 19720 0x000001a88d667e90 code [0x000001a88d668040, 0x000001a88d6683a8]
Event: 26031.942 Thread 0x000001a892b64d20 19721       1       reactor.core.publisher.FluxOnAssembly::subscribeOrReturn (14 bytes)
Event: 26031.943 Thread 0x000001a892b64d20 nmethod 19721 0x000001a88d667b90 code [0x000001a88d667d20, 0x000001a88d667e08]
Event: 26031.943 Thread 0x000001a892b64d20 19722       1       reactor.core.publisher.FluxOnAssembly::wrapSubscriber (44 bytes)
Event: 26031.944 Thread 0x000001a892b64d20 nmethod 19722 0x000001a88d667310 code [0x000001a88d6674e0, 0x000001a88d667a98]
Event: 26031.944 Thread 0x000001a892b64d20 19725       1       org.springframework.ide.vscode.boot.java.autowired.AutowiredHoverProvider::getDefinedBeanForImplicitAutowiredConstructor (51 bytes)
Event: 26031.945 Thread 0x000001a892b64d20 nmethod 19725 0x000001a88d666c90 code [0x000001a88d666e60, 0x000001a88d6670e8]
Event: 26031.945 Thread 0x000001a892b64d20 19724       1       java.util.stream.DistinctOps$1$2::accept (24 bytes)
Event: 26031.946 Thread 0x000001a892b64d20 nmethod 19724 0x000001a88d666910 code [0x000001a88d666ac0, 0x000001a88d666bf8]
Event: 26031.946 Thread 0x000001a892b64d20 19723       1       org.springframework.ide.vscode.boot.java.livehover.v2.LiveBean::getType (51 bytes)
Event: 26031.946 Thread 0x000001a892b64d20 nmethod 19723 0x000001a88d666410 code [0x000001a88d6665e0, 0x000001a88d666798]
Event: 26031.946 Thread 0x000001a892b64d20 19726   !   1       org.springframework.ide.vscode.boot.java.autowired.AutowiredHoverProvider::getLiveHintCodeLenses (148 bytes)
Event: 26031.950 Thread 0x000001a892b64d20 nmethod 19726 0x000001a88d665210 code [0x000001a88d665480, 0x000001a88d665bc8]
Event: 26077.144 Thread 0x000001a892b64d20 19727       1       java.security.AccessController::doPrivileged (17 bytes)
Event: 26077.144 Thread 0x000001a892b64d20 nmethod 19727 0x000001a88d664e10 code [0x000001a88d664fc0, 0x000001a88d6650f8]
Event: 26077.145 Thread 0x000001a892b64d20 19728       1       java.net.InetAddress$InetAddressHolder::getAddress (5 bytes)
Event: 26077.145 Thread 0x000001a892b64d20 nmethod 19728 0x000001a88d664b10 code [0x000001a88d664ca0, 0x000001a88d664d78]
Event: 26081.339 Thread 0x000001a892b64d20 19729       1       org.eclipse.jdt.internal.compiler.ast.FakedTrackingVariable$IteratorForReporting::setUpForStage (19 bytes)
Event: 26081.340 Thread 0x000001a892b64d20 nmethod 19729 0x000001a88d664710 code [0x000001a88d6648c0, 0x000001a88d664a68]

GC Heap History (20 events):
Event: 26308.459 GC heap before
{Heap before GC invocations=2559 (full 1886):
 garbage-first heap   total 337920K, used 200382K [0x00000000c0000000, 0x0000000100000000)
  region size 1024K, 1 young (1024K), 0 survivors (0K)
 Metaspace       used 74604K, committed 75264K, reserved 1122304K
  class space    used 10269K, committed 10560K, reserved 1048576K
}
Event: 26308.695 GC heap after
{Heap after GC invocations=2560 (full 1887):
 garbage-first heap   total 337920K, used 200382K [0x00000000c0000000, 0x0000000100000000)
  region size 1024K, 0 young (0K), 0 survivors (0K)
 Metaspace       used 74604K, committed 75264K, reserved 1122304K
  class space    used 10269K, committed 10560K, reserved 1048576K
}
Event: 26318.950 GC heap before
{Heap before GC invocations=2560 (full 1887):
 garbage-first heap   total 337920K, used 200382K [0x00000000c0000000, 0x0000000100000000)
  region size 1024K, 1 young (1024K), 0 survivors (0K)
 Metaspace       used 74614K, committed 75264K, reserved 1122304K
  class space    used 10270K, committed 10560K, reserved 1048576K
}
Event: 26319.248 GC heap after
{Heap after GC invocations=2561 (full 1888):
 garbage-first heap   total 337920K, used 200396K [0x00000000c0000000, 0x0000000100000000)
  region size 1024K, 0 young (0K), 0 survivors (0K)
 Metaspace       used 74614K, committed 75264K, reserved 1122304K
  class space    used 10270K, committed 10560K, reserved 1048576K
}
Event: 26329.612 GC heap before
{Heap before GC invocations=2561 (full 1888):
 garbage-first heap   total 337920K, used 200396K [0x00000000c0000000, 0x0000000100000000)
  region size 1024K, 1 young (1024K), 0 survivors (0K)
 Metaspace       used 74614K, committed 75264K, reserved 1122304K
  class space    used 10270K, committed 10560K, reserved 1048576K
}
Event: 26329.937 GC heap after
{Heap after GC invocations=2562 (full 1889):
 garbage-first heap   total 337920K, used 200396K [0x00000000c0000000, 0x0000000100000000)
  region size 1024K, 0 young (0K), 0 survivors (0K)
 Metaspace       used 74614K, committed 75264K, reserved 1122304K
  class space    used 10270K, committed 10560K, reserved 1048576K
}
Event: 26340.269 GC heap before
{Heap before GC invocations=2562 (full 1889):
 garbage-first heap   total 337920K, used 200396K [0x00000000c0000000, 0x0000000100000000)
  region size 1024K, 1 young (1024K), 0 survivors (0K)
 Metaspace       used 74614K, committed 75264K, reserved 1122304K
  class space    used 10270K, committed 10560K, reserved 1048576K
}
Event: 26340.589 GC heap after
{Heap after GC invocations=2563 (full 1890):
 garbage-first heap   total 337920K, used 200396K [0x00000000c0000000, 0x0000000100000000)
  region size 1024K, 0 young (0K), 0 survivors (0K)
 Metaspace       used 74614K, committed 75264K, reserved 1122304K
  class space    used 10270K, committed 10560K, reserved 1048576K
}
Event: 26350.859 GC heap before
{Heap before GC invocations=2563 (full 1890):
 garbage-first heap   total 337920K, used 200396K [0x00000000c0000000, 0x0000000100000000)
  region size 1024K, 1 young (1024K), 0 survivors (0K)
 Metaspace       used 74614K, committed 75264K, reserved 1122304K
  class space    used 10270K, committed 10560K, reserved 1048576K
}
Event: 26351.142 GC heap after
{Heap after GC invocations=2564 (full 1891):
 garbage-first heap   total 337920K, used 200396K [0x00000000c0000000, 0x0000000100000000)
  region size 1024K, 0 young (0K), 0 survivors (0K)
 Metaspace       used 74614K, committed 75264K, reserved 1122304K
  class space    used 10270K, committed 10560K, reserved 1048576K
}
Event: 26361.646 GC heap before
{Heap before GC invocations=2564 (full 1891):
 garbage-first heap   total 337920K, used 200396K [0x00000000c0000000, 0x0000000100000000)
  region size 1024K, 1 young (1024K), 0 survivors (0K)
 Metaspace       used 74614K, committed 75264K, reserved 1122304K
  class space    used 10270K, committed 10560K, reserved 1048576K
}
Event: 26361.999 GC heap after
{Heap after GC invocations=2565 (full 1892):
 garbage-first heap   total 337920K, used 200396K [0x00000000c0000000, 0x0000000100000000)
  region size 1024K, 0 young (0K), 0 survivors (0K)
 Metaspace       used 74614K, committed 75264K, reserved 1122304K
  class space    used 10270K, committed 10560K, reserved 1048576K
}
Event: 26372.366 GC heap before
{Heap before GC invocations=2565 (full 1892):
 garbage-first heap   total 337920K, used 200396K [0x00000000c0000000, 0x0000000100000000)
  region size 1024K, 1 young (1024K), 0 survivors (0K)
 Metaspace       used 74614K, committed 75264K, reserved 1122304K
  class space    used 10270K, committed 10560K, reserved 1048576K
}
Event: 26372.667 GC heap after
{Heap after GC invocations=2566 (full 1893):
 garbage-first heap   total 337920K, used 200396K [0x00000000c0000000, 0x0000000100000000)
  region size 1024K, 0 young (0K), 0 survivors (0K)
 Metaspace       used 74614K, committed 75264K, reserved 1122304K
  class space    used 10270K, committed 10560K, reserved 1048576K
}
Event: 26382.982 GC heap before
{Heap before GC invocations=2566 (full 1893):
 garbage-first heap   total 337920K, used 200396K [0x00000000c0000000, 0x0000000100000000)
  region size 1024K, 1 young (1024K), 0 survivors (0K)
 Metaspace       used 74614K, committed 75264K, reserved 1122304K
  class space    used 10270K, committed 10560K, reserved 1048576K
}
Event: 26383.270 GC heap after
{Heap after GC invocations=2567 (full 1894):
 garbage-first heap   total 337920K, used 200396K [0x00000000c0000000, 0x0000000100000000)
  region size 1024K, 0 young (0K), 0 survivors (0K)
 Metaspace       used 74614K, committed 75264K, reserved 1122304K
  class space    used 10270K, committed 10560K, reserved 1048576K
}
Event: 26393.701 GC heap before
{Heap before GC invocations=2567 (full 1894):
 garbage-first heap   total 337920K, used 200396K [0x00000000c0000000, 0x0000000100000000)
  region size 1024K, 1 young (1024K), 0 survivors (0K)
 Metaspace       used 74614K, committed 75264K, reserved 1122304K
  class space    used 10270K, committed 10560K, reserved 1048576K
}
Event: 26394.170 GC heap after
{Heap after GC invocations=2568 (full 1895):
 garbage-first heap   total 337920K, used 200396K [0x00000000c0000000, 0x0000000100000000)
  region size 1024K, 0 young (0K), 0 survivors (0K)
 Metaspace       used 74614K, committed 75264K, reserved 1122304K
  class space    used 10270K, committed 10560K, reserved 1048576K
}
Event: 26404.432 GC heap before
{Heap before GC invocations=2568 (full 1895):
 garbage-first heap   total 337920K, used 200396K [0x00000000c0000000, 0x0000000100000000)
  region size 1024K, 1 young (1024K), 0 survivors (0K)
 Metaspace       used 74614K, committed 75264K, reserved 1122304K
  class space    used 10270K, committed 10560K, reserved 1048576K
}
Event: 26404.708 GC heap after
{Heap after GC invocations=2569 (full 1896):
 garbage-first heap   total 337920K, used 200396K [0x00000000c0000000, 0x0000000100000000)
  region size 1024K, 0 young (0K), 0 survivors (0K)
 Metaspace       used 74614K, committed 75264K, reserved 1122304K
  class space    used 10270K, committed 10560K, reserved 1048576K
}

Dll operation events (12 events):
Event: 0.032 Loaded shared library c:\Users\dglab\.vscode\extensions\redhat.java-1.17.0-win32-x64\jre\17.0.6-win32-x86_64\bin\java.dll
Event: 1.256 Loaded shared library C:\Users\dglab\.vscode\extensions\redhat.java-1.17.0-win32-x64\jre\17.0.6-win32-x86_64\bin\net.dll
Event: 1.267 Loaded shared library C:\Users\dglab\.vscode\extensions\redhat.java-1.17.0-win32-x64\jre\17.0.6-win32-x86_64\bin\nio.dll
Event: 2.832 Loaded shared library C:\Users\dglab\.vscode\extensions\redhat.java-1.17.0-win32-x64\jre\17.0.6-win32-x86_64\bin\zip.dll
Event: 32.906 Loaded shared library C:\Users\dglab\.vscode\extensions\redhat.java-1.17.0-win32-x64\jre\17.0.6-win32-x86_64\bin\jimage.dll
Event: 48.175 Loaded shared library C:\Users\dglab\.vscode\extensions\redhat.java-1.17.0-win32-x64\jre\17.0.6-win32-x86_64\bin\management.dll
Event: 48.192 Loaded shared library C:\Users\dglab\.vscode\extensions\redhat.java-1.17.0-win32-x64\jre\17.0.6-win32-x86_64\bin\management_ext.dll
Event: 55.078 Loaded shared library C:\Users\dglab\.vscode\extensions\redhat.java-1.17.0-win32-x64\jre\17.0.6-win32-x86_64\bin\sunmscapi.dll
Event: 75.860 Loaded shared library c:\Users\dglab\.vscode\extensions\redhat.java-1.17.0-win32-x64\jre\17.0.6-win32-x86_64\bin\verify.dll
Event: 85.145 Loaded shared library C:\Users\dglab\AppData\Local\Temp\snappy-1.1.8-c20ee43c-be1a-428a-b740-89eb5394267c-snappyjava.dll
Event: 8110.192 Loaded shared library C:\Users\dglab\.vscode\extensions\redhat.java-1.17.0-win32-x64\jre\17.0.6-win32-x86_64\bin\attach.dll
Event: 8112.270 Loaded shared library C:\Users\dglab\.vscode\extensions\redhat.java-1.17.0-win32-x64\jre\17.0.6-win32-x86_64\bin\rmi.dll

Deoptimization events (20 events):
Event: 1515.263 Thread 0x000001a8958aad60 DEOPT PACKING pc=0x000001a88ce572bb sp=0x0000001dc49fe800
Event: 1515.264 Thread 0x000001a8958aad60 DEOPT UNPACKING pc=0x000001a88b2a7143 sp=0x0000001dc49fdcd8 mode 3
Event: 1606.876 Thread 0x000001a8958a7870 DEOPT PACKING pc=0x000001a88cd7169d sp=0x0000001dc48fde90
Event: 1606.876 Thread 0x000001a8958a7870 DEOPT UNPACKING pc=0x000001a88b2a7143 sp=0x0000001dc48fd3c0 mode 3
Event: 1935.542 Thread 0x000001a895493550 DEOPT PACKING pc=0x000001a88cf3b95e sp=0x0000001dc68fd990
Event: 1935.545 Thread 0x000001a895493550 DEOPT UNPACKING pc=0x000001a88b2a7143 sp=0x0000001dc68fcea0 mode 3
Event: 2188.300 Thread 0x000001a8958a6060 DEOPT PACKING pc=0x000001a88d12ff2b sp=0x0000001dc49fe390
Event: 2188.303 Thread 0x000001a8958a6060 DEOPT UNPACKING pc=0x000001a88b2a7143 sp=0x0000001dc49fd890 mode 3
Event: 2768.575 Thread 0x000001a8954926e0 DEOPT PACKING pc=0x000001a88d188991 sp=0x0000001dc48fcdd0
Event: 2768.575 Thread 0x000001a8954926e0 DEOPT UNPACKING pc=0x000001a88b2a7143 sp=0x0000001dc48fc2a8 mode 3
Event: 3759.258 Thread 0x000001a897daa3c0 DEOPT PACKING pc=0x000001a88d426f44 sp=0x0000001dc49fe310
Event: 3759.258 Thread 0x000001a897daa3c0 DEOPT UNPACKING pc=0x000001a88b2a7143 sp=0x0000001dc49fd838 mode 3
Event: 4017.808 Thread 0x000001a8975b8b90 DEOPT PACKING pc=0x000001a88bf9ca3c sp=0x0000001dc59fdfd0
Event: 4017.809 Thread 0x000001a8975b8b90 DEOPT UNPACKING pc=0x000001a88b2a7143 sp=0x0000001dc59fd4b8 mode 0
Event: 5654.047 Thread 0x000001a8a1cc1700 DEOPT PACKING pc=0x000001a88becf6c4 sp=0x0000001dc59fb120
Event: 5654.048 Thread 0x000001a8a1cc1700 DEOPT UNPACKING pc=0x000001a88b2a7143 sp=0x0000001dc59fa500 mode 0
Event: 5677.617 Thread 0x000001a897daa3c0 DEOPT PACKING pc=0x000001a88bf8d0d9 sp=0x0000001dc67fde30
Event: 5677.618 Thread 0x000001a897daa3c0 DEOPT UNPACKING pc=0x000001a88b2a7143 sp=0x0000001dc67fd2d8 mode 3
Event: 8153.641 Thread 0x000001a8958abbd0 DEOPT PACKING pc=0x000001a88d55313d sp=0x0000001dc6cfd680
Event: 8153.643 Thread 0x000001a8958abbd0 DEOPT UNPACKING pc=0x000001a88b2a7143 sp=0x0000001dc6cfcbe8 mode 3

Classes unloaded (20 events):
Event: 26128.211 Thread 0x000001a892b0bef0 Unloading class 0x0000000100a11000 'jdk/internal/reflect/GeneratedSerializationConstructorAccessor183'
Event: 26128.211 Thread 0x000001a892b0bef0 Unloading class 0x0000000100a04400 'jdk/internal/reflect/GeneratedSerializationConstructorAccessor180'
Event: 26128.211 Thread 0x000001a892b0bef0 Unloading class 0x0000000100a04000 'jdk/internal/reflect/GeneratedSerializationConstructorAccessor179'
Event: 26128.211 Thread 0x000001a892b0bef0 Unloading class 0x0000000100a10c00 'jdk/internal/reflect/GeneratedSerializationConstructorAccessor178'
Event: 26128.211 Thread 0x000001a892b0bef0 Unloading class 0x00000001009cc400 'java/lang/invoke/LambdaForm$MH+0x00000001009cc400'
Event: 26128.211 Thread 0x000001a892b0bef0 Unloading class 0x00000001009cc000 'java/lang/invoke/LambdaForm$MH+0x00000001009cc000'
Event: 26128.211 Thread 0x000001a892b0bef0 Unloading class 0x00000001009d8400 'java/lang/invoke/LambdaForm$MH+0x00000001009d8400'
Event: 26128.211 Thread 0x000001a892b0bef0 Unloading class 0x0000000100a02000 'java/lang/invoke/LambdaForm$MH+0x0000000100a02000'
Event: 26128.211 Thread 0x000001a892b0bef0 Unloading class 0x0000000100a00400 'java/lang/invoke/LambdaForm$MH+0x0000000100a00400'
Event: 26128.211 Thread 0x000001a892b0bef0 Unloading class 0x0000000100a00000 'java/lang/invoke/LambdaForm$MH+0x0000000100a00000'
Event: 26128.211 Thread 0x000001a892b0bef0 Unloading class 0x00000001009d9c00 'java/lang/invoke/LambdaForm$MH+0x00000001009d9c00'
Event: 26128.211 Thread 0x000001a892b0bef0 Unloading class 0x0000000100a03c00 'java/lang/invoke/LambdaForm$MH+0x0000000100a03c00'
Event: 26128.211 Thread 0x000001a892b0bef0 Unloading class 0x0000000100a00c00 'java/lang/invoke/LambdaForm$MH+0x0000000100a00c00'
Event: 26128.211 Thread 0x000001a892b0bef0 Unloading class 0x00000001009d9400 'java/lang/invoke/LambdaForm$MH+0x00000001009d9400'
Event: 26128.211 Thread 0x000001a892b0bef0 Unloading class 0x00000001009d0800 'java/lang/invoke/LambdaForm$MH+0x00000001009d0800'
Event: 26128.212 Thread 0x000001a892b0bef0 Unloading class 0x00000001009c9c00 'java/lang/invoke/LambdaForm$MH+0x00000001009c9c00'
Event: 26128.212 Thread 0x000001a892b0bef0 Unloading class 0x0000000100a10000 'java/lang/invoke/LambdaForm$MH+0x0000000100a10000'
Event: 26181.916 Thread 0x000001a892b0bef0 Unloading class 0x0000000100a11400 'jdk/internal/reflect/GeneratedSerializationConstructorAccessor184'
Event: 26181.916 Thread 0x000001a892b0bef0 Unloading class 0x00000001009d0400 'jdk/internal/reflect/GeneratedSerializationConstructorAccessor182'
Event: 26181.916 Thread 0x000001a892b0bef0 Unloading class 0x00000001009d0000 'jdk/internal/reflect/GeneratedSerializationConstructorAccessor181'

Classes redefined (0 events):
No events

Internal exceptions (20 events):
Event: 26008.059 Thread 0x000001a8a20aaa40 Exception <a 'java/net/SocketException'{0x00000000d0df0468}: Socket is not connected: shutdown> (0x00000000d0df0468) 
thrown [s\src\hotspot\share\prims\jni.cpp, line 535]
Event: 26010.030 Thread 0x000001a8975b9060 Exception <a 'java/lang/NoSuchMethodError'{0x00000000d0a79d48}: static [Ljava/rmi/server/ObjID;.<clinit>()V> (0x00000000d0a79d48) 
thrown [s\src\hotspot\share\prims\jni.cpp, line 1107]
Event: 26010.042 Thread 0x000001a8975b9060 Exception <a 'java/lang/NoSuchMethodError'{0x00000000d0a95fb8}: static [B.<clinit>()V> (0x00000000d0a95fb8) 
thrown [s\src\hotspot\share\prims\jni.cpp, line 1107]
Event: 26010.093 Thread 0x000001a895490ed0 Exception <a 'java/lang/InterruptedException'{0x00000000d0abecc8}> (0x00000000d0abecc8) 
thrown [s\src\hotspot\share\runtime\objectMonitor.cpp, line 1648]
Event: 26010.223 Thread 0x000001a8975b9060 Exception <a 'java/lang/NoSuchMethodError'{0x00000000d09bf308}: static [Ljava/lang/String;.<clinit>()V> (0x00000000d09bf308) 
thrown [s\src\hotspot\share\prims\jni.cpp, line 1107]
Event: 26028.344 Thread 0x000001a8958aad60 Exception <a 'java/lang/NoSuchMethodError'{0x00000000d07bf270}: static [Ljava/lang/Object;.<clinit>()V> (0x00000000d07bf270) 
thrown [s\src\hotspot\share\prims\jni.cpp, line 1107]
Event: 26075.940 Thread 0x000001a8a20aaa40 Exception <a 'java/net/ConnectException'{0x00000000d4943320}: Connection refused: connect> (0x00000000d4943320) 
thrown [s\src\hotspot\share\prims\jni.cpp, line 535]
Event: 26075.940 Thread 0x000001a8a20aaa40 Exception <a 'java/net/SocketException'{0x00000000d4943658}: Socket is not connected: shutdown> (0x00000000d4943658) 
thrown [s\src\hotspot\share\prims\jni.cpp, line 535]
Event: 26075.940 Thread 0x000001a8a20aaa40 Exception <a 'java/net/ConnectException'{0x00000000d49441f0}: Connection refused: connect> (0x00000000d49441f0) 
thrown [s\src\hotspot\share\prims\jni.cpp, line 535]
Event: 26075.940 Thread 0x000001a8a20aaa40 Exception <a 'java/net/SocketException'{0x00000000d4944528}: Socket is not connected: shutdown> (0x00000000d4944528) 
thrown [s\src\hotspot\share\prims\jni.cpp, line 535]
Event: 26075.942 Thread 0x000001a8a20aaa40 Exception <a 'java/net/ConnectException'{0x00000000d49450d0}: Connection refused: connect> (0x00000000d49450d0) 
thrown [s\src\hotspot\share\prims\jni.cpp, line 535]
Event: 26075.942 Thread 0x000001a8a20aaa40 Exception <a 'java/net/SocketException'{0x00000000d4945408}: Socket is not connected: shutdown> (0x00000000d4945408) 
thrown [s\src\hotspot\share\prims\jni.cpp, line 535]
Event: 26075.942 Thread 0x000001a8a20aaa40 Exception <a 'java/net/ConnectException'{0x00000000d4945fa0}: Connection refused: connect> (0x00000000d4945fa0) 
thrown [s\src\hotspot\share\prims\jni.cpp, line 535]
Event: 26075.942 Thread 0x000001a8a20aaa40 Exception <a 'java/net/SocketException'{0x00000000d49462d8}: Socket is not connected: shutdown> (0x00000000d49462d8) 
thrown [s\src\hotspot\share\prims\jni.cpp, line 535]
Event: 26077.145 Thread 0x000001a8a20aaa40 Exception <a 'java/net/ConnectException'{0x00000000d49005b8}: Connection refused: connect> (0x00000000d49005b8) 
thrown [s\src\hotspot\share\prims\jni.cpp, line 535]
Event: 26077.145 Thread 0x000001a8a20aaa40 Exception <a 'java/net/SocketException'{0x00000000d49008f0}: Socket is not connected: shutdown> (0x00000000d49008f0) 
thrown [s\src\hotspot\share\prims\jni.cpp, line 535]
Event: 26077.145 Thread 0x000001a8a20aaa40 Exception <a 'java/net/ConnectException'{0x00000000d4901488}: Connection refused: connect> (0x00000000d4901488) 
thrown [s\src\hotspot\share\prims\jni.cpp, line 535]
Event: 26077.145 Thread 0x000001a8a20aaa40 Exception <a 'java/net/SocketException'{0x00000000d49017c0}: Socket is not connected: shutdown> (0x00000000d49017c0) 
thrown [s\src\hotspot\share\prims\jni.cpp, line 535]
Event: 26310.141 Thread 0x000001a895490ed0 Exception <a 'java/lang/NoSuchMethodError'{0x00000000d493d1c8}: static [Ljava/rmi/server/ObjID;.<clinit>()V> (0x00000000d493d1c8) 
thrown [s\src\hotspot\share\prims\jni.cpp, line 1107]
Event: 26310.142 Thread 0x000001a895490ed0 Exception <a 'java/lang/NoSuchMethodError'{0x00000000d4948ce0}: static [B.<clinit>()V> (0x00000000d4948ce0) 
thrown [s\src\hotspot\share\prims\jni.cpp, line 1107]

VM Operations (20 events):
Event: 26310.696 Executing VM operation: Cleanup done
Event: 26318.949 Executing VM operation: G1CollectFull
Event: 26319.248 Executing VM operation: G1CollectFull done
Event: 26329.612 Executing VM operation: G1CollectFull
Event: 26329.937 Executing VM operation: G1CollectFull done
Event: 26340.269 Executing VM operation: G1CollectFull
Event: 26340.589 Executing VM operation: G1CollectFull done
Event: 26350.859 Executing VM operation: G1CollectFull
Event: 26351.143 Executing VM operation: G1CollectFull done
Event: 26361.646 Executing VM operation: G1CollectFull
Event: 26361.999 Executing VM operation: G1CollectFull done
Event: 26372.365 Executing VM operation: G1CollectFull
Event: 26372.667 Executing VM operation: G1CollectFull done
Event: 26382.982 Executing VM operation: G1CollectFull
Event: 26383.271 Executing VM operation: G1CollectFull done
Event: 26393.700 Executing VM operation: G1CollectFull
Event: 26394.170 Executing VM operation: G1CollectFull done
Event: 26404.432 Executing VM operation: G1CollectFull
Event: 26404.708 Executing VM operation: G1CollectFull done
Event: 26415.656 Executing VM operation: G1CollectFull

Events (20 events):
Event: 25854.020 Thread 0x000001a8a20ada60 Thread exited: 0x000001a8a20ada60
Event: 25946.469 Thread 0x000001a89599df10 Thread added: 0x000001a89599df10
Event: 25972.676 Thread 0x000001a895491d40 Thread added: 0x000001a895491d40
Event: 25987.411 Thread 0x000001a897e04410 Thread added: 0x000001a897e04410
Event: 25987.412 Thread 0x000001a8a341d080 Thread added: 0x000001a8a341d080
Event: 26002.329 Thread 0x000001a895490060 Thread added: 0x000001a895490060
Event: 26008.384 Thread 0x000001a8a20ab3e0 Thread added: 0x000001a8a20ab3e0
Event: 26010.008 Thread 0x000001a895490ed0 Thread added: 0x000001a895490ed0
Event: 26010.008 Thread 0x000001a895493080 Thread added: 0x000001a895493080
Event: 26010.143 Thread 0x000001a89599e3e0 Thread added: 0x000001a89599e3e0
Event: 26028.753 Thread 0x000001a8973ca6e0 Thread added: 0x000001a8973ca6e0
Event: 26028.753 Thread 0x000001a8973cabf0 Thread added: 0x000001a8973cabf0
Event: 26029.842 Thread 0x000001a8973cabf0 Thread exited: 0x000001a8973cabf0
Event: 26029.842 Thread 0x000001a8973ca6e0 Thread exited: 0x000001a8973ca6e0
Event: 26062.519 Thread 0x000001a8a341d080 Thread exited: 0x000001a8a341d080
Event: 26062.519 Thread 0x000001a89599df10 Thread exited: 0x000001a89599df10
Event: 26077.145 Thread 0x000001a8a20aaa40 Thread exited: 0x000001a8a20aaa40
Event: 26141.354 Thread 0x000001a897e04410 Thread exited: 0x000001a897e04410
Event: 26141.355 Thread 0x000001a895491d40 Thread exited: 0x000001a895491d40
Event: 26201.355 Thread 0x000001a895490060 Thread exited: 0x000001a895490060


Dynamic libraries:
0x00007ff65c840000 - 0x00007ff65c84e000 	c:\Users\dglab\.vscode\extensions\redhat.java-1.17.0-win32-x64\jre\17.0.6-win32-x86_64\bin\java.exe
0x00007ffdf7cb0000 - 0x00007ffdf7ec4000 	C:\WINDOWS\SYSTEM32\ntdll.dll
0x00007ffdf6440000 - 0x00007ffdf6503000 	C:\WINDOWS\System32\KERNEL32.DLL
0x00007ffdf52c0000 - 0x00007ffdf565c000 	C:\WINDOWS\System32\KERNELBASE.dll
0x00007ffdf22a0000 - 0x00007ffdf2337000 	C:\WINDOWS\SYSTEM32\apphelp.dll
0x00007ffdf5700000 - 0x00007ffdf5811000 	C:\WINDOWS\System32\ucrtbase.dll
0x00007ffdda7f0000 - 0x00007ffdda809000 	c:\Users\dglab\.vscode\extensions\redhat.java-1.17.0-win32-x64\jre\17.0.6-win32-x86_64\bin\VCRUNTIME140.dll
0x00007ffddb8c0000 - 0x00007ffddb8d7000 	c:\Users\dglab\.vscode\extensions\redhat.java-1.17.0-win32-x64\jre\17.0.6-win32-x86_64\bin\jli.dll
0x00007ffdf6510000 - 0x00007ffdf66bd000 	C:\WINDOWS\System32\USER32.dll
0x00007ffdf5210000 - 0x00007ffdf5236000 	C:\WINDOWS\System32\win32u.dll
0x00007ffdf6820000 - 0x00007ffdf6849000 	C:\WINDOWS\System32\GDI32.dll
0x00007ffdf50f0000 - 0x00007ffdf5203000 	C:\WINDOWS\System32\gdi32full.dll
0x00007ffdf5660000 - 0x00007ffdf56fa000 	C:\WINDOWS\System32\msvcp_win.dll
0x00007ffddefe0000 - 0x00007ffddf26e000 	C:\WINDOWS\WinSxS\amd64_microsoft.windows.common-controls_6595b64144ccf1df_6.0.22621.608_none_a9444ca7c10bb01d\COMCTL32.dll
0x00007ffdf68a0000 - 0x00007ffdf6947000 	C:\WINDOWS\System32\msvcrt.dll
0x00007ffdf5ac0000 - 0x00007ffdf5af1000 	C:\WINDOWS\System32\IMM32.DLL
0x00007ffddfe30000 - 0x00007ffddfe3c000 	c:\Users\dglab\.vscode\extensions\redhat.java-1.17.0-win32-x64\jre\17.0.6-win32-x86_64\bin\vcruntime140_1.dll
0x00007ffdda490000 - 0x00007ffdda521000 	c:\Users\dglab\.vscode\extensions\redhat.java-1.17.0-win32-x64\jre\17.0.6-win32-x86_64\bin\msvcp140.dll
0x00007ffd6e7b0000 - 0x00007ffd6f3f7000 	c:\Users\dglab\.vscode\extensions\redhat.java-1.17.0-win32-x64\jre\17.0.6-win32-x86_64\bin\server\jvm.dll
0x00007ffdf6050000 - 0x00007ffdf60fe000 	C:\WINDOWS\System32\ADVAPI32.dll
0x00007ffdf6390000 - 0x00007ffdf6434000 	C:\WINDOWS\System32\sechost.dll
0x00007ffdf7730000 - 0x00007ffdf7845000 	C:\WINDOWS\System32\RPCRT4.dll
0x00007ffdde110000 - 0x00007ffdde119000 	C:\WINDOWS\SYSTEM32\WSOCK32.dll
0x00007ffdf7bc0000 - 0x00007ffdf7c31000 	C:\WINDOWS\System32\WS2_32.dll
0x00007ffdef110000 - 0x00007ffdef144000 	C:\WINDOWS\SYSTEM32\WINMM.dll
0x00007ffdee870000 - 0x00007ffdee87a000 	C:\WINDOWS\SYSTEM32\VERSION.dll
0x00007ffdf4110000 - 0x00007ffdf4128000 	C:\WINDOWS\SYSTEM32\kernel.appcore.dll
0x00007ffddded0000 - 0x00007ffdddeda000 	c:\Users\dglab\.vscode\extensions\redhat.java-1.17.0-win32-x64\jre\17.0.6-win32-x86_64\bin\jimage.dll
0x00007ffdf2b60000 - 0x00007ffdf2d8e000 	C:\WINDOWS\SYSTEM32\DBGHELP.DLL
0x00007ffdf5b00000 - 0x00007ffdf5e89000 	C:\WINDOWS\System32\combase.dll
0x00007ffdf66c0000 - 0x00007ffdf6797000 	C:\WINDOWS\System32\OLEAUT32.dll
0x00007ffdd9110000 - 0x00007ffdd9142000 	C:\WINDOWS\SYSTEM32\dbgcore.DLL
0x00007ffdf5240000 - 0x00007ffdf52bb000 	C:\WINDOWS\System32\bcryptPrimitives.dll
0x00007ffdc49b0000 - 0x00007ffdc49d5000 	c:\Users\dglab\.vscode\extensions\redhat.java-1.17.0-win32-x64\jre\17.0.6-win32-x86_64\bin\java.dll
0x00007ffdd7ee0000 - 0x00007ffdd7ef8000 	c:\Users\dglab\.vscode\extensions\redhat.java-1.17.0-win32-x64\jre\17.0.6-win32-x86_64\bin\zip.dll
0x00007ffdf6f40000 - 0x00007ffdf7730000 	C:\WINDOWS\System32\SHELL32.dll
0x00007ffdf30b0000 - 0x00007ffdf397e000 	C:\WINDOWS\SYSTEM32\windows.storage.dll
0x00007ffdf2f70000 - 0x00007ffdf30ae000 	C:\WINDOWS\SYSTEM32\wintypes.dll
0x00007ffdf6100000 - 0x00007ffdf61f1000 	C:\WINDOWS\System32\SHCORE.dll
0x00007ffdf69b0000 - 0x00007ffdf6a0e000 	C:\WINDOWS\System32\shlwapi.dll
0x00007ffdf5020000 - 0x00007ffdf5041000 	C:\WINDOWS\SYSTEM32\profapi.dll
0x00007ffdd7e60000 - 0x00007ffdd7e79000 	C:\Users\dglab\.vscode\extensions\redhat.java-1.17.0-win32-x64\jre\17.0.6-win32-x86_64\bin\net.dll
0x00007ffdee880000 - 0x00007ffdee9af000 	C:\WINDOWS\SYSTEM32\WINHTTP.dll
0x00007ffdf4590000 - 0x00007ffdf45f9000 	C:\WINDOWS\system32\mswsock.dll
0x00007ffdd7e30000 - 0x00007ffdd7e45000 	C:\Users\dglab\.vscode\extensions\redhat.java-1.17.0-win32-x64\jre\17.0.6-win32-x86_64\bin\nio.dll
0x00007ffdf4810000 - 0x00007ffdf482b000 	C:\WINDOWS\SYSTEM32\CRYPTSP.dll
0x00007ffdf4070000 - 0x00007ffdf40a5000 	C:\WINDOWS\system32\rsaenh.dll
0x00007ffdf46b0000 - 0x00007ffdf46d8000 	C:\WINDOWS\SYSTEM32\USERENV.dll
0x00007ffdf49d0000 - 0x00007ffdf49f8000 	C:\WINDOWS\SYSTEM32\bcrypt.dll
0x00007ffdf4830000 - 0x00007ffdf483c000 	C:\WINDOWS\SYSTEM32\CRYPTBASE.dll
0x00007ffdf3bd0000 - 0x00007ffdf3bfd000 	C:\WINDOWS\SYSTEM32\IPHLPAPI.DLL
0x00007ffdf6040000 - 0x00007ffdf6049000 	C:\WINDOWS\System32\NSI.dll
0x00007ffdee830000 - 0x00007ffdee849000 	C:\WINDOWS\SYSTEM32\dhcpcsvc6.DLL
0x00007ffdee810000 - 0x00007ffdee82f000 	C:\WINDOWS\SYSTEM32\dhcpcsvc.DLL
0x00007ffdf3c40000 - 0x00007ffdf3d33000 	C:\WINDOWS\SYSTEM32\DNSAPI.dll
0x00007ffdda730000 - 0x00007ffdda739000 	C:\Users\dglab\.vscode\extensions\redhat.java-1.17.0-win32-x64\jre\17.0.6-win32-x86_64\bin\management.dll
0x00007ffdd3760000 - 0x00007ffdd376b000 	C:\Users\dglab\.vscode\extensions\redhat.java-1.17.0-win32-x64\jre\17.0.6-win32-x86_64\bin\management_ext.dll
0x00007ffdf6030000 - 0x00007ffdf6038000 	C:\WINDOWS\System32\PSAPI.DLL
0x00007ffdda7e0000 - 0x00007ffdda7ee000 	C:\Users\dglab\.vscode\extensions\redhat.java-1.17.0-win32-x64\jre\17.0.6-win32-x86_64\bin\sunmscapi.dll
0x00007ffdf5820000 - 0x00007ffdf5986000 	C:\WINDOWS\System32\CRYPT32.dll
0x00007ffdf49a0000 - 0x00007ffdf49cd000 	C:\WINDOWS\SYSTEM32\ncrypt.dll
0x00007ffdf4960000 - 0x00007ffdf4997000 	C:\WINDOWS\SYSTEM32\NTASN1.dll
0x00007ffddb100000 - 0x00007ffddb10a000 	C:\Windows\System32\rasadhlp.dll
0x00007ffded180000 - 0x00007ffded203000 	C:\WINDOWS\System32\fwpuclnt.dll
0x00007ffddc890000 - 0x00007ffddc8a0000 	c:\Users\dglab\.vscode\extensions\redhat.java-1.17.0-win32-x64\jre\17.0.6-win32-x86_64\bin\verify.dll
0x000000006c500000 - 0x000000006c5c7000 	C:\Users\dglab\AppData\Local\Temp\snappy-1.1.8-c20ee43c-be1a-428a-b740-89eb5394267c-snappyjava.dll
0x00007ffdc49a0000 - 0x00007ffdc49a9000 	C:\Users\dglab\.vscode\extensions\redhat.java-1.17.0-win32-x64\jre\17.0.6-win32-x86_64\bin\attach.dll
0x00007ffd8e490000 - 0x00007ffd8e4a7000 	C:\WINDOWS\system32\napinsp.dll
0x00007ffd8e470000 - 0x00007ffd8e48b000 	C:\WINDOWS\system32\pnrpnsp.dll
0x00007ffd8c480000 - 0x00007ffd8c491000 	C:\WINDOWS\System32\winrnr.dll
0x00007ffdc9e10000 - 0x00007ffdc9e25000 	C:\WINDOWS\system32\wshbth.dll
0x00007ffda4a60000 - 0x00007ffda4a81000 	C:\WINDOWS\system32\nlansp_c.dll
0x00007ffdb5a70000 - 0x00007ffdb5a77000 	C:\Users\dglab\.vscode\extensions\redhat.java-1.17.0-win32-x64\jre\17.0.6-win32-x86_64\bin\rmi.dll

dbghelp: loaded successfully - version: 4.0.5 - missing functions: none
symbol engine: initialized successfully - sym options: 0x614 - pdb path: .;c:\Users\dglab\.vscode\extensions\redhat.java-1.17.0-win32-x64\jre\17.0.6-win32-x86_64\bin;C:\WINDOWS\SYSTEM32;C:\WINDOWS\WinSxS\amd64_microsoft.windows.common-controls_6595b64144ccf1df_6.0.22621.608_none_a9444ca7c10bb01d;c:\Users\dglab\.vscode\extensions\redhat.java-1.17.0-win32-x64\jre\17.0.6-win32-x86_64\bin\server;C:\Users\dglab\AppData\Local\Temp

VM Arguments:
jvm_args: -XX:+HeapDumpOnOutOfMemoryError -Xmx1024m -Dsts.lsp.client=vscode -Dsts.log.file=/dev/null -XX:TieredStopAtLevel=1 -Xlog:jni+resolve=off -Dspring.config.location=file:c:\Users\dglab\.vscode\extensions\vmware.vscode-spring-boot-1.45.0\language-server\BOOT-INF\classes\application.properties 
java_command: org.springframework.ide.vscode.boot.app.BootLanguageServerBootApp
java_class_path (initial): c:\Users\dglab\.vscode\extensions\vmware.vscode-spring-boot-1.45.0\language-server\BOOT-INF\classes;c:\Users\dglab\.vscode\extensions\vmware.vscode-spring-boot-1.45.0\language-server\BOOT-INF\lib\annotations-24.0.1.jar;c:\Users\dglab\.vscode\extensions\vmware.vscode-spring-boot-1.45.0\language-server\BOOT-INF\lib\ant-1.10.13.jar;c:\Users\dglab\.vscode\extensions\vmware.vscode-spring-boot-1.45.0\language-server\BOOT-INF\lib\ant-launcher-1.10.13.jar;c:\Users\dglab\.vscode\extensions\vmware.vscode-spring-boot-1.45.0\language-server\BOOT-INF\lib\antlr-runtime-3.5.3.jar;c:\Users\dglab\.vscode\extensions\vmware.vscode-spring-boot-1.45.0\language-server\BOOT-INF\lib\antlr4-4.11.1.jar;c:\Users\dglab\.vscode\extensions\vmware.vscode-spring-boot-1.45.0\language-server\BOOT-INF\lib\antlr4-runtime-4.11.1.jar;c:\Users\dglab\.vscode\extensions\vmware.vscode-spring-boot-1.45.0\language-server\BOOT-INF\lib\asm-9.4.jar;c:\Users\dglab\.vscode\extensions\vmware.vscode-spring-boot-1.45.0\language-server\BOOT-INF\lib\asm-analysis-9.4.jar;c:\Users\dglab\.vscode\extensions\vmware.vscode-spring-boot-1.45.0\language-server\BOOT-INF\lib\asm-tree-9.4.jar;c:\Users\dglab\.vscode\extensions\vmware.vscode-spring-boot-1.45.0\language-server\BOOT-INF\lib\asm-util-9.4.jar;c:\Users\dglab\.vscode\extensions\vmware.vscode-spring-boot-1.45.0\language-server\BOOT-INF\lib\caffeine-3.1.2.jar;c:\Users\dglab\.vscode\extensions\vmware.vscode-spring-boot-1.45.0\language-server\BOOT-INF\lib\checker-qual-3.12.0.jar;c:\Users\dglab\.vscode\extensions\vmware.vscode-spring-boot-1.45.0\language-server\BOOT-INF\lib\classgraph-4.8.149.jar;c:\Users\dglab\.vscode\extensions\vmware.vscode-spring-boot-1.45.0\language-server\BOOT-INF\lib\commons-codec-1.15.jar;c:\Users\dglab\.vscode\extensions\vmware.vscode-spring-boot-1.45.0\language-server\BOOT-INF\lib\commons-compress-1.22.jar;c:\Users\dglab\.vscode\extensions\vmware.vscode-spring-boot-1.45.0\language-server\BOOT-INF\lib\commons-io-2.4.jar;c:
Launcher Type: SUN_STANDARD

[Global flags]
     intx CICompilerCount                          = 3                                         {product} {ergonomic}
     uint ConcGCThreads                            = 1                                         {product} {ergonomic}
     uint G1ConcRefinementThreads                  = 4                                         {product} {ergonomic}
   size_t G1HeapRegionSize                         = 1048576                                   {product} {ergonomic}
    uintx GCDrainStackTargetSize                   = 64                                        {product} {ergonomic}
     bool HeapDumpOnOutOfMemoryError               = true                                   {manageable} {command line}
   size_t InitialHeapSize                          = 100663296                                 {product} {ergonomic}
   size_t MarkStackSize                            = 4194304                                   {product} {ergonomic}
   size_t MaxHeapSize                              = 1073741824                                {product} {command line}
   size_t MaxNewSize                               = 643825664                                 {product} {ergonomic}
   size_t MinHeapDeltaBytes                        = 1048576                                   {product} {ergonomic}
   size_t MinHeapSize                              = 8388608                                   {product} {ergonomic}
    uintx NonProfiledCodeHeapSize                  = 0                                      {pd product} {ergonomic}
     bool ProfileInterpreter                       = false                                  {pd product} {command line}
    uintx ProfiledCodeHeapSize                     = 0                                      {pd product} {ergonomic}
   size_t SoftMaxHeapSize                          = 1073741824                             {manageable} {ergonomic}
     intx TieredStopAtLevel                        = 1                                         {product} {command line}
     bool UseCompressedClassPointers               = true                           {product lp64_product} {ergonomic}
     bool UseCompressedOops                        = true                           {product lp64_product} {ergonomic}
     bool UseG1GC                                  = true                                      {product} {ergonomic}
     bool UseLargePagesIndividualAllocation        = false                                  {pd product} {ergonomic}

Logging:
Log output configuration:
 #0: stdout all=warning,jni+resolve=off uptime,level,tags
 #1: stderr all=off uptime,level,tags

Environment Variables:
PATH=C:\Program Files (x86)\Common Files\Oracle\Java\javapath;C:\Program Files\Rockwell Software\RSCommon;C:\Program Files\Java\jdk-11.0.13\bin;C:\Program Files\Java\jdk-13.0.2\bin;C:\ProgramData\Oracle\Java\javapath;C:\WINDOWS\system32;C:\WINDOWS;C:\WINDOWS\System32\Wbem;C:\WINDOWS\System32\WindowsPowerShell\v1.0\;C:\WINDOWS\System32\OpenSSH\;C:\Program Files\Git\cmd;C:\Program Files\apache-maven-3.6.3\bin;C:\MinGW\bin;C:\Program Files\nodejs\;C:\Program Files\mongosh-1.3.1-win32-x64\bin;C:\Users\dglab\AppData\Local\Microsoft\WindowsApps;C:\Users\dglab\AppData\Local\GitHubDesktop\bin;C:\Program Files\JetBrains\IntelliJ IDEA Community Edition 2019.3.3\bin;C:\Users\dglab\AppData\Local\Programs\Microsoft VS Code\bin;C:\Users\dglab\AppData\Local\Microsoft\WindowsApps;C:\Users\dglab\AppData\Roaming\npm;C:\Users\dglab\AppData\Local\Programs\MiKTeX\miktex\bin\x64\
USERNAME=dglab
OS=Windows_NT
PROCESSOR_IDENTIFIER=AMD64 Family 23 Model 24 Stepping 1, AuthenticAMD
TMP=C:\Users\dglab\AppData\Local\Temp
TEMP=C:\Users\dglab\AppData\Local\Temp



---------------  S Y S T E M  ---------------

OS:
 Windows 11 , 64 bit Build 22621 (10.0.22621.1344)
OS uptime: 8 days 13:09 hours
Hyper-V role detected

CPU: total 4 (initial active 4) (4 cores per cpu, 2 threads per core) family 23 model 24 stepping 1 microcode 0x0, cx8, cmov, fxsr, ht, mmx, 3dnowpref, sse, sse2, sse3, ssse3, sse4a, sse4.1, sse4.2, popcnt, lzcnt, tsc, tscinvbit, avx, avx2, aes, clmul, bmi1, bmi2, adx, sha, fma, vzeroupper, clflush, clflushopt, hv

Memory: 4k page, system-wide physical 6058M (325M free)
TotalPageFile size 18174M (AvailPageFile size 13M)
current process WorkingSet (physical memory assigned to process): 436M, peak: 687M
current process commit charge ("private bytes"): 567M, peak: 758M

vm_info: OpenJDK 64-Bit Server VM (17.0.6+10) for windows-amd64 JRE (17.0.6+10), built on Jan 18 2023 10:08:59 by "temurin" with MS VC++ 16.7 (VS2019)

END.
