#
# There is insufficient memory for the Java Runtime Environment to continue.
# Native memory allocation (malloc) failed to allocate 32744 bytes for ChunkPool::allocate
# Possible reasons:
#   The system is out of physical RAM or swap space
#   The process is running with CompressedOops enabled, and the Java Heap may be blocking the growth of the native heap
# Possible solutions:
#   Reduce memory load on the system
#   Increase physical memory or swap space
#   Check if swap backing store is full
#   Decrease Java heap size (-Xmx/-Xms)
#   Decrease number of Java threads
#   Decrease Java thread stack sizes (-Xss)
#   Set larger code cache with -XX:ReservedCodeCacheSize=
#   JVM is running with Unscaled Compressed Oops mode in which the Java heap is
#     placed in the first 4GB address space. The Java Heap base address is the
#     maximum limit for the native heap growth. Please use -XX:HeapBaseMinAddress
#     to set the Java Heap base and to place the Java Heap above 4GB virtual address.
# This output file may be truncated or incomplete.
#
#  Out of Memory Error (allocation.cpp:272), pid=15000, tid=0x0000000000004f30
#
# JRE version: Java(TM) SE Runtime Environment (8.0_202-b08) (build 1.8.0_202-b08)
# Java VM: Java HotSpot(TM) 64-Bit Server VM (25.202-b08 mixed mode windows-amd64 compressed oops)
# Failed to write core dump. Minidumps are not enabled by default on client versions of Windows
#

---------------  T H R E A D  ---------------

Current thread (0x000000001688f800):  JavaThread "C2 CompilerThread0" daemon [_thread_in_native, id=20272, stack(0x0000000017ef0000,0x0000000017ff0000)]

Stack: [0x0000000017ef0000,0x0000000017ff0000]
[error occurred during error reporting (printing stack bounds), id 0xc0000005]

Native frames: (J=compiled Java code, j=interpreted, Vv=VM code, C=native code)


Current CompileTask:
C2:   1107  468       4       com.sun.tools.javac.util.Name$Table::hashValue (36 bytes)


---------------  P R O C E S S  ---------------

Java Threads: ( => current thread )
  0x00000000168ee000 JavaThread "Service Thread" daemon [_thread_blocked, id=20304, stack(0x00000000185f0000,0x00000000186f0000)]
  0x0000000016895000 JavaThread "C1 CompilerThread2" daemon [_thread_in_native, id=21988, stack(0x00000000180f0000,0x00000000181f0000)]
  0x0000000016891800 JavaThread "C2 CompilerThread1" daemon [_thread_blocked, id=16632, stack(0x0000000017ff0000,0x00000000180f0000)]
=>0x000000001688f800 JavaThread "C2 CompilerThread0" daemon [_thread_in_native, id=20272, stack(0x0000000017ef0000,0x0000000017ff0000)]
  0x000000001688e800 JavaThread "Attach Listener" daemon [_thread_blocked, id=23596, stack(0x0000000017df0000,0x0000000017ef0000)]
  0x0000000016899000 JavaThread "Signal Dispatcher" daemon [_thread_blocked, id=11784, stack(0x0000000017cf0000,0x0000000017df0000)]
  0x0000000002f0d800 JavaThread "Finalizer" daemon [_thread_blocked, id=9856, stack(0x0000000017af0000,0x0000000017bf0000)]
  0x0000000002f02000 JavaThread "Reference Handler" daemon [_thread_blocked, id=20376, stack(0x00000000179f0000,0x0000000017af0000)]
  0x0000000002e12800 JavaThread "main" [_thread_in_Java, id=14476, stack(0x0000000002c30000,0x0000000002d30000)]

Other Threads:
  0x0000000016858000 VMThread [stack: 0x00000000178f0000,0x00000000179f0000] [id=8344]
  0x0000000018243800 WatcherThread [stack: 0x00000000186f0000,0x00000000187f0000] [id=1312]

VM state:not at safepoint (normal execution)

VM Mutex/Monitor currently owned by a thread: None

heap address: 0x00000000a1400000, size: 1516 MB, Compressed Oops mode: 32-bit
Narrow klass base: 0x0000000000000000, Narrow klass shift: 3
Compressed class space size: 1073741824 Address: 0x0000000100000000

Heap:
 PSYoungGen      total 13824K, used 9195K [0x00000000e0700000, 0x00000000e1600000, 0x0000000100000000)
  eden space 12288K, 72% used [0x00000000e0700000,0x00000000e0fc1f60,0x00000000e1300000)
  from space 1536K, 14% used [0x00000000e1480000,0x00000000e14b8e58,0x00000000e1600000)
  to   space 1536K, 0% used [0x00000000e1300000,0x00000000e1300000,0x00000000e1480000)
 ParOldGen       total 5632K, used 1960K [0x00000000a1400000, 0x00000000a1980000, 0x00000000e0700000)
  object space 5632K, 34% used [0x00000000a1400000,0x00000000a15ea000,0x00000000a1980000)
 Metaspace       used 7214K, capacity 8116K, committed 8448K, reserved 1056768K
  class space    used 886K, capacity 944K, committed 1024K, reserved 1048576K

Card table byte_map: [0x0000000012390000,0x0000000012690000] byte_map_base: 0x0000000011e86000

Marking Bits: (ParMarkBitMap*) 0x0000000067fa5ce0
 Begin Bits: [0x0000000012c90000, 0x0000000014440000)
 End Bits:   [0x0000000014440000, 0x0000000015bf0000)

Polling page: 0x0000000001470000

CodeCache: size=245760Kb used=2323Kb max_used=2323Kb free=243436Kb
 bounds [0x0000000002fd0000, 0x0000000003240000, 0x0000000011fd0000]
 total_blobs=740 nmethods=454 adapters=200
 compilation: enabled

Compilation events (10 events):
Event: 1.084 Thread 0x0000000016895000  442       3       com.sun.tools.javac.parser.Scanner::token (30 bytes)
Event: 1.085 Thread 0x0000000016895000 nmethod 442 0x00000000031f7850 code [0x00000000031f79e0, 0x00000000031f7d78]
Event: 1.085 Thread 0x0000000016895000  447   !   3       com.sun.tools.javac.parser.JavaTokenizer::readToken (2243 bytes)
Event: 1.089 Thread 0x0000000016891800  452       4       com.sun.tools.javac.parser.UnicodeReader::scanChar (45 bytes)
Event: 1.090 Thread 0x0000000016891800 nmethod 452 0x00000000031f5e10 code [0x00000000031f5f60, 0x00000000031f6038]
Event: 1.096 Thread 0x000000001688f800  461       4       com.sun.tools.javac.parser.UnicodeReader::putChar (10 bytes)
Event: 1.098 Thread 0x0000000016891800  464       4       com.sun.tools.javac.parser.UnicodeReader::putChar (41 bytes)
Event: 1.099 Thread 0x000000001688f800 nmethod 461 0x00000000031fddd0 code [0x00000000031fdf20, 0x00000000031fe098]
Event: 1.101 Thread 0x0000000016891800 nmethod 464 0x00000000031fd950 code [0x00000000031fdaa0, 0x00000000031fdc18]
Event: 1.103 Thread 0x000000001688f800  468       4       com.sun.tools.javac.util.Name$Table::hashValue (36 bytes)

GC Heap History (10 events):
Event: 0.629 GC heap before
{Heap before GC invocations=4 (full 0):
 PSYoungGen      total 3584K, used 3552K [0x00000000e0700000, 0x00000000e0e00000, 0x0000000100000000)
  eden space 3072K, 100% used [0x00000000e0700000,0x00000000e0a00000,0x00000000e0a00000)
  from space 512K, 93% used [0x00000000e0a00000,0x00000000e0a78020,0x00000000e0a80000)
  to   space 512K, 0% used [0x00000000e0d80000,0x00000000e0d80000,0x00000000e0e00000)
 ParOldGen       total 5632K, used 576K [0x00000000a1400000, 0x00000000a1980000, 0x00000000e0700000)
  object space 5632K, 10% used [0x00000000a1400000,0x00000000a1490050,0x00000000a1980000)
 Metaspace       used 6006K, capacity 7244K, committed 7552K, reserved 1056768K
  class space    used 753K, capacity 776K, committed 896K, reserved 1048576K
Event: 0.631 GC heap after
Heap after GC invocations=4 (full 0):
 PSYoungGen      total 6656K, used 480K [0x00000000e0700000, 0x00000000e0e00000, 0x0000000100000000)
  eden space 6144K, 0% used [0x00000000e0700000,0x00000000e0700000,0x00000000e0d00000)
  from space 512K, 93% used [0x00000000e0d80000,0x00000000e0df8020,0x00000000e0e00000)
  to   space 512K, 0% used [0x00000000e0d00000,0x00000000e0d00000,0x00000000e0d80000)
 ParOldGen       total 5632K, used 916K [0x00000000a1400000, 0x00000000a1980000, 0x00000000e0700000)
  object space 5632K, 16% used [0x00000000a1400000,0x00000000a14e5060,0x00000000a1980000)
 Metaspace       used 6006K, capacity 7244K, committed 7552K, reserved 1056768K
  class space    used 753K, capacity 776K, committed 896K, reserved 1048576K
}
Event: 0.792 GC heap before
{Heap before GC invocations=5 (full 0):
 PSYoungGen      total 6656K, used 6607K [0x00000000e0700000, 0x00000000e0e00000, 0x0000000100000000)
  eden space 6144K, 99% used [0x00000000e0700000,0x00000000e0cfbc30,0x00000000e0d00000)
  from space 512K, 93% used [0x00000000e0d80000,0x00000000e0df8020,0x00000000e0e00000)
  to   space 512K, 0% used [0x00000000e0d00000,0x00000000e0d00000,0x00000000e0d80000)
 ParOldGen       total 5632K, used 916K [0x00000000a1400000, 0x00000000a1980000, 0x00000000e0700000)
  object space 5632K, 16% used [0x00000000a1400000,0x00000000a14e5060,0x00000000a1980000)
 Metaspace       used 6783K, capacity 7796K, committed 8064K, reserved 1056768K
  class space    used 847K, capacity 880K, committed 896K, reserved 1048576K
Event: 0.797 GC heap after
Heap after GC invocations=5 (full 0):
 PSYoungGen      total 6656K, used 480K [0x00000000e0700000, 0x00000000e1600000, 0x0000000100000000)
  eden space 6144K, 0% used [0x00000000e0700000,0x00000000e0700000,0x00000000e0d00000)
  from space 512K, 93% used [0x00000000e0d00000,0x00000000e0d78020,0x00000000e0d80000)
  to   space 1536K, 0% used [0x00000000e1480000,0x00000000e1480000,0x00000000e1600000)
 ParOldGen       total 5632K, used 1559K [0x00000000a1400000, 0x00000000a1980000, 0x00000000e0700000)
  object space 5632K, 27% used [0x00000000a1400000,0x00000000a1585dc8,0x00000000a1980000)
 Metaspace       used 6783K, capacity 7796K, committed 8064K, reserved 1056768K
  class space    used 847K, capacity 880K, committed 896K, reserved 1048576K
}
Event: 0.800 GC heap before
{Heap before GC invocations=6 (full 0):
 PSYoungGen      total 6656K, used 6619K [0x00000000e0700000, 0x00000000e1600000, 0x0000000100000000)
  eden space 6144K, 99% used [0x00000000e0700000,0x00000000e0cfece8,0x00000000e0d00000)
  from space 512K, 93% used [0x00000000e0d00000,0x00000000e0d78020,0x00000000e0d80000)
  to   space 1536K, 0% used [0x00000000e1480000,0x00000000e1480000,0x00000000e1600000)
 ParOldGen       total 5632K, used 1559K [0x00000000a1400000, 0x00000000a1980000, 0x00000000e0700000)
  object space 5632K, 27% used [0x00000000a1400000,0x00000000a1585dc8,0x00000000a1980000)
 Metaspace       used 6786K, capacity 7796K, committed 8064K, reserved 1056768K
  class space    used 847K, capacity 880K, committed 896K, reserved 1048576K
Event: 0.801 GC heap after
Heap after GC invocations=6 (full 0):
 PSYoungGen      total 13824K, used 547K [0x00000000e0700000, 0x00000000e1600000, 0x0000000100000000)
  eden space 12288K, 0% used [0x00000000e0700000,0x00000000e0700000,0x00000000e1300000)
  from space 1536K, 35% used [0x00000000e1480000,0x00000000e1508eb8,0x00000000e1600000)
  to   space 1536K, 0% used [0x00000000e1300000,0x00000000e1300000,0x00000000e1480000)
 ParOldGen       total 5632K, used 1567K [0x00000000a1400000, 0x00000000a1980000, 0x00000000e0700000)
  object space 5632K, 27% used [0x00000000a1400000,0x00000000a1587dc8,0x00000000a1980000)
 Metaspace       used 6786K, capacity 7796K, committed 8064K, reserved 1056768K
  class space    used 847K, capacity 880K, committed 896K, reserved 1048576K
}
Event: 0.817 GC heap before
{Heap before GC invocations=7 (full 0):
 PSYoungGen      total 13824K, used 12827K [0x00000000e0700000, 0x00000000e1600000, 0x0000000100000000)
  eden space 12288K, 99% used [0x00000000e0700000,0x00000000e12fde68,0x00000000e1300000)
  from space 1536K, 35% used [0x00000000e1480000,0x00000000e1508eb8,0x00000000e1600000)
  to   space 1536K, 0% used [0x00000000e1300000,0x00000000e1300000,0x00000000e1480000)
 ParOldGen       total 5632K, used 1567K [0x00000000a1400000, 0x00000000a1980000, 0x00000000e0700000)
  object space 5632K, 27% used [0x00000000a1400000,0x00000000a1587dc8,0x00000000a1980000)
 Metaspace       used 6787K, capacity 7796K, committed 8064K, reserved 1056768K
  class space    used 847K, capacity 880K, committed 896K, reserved 1048576K
Event: 0.818 GC heap after
Heap after GC invocations=7 (full 0):
 PSYoungGen      total 13824K, used 406K [0x00000000e0700000, 0x00000000e1600000, 0x0000000100000000)
  eden space 12288K, 0% used [0x00000000e0700000,0x00000000e0700000,0x00000000e1300000)
  from space 1536K, 26% used [0x00000000e1300000,0x00000000e1365830,0x00000000e1480000)
  to   space 1536K, 0% used [0x00000000e1480000,0x00000000e1480000,0x00000000e1600000)
 ParOldGen       total 5632K, used 1739K [0x00000000a1400000, 0x00000000a1980000, 0x00000000e0700000)
  object space 5632K, 30% used [0x00000000a1400000,0x00000000a15b2ff0,0x00000000a1980000)
 Metaspace       used 6787K, capacity 7796K, committed 8064K, reserved 1056768K
  class space    used 847K, capacity 880K, committed 896K, reserved 1048576K
}
Event: 0.823 GC heap before
{Heap before GC invocations=8 (full 0):
 PSYoungGen      total 13824K, used 12662K [0x00000000e0700000, 0x00000000e1600000, 0x0000000100000000)
  eden space 12288K, 99% used [0x00000000e0700000,0x00000000e12f8298,0x00000000e1300000)
  from space 1536K, 26% used [0x00000000e1300000,0x00000000e1365830,0x00000000e1480000)
  to   space 1536K, 0% used [0x00000000e1480000,0x00000000e1480000,0x00000000e1600000)
 ParOldGen       total 5632K, used 1739K [0x00000000a1400000, 0x00000000a1980000, 0x00000000e0700000)
  object space 5632K, 30% used [0x00000000a1400000,0x00000000a15b2ff0,0x00000000a1980000)
 Metaspace       used 6787K, capacity 7796K, committed 8064K, reserved 1056768K
  class space    used 847K, capacity 880K, committed 896K, reserved 1048576K
Event: 0.824 GC heap after
Heap after GC invocations=8 (full 0):
 PSYoungGen      total 13824K, used 227K [0x00000000e0700000, 0x00000000e1600000, 0x0000000100000000)
  eden space 12288K, 0% used [0x00000000e0700000,0x00000000e0700000,0x00000000e1300000)
  from space 1536K, 14% used [0x00000000e1480000,0x00000000e14b8e58,0x00000000e1600000)
  to   space 1536K, 0% used [0x00000000e1300000,0x00000000e1300000,0x00000000e1480000)
 ParOldGen       total 5632K, used 1960K [0x00000000a1400000, 0x00000000a1980000, 0x00000000e0700000)
  object space 5632K, 34% used [0x00000000a1400000,0x00000000a15ea000,0x00000000a1980000)
 Metaspace       used 6787K, capacity 7796K, committed 8064K, reserved 1056768K
  class space    used 847K, capacity 880K, committed 896K, reserved 1048576K
}

Deoptimization events (9 events):
Event: 0.799 Thread 0x0000000002e12800 Uncommon trap: reason=unstable_if action=reinterpret pc=0x00000000031c8604 method=java.util.jar.Manifest$FastInputStream.readLine([BII)I @ 87
Event: 0.837 Thread 0x0000000002e12800 Uncommon trap: reason=unstable_if action=reinterpret pc=0x00000000031be9fc method=sun.nio.cs.UTF_8$Decoder.decode([BII[C)I @ 30
Event: 0.960 Thread 0x0000000002e12800 Uncommon trap: reason=unstable_if action=reinterpret pc=0x0000000003162b1c method=java.lang.String.replace(CC)Ljava/lang/String; @ 26
Event: 0.981 Thread 0x0000000002e12800 Uncommon trap: reason=class_check action=maybe_recompile pc=0x000000000317fad8 method=sun.misc.URLClassPath.getLoader(I)Lsun/misc/URLClassPath$Loader; @ 94
Event: 1.002 Thread 0x0000000002e12800 Uncommon trap: reason=unstable_if action=reinterpret pc=0x00000000031974a4 method=java.lang.String.<init>([CII)V @ 18
Event: 1.002 Thread 0x0000000002e12800 Uncommon trap: reason=unstable_if action=reinterpret pc=0x000000000310e848 method=java.lang.String.startsWith(Ljava/lang/String;I)Z @ 25
Event: 1.002 Thread 0x0000000002e12800 Uncommon trap: reason=unstable_if action=reinterpret pc=0x000000000318ed24 method=java.lang.String.indexOf([CII[CIII)I @ 134
Event: 1.002 Thread 0x0000000002e12800 Uncommon trap: reason=unloaded action=reinterpret pc=0x0000000003196090 method=sun.misc.URLClassPath$JarLoader.getResource(Ljava/lang/String;Z)Lsun/misc/Resource; @ 67
Event: 1.037 Thread 0x0000000002e12800 Uncommon trap: reason=class_check action=maybe_recompile pc=0x000000000317fad8 method=sun.misc.URLClassPath.getLoader(I)Lsun/misc/URLClassPath$Loader; @ 94

Classes redefined (0 events):
No events

Internal exceptions (8 events):
Event: 0.049 Thread 0x0000000002e12800 Exception <a 'java/lang/NoSuchMethodError': Method sun.misc.Unsafe.defineClass(Ljava/lang/String;[BII)Ljava/lang/Class; name or signature does not match> (0x00000000e0707cd8) thrown at [C:\re\workspace\8-2-build-windows-amd64-cygwin\jdk8u202\12323\hotspot
Event: 0.049 Thread 0x0000000002e12800 Exception <a 'java/lang/NoSuchMethodError': Method sun.misc.Unsafe.prefetchRead(Ljava/lang/Object;J)V name or signature does not match> (0x00000000e0707fc0) thrown at [C:\re\workspace\8-2-build-windows-amd64-cygwin\jdk8u202\12323\hotspot\src\share\vm\prim
Event: 0.185 Thread 0x0000000002e12800 Exception <a 'java/security/PrivilegedActionException'> (0x00000000e0865110) thrown at [C:\re\workspace\8-2-build-windows-amd64-cygwin\jdk8u202\12323\hotspot\src\share\vm\prims\jvm.cpp, line 1502]
Event: 0.185 Thread 0x0000000002e12800 Exception <a 'java/security/PrivilegedActionException'> (0x00000000e0865508) thrown at [C:\re\workspace\8-2-build-windows-amd64-cygwin\jdk8u202\12323\hotspot\src\share\vm\prims\jvm.cpp, line 1502]
Event: 0.185 Thread 0x0000000002e12800 Exception <a 'java/security/PrivilegedActionException'> (0x00000000e0869600) thrown at [C:\re\workspace\8-2-build-windows-amd64-cygwin\jdk8u202\12323\hotspot\src\share\vm\prims\jvm.cpp, line 1502]
Event: 0.185 Thread 0x0000000002e12800 Exception <a 'java/security/PrivilegedActionException'> (0x00000000e08699f8) thrown at [C:\re\workspace\8-2-build-windows-amd64-cygwin\jdk8u202\12323\hotspot\src\share\vm\prims\jvm.cpp, line 1502]
Event: 0.193 Thread 0x0000000002e12800 Exception <a 'java/security/PrivilegedActionException'> (0x00000000e07131f0) thrown at [C:\re\workspace\8-2-build-windows-amd64-cygwin\jdk8u202\12323\hotspot\src\share\vm\prims\jvm.cpp, line 1502]
Event: 0.193 Thread 0x0000000002e12800 Exception <a 'java/security/PrivilegedActionException'> (0x00000000e07135e8) thrown at [C:\re\workspace\8-2-build-windows-amd64-cygwin\jdk8u202\12323\hotspot\src\share\vm\prims\jvm.cpp, line 1502]

Events (10 events):
Event: 1.077 loading class com/sun/tools/javac/util/Position$LineMapImpl
Event: 1.077 loading class com/sun/tools/javac/util/Position$LineMapImpl done
Event: 1.078 loading class com/sun/tools/javac/util/Position$LineMap
Event: 1.078 loading class com/sun/tools/javac/util/Position$LineMap done
Event: 1.078 loading class com/sun/tools/javac/util/Position$LineTabMapImpl
Event: 1.078 loading class com/sun/tools/javac/util/Position$LineTabMapImpl done
Event: 1.080 loading class com/sun/tools/javac/parser/JavaTokenizer$BasicComment
Event: 1.080 loading class com/sun/tools/javac/parser/JavaTokenizer$BasicComment done
Event: 1.094 loading class com/sun/tools/javac/code/BoundKind
Event: 1.094 loading class com/sun/tools/javac/code/BoundKind done


Dynamic libraries:
0x00007ff68aeb0000 - 0x00007ff68aeb7000 	C:\Program Files\Java\jdk1.8.0_202\bin\javac.exe
0x00007ffbda4d0000 - 0x00007ffbda6e4000 	C:\WINDOWS\SYSTEM32\ntdll.dll
0x00007ffbd9130000 - 0x00007ffbd91f2000 	C:\WINDOWS\System32\KERNEL32.DLL
0x00007ffbd7ab0000 - 0x00007ffbd7e53000 	C:\WINDOWS\System32\KERNELBASE.dll
0x0000000068110000 - 0x00000000681e2000 	C:\Program Files\Java\jdk1.8.0_202\bin\MSVCR100.dll
0x00007ffbac080000 - 0x00007ffbac0af000 	C:\Program Files\Java\jdk1.8.0_202\bin\jli.dll
0x00007ffbd9a80000 - 0x00007ffbd9b2e000 	C:\WINDOWS\System32\ADVAPI32.dll
0x00007ffbd9080000 - 0x00007ffbd9127000 	C:\WINDOWS\System32\msvcrt.dll
0x00007ffbd9ce0000 - 0x00007ffbd9d84000 	C:\WINDOWS\System32\sechost.dll
0x00007ffbda170000 - 0x00007ffbda287000 	C:\WINDOWS\System32\RPCRT4.dll
0x00007ffbd9d90000 - 0x00007ffbd9f3b000 	C:\WINDOWS\System32\USER32.dll
0x00007ffbd7f50000 - 0x00007ffbd7f76000 	C:\WINDOWS\System32\win32u.dll
0x00007ffbd9500000 - 0x00007ffbd9529000 	C:\WINDOWS\System32\GDI32.dll
0x00007ffbd81b0000 - 0x00007ffbd82c8000 	C:\WINDOWS\System32\gdi32full.dll
0x00007ffbd7a10000 - 0x00007ffbd7aaa000 	C:\WINDOWS\System32\msvcp_win.dll
0x00007ffbd78f0000 - 0x00007ffbd7a01000 	C:\WINDOWS\System32\ucrtbase.dll
0x00007ffbc2f60000 - 0x00007ffbc31ee000 	C:\WINDOWS\WinSxS\amd64_microsoft.windows.common-controls_6595b64144ccf1df_6.0.22621.1635_none_270f70857386168e\COMCTL32.dll
0x00007ffbd9440000 - 0x00007ffbd9471000 	C:\WINDOWS\System32\IMM32.DLL
0x0000000068030000 - 0x0000000068102000 	C:\Program Files\Java\jdk1.8.0_202\jre\bin\msvcr100.dll
0x0000000067780000 - 0x0000000068025000 	C:\Program Files\Java\jdk1.8.0_202\jre\bin\server\jvm.dll
0x00007ffbd9270000 - 0x00007ffbd9278000 	C:\WINDOWS\System32\PSAPI.DLL
0x00007ffbcf9e0000 - 0x00007ffbcfa14000 	C:\WINDOWS\SYSTEM32\WINMM.dll
0x00007ffbb2090000 - 0x00007ffbb2099000 	C:\WINDOWS\SYSTEM32\WSOCK32.dll
0x00007ffbd8380000 - 0x00007ffbd83f1000 	C:\WINDOWS\System32\WS2_32.dll
0x00007ffbcf5e0000 - 0x00007ffbcf5ea000 	C:\WINDOWS\SYSTEM32\VERSION.dll
0x00007ffbba160000 - 0x00007ffbba16f000 	C:\Program Files\Java\jdk1.8.0_202\jre\bin\verify.dll
0x00007ffb9e800000 - 0x00007ffb9e829000 	C:\Program Files\Java\jdk1.8.0_202\jre\bin\java.dll
0x00007ffb9e550000 - 0x00007ffb9e566000 	C:\Program Files\Java\jdk1.8.0_202\jre\bin\zip.dll
0x00007ffbd8400000 - 0x00007ffbd8bfa000 	C:\WINDOWS\System32\SHELL32.dll
0x00007ffbd58a0000 - 0x00007ffbd616e000 	C:\WINDOWS\SYSTEM32\windows.storage.dll
0x00007ffbd9670000 - 0x00007ffbd99f9000 	C:\WINDOWS\System32\combase.dll
0x00007ffbd5760000 - 0x00007ffbd589e000 	C:\WINDOWS\SYSTEM32\wintypes.dll
0x00007ffbd9b30000 - 0x00007ffbd9c21000 	C:\WINDOWS\System32\SHCORE.dll
0x00007ffbd9a00000 - 0x00007ffbd9a5e000 	C:\WINDOWS\System32\shlwapi.dll
0x00007ffbd7820000 - 0x00007ffbd7841000 	C:\WINDOWS\SYSTEM32\profapi.dll

VM Arguments:
jvm_args: -Dapplication.home=C:\Program Files\Java\jdk1.8.0_202 -Xms8m 
java_command: com.sun.tools.javac.Main @C:/Users/dglab/AppData/Local/Temp/org.codehaus.plexus.compiler.javac.JavacCompiler6603473907269133517arguments
java_class_path (initial): C:\Program Files\Java\jdk1.8.0_202/lib/tools.jar;C:\Program Files\Java\jdk1.8.0_202/classes
Launcher Type: SUN_STANDARD

Environment Variables:
PATH=C:\Program Files (x86)\Common Files\Oracle\Java\javapath;C:\Program Files\Rockwell Software\RSCommon;C:\Program Files\Java\jdk-11.0.13\bin;C:\Program Files\Java\jdk-13.0.2\bin;C:\ProgramData\Oracle\Java\javapath;C:\WINDOWS\system32;C:\WINDOWS;C:\WINDOWS\System32\Wbem;C:\WINDOWS\System32\WindowsPowerShell\v1.0\;C:\WINDOWS\System32\OpenSSH\;C:\Program Files\Git\cmd;C:\Program Files\apache-maven-3.6.3\bin;C:\MinGW\bin;C:\Program Files\nodejs\;C:\Program Files\mongosh-1.3.1-win32-x64\bin;C:\Program Files\Docker\Docker\resources\bin;C:\Users\dglab\AppData\Local\Programs\Python\Python311\Scripts\;C:\Users\dglab\AppData\Local\Programs\Python\Python311\;C:\Users\dglab\AppData\Local\Microsoft\WindowsApps;C:\Users\dglab\AppData\Local\GitHubDesktop\bin;C:\Program Files\JetBrains\IntelliJ IDEA Community Edition 2019.3.3\bin;C:\Users\dglab\AppData\Local\Programs\Microsoft VS Code\bin;C:\Users\dglab\AppData\Local\Microsoft\WindowsApps;C:\Users\dglab\AppData\Roaming\npm;C:\Users\dglab\AppData\Local\Programs\MiKTeX\miktex\bin\x64\
USERNAME=dglab
OS=Windows_NT
PROCESSOR_IDENTIFIER=AMD64 Family 23 Model 24 Stepping 1, AuthenticAMD



---------------  S Y S T E M  ---------------

OS: Windows 10.0 , 64 bit Build 22621 (10.0.22621.1635)

CPU:total 4 (initial active 4) (4 cores per cpu, 1 threads per core) family 23 model 24 stepping 1, cmov, cx8, fxsr, mmx, sse, sse2, sse3, ssse3, sse4.1, sse4.2, popcnt, avx, avx2, aes, clmul, mmxext, 3dnowpref, lzcnt, sse4a, tsc, tscinvbit, tscinv, bmi1

Memory: 4k page, physical 6203572k(414512k free), swap 14322992k(3688k free)

vm_info: Java HotSpot(TM) 64-Bit Server VM (25.202-b08) for windows-amd64 JRE (1.8.0_202-b08), built on Dec 15 2018 19:54:30 by "java_re" with MS VC++ 10.0 (VS2010)

time: Mon May 29 19:21:14 2023
timezone: Argentina Standard Time
elapsed time: 1 seconds (0d 0h 0m 1s)

